<?xml version="1.0" encoding="UTF-8"?>
<!-- Generated by org.testng.reporters.JUnitReportReporter -->
<testsuite hostname="boombox" name="gov.nasa.jpf.constraints.parser.ParserTest" tests="1" failures="0" timestamp="24 Oct 2018 18:07:47 GMT" time="0.030" errors="0">
  <testcase name="testParser" time="0.030" classname="gov.nasa.jpf.constraints.parser.ParserTest"/>
</testsuite> <!-- gov.nasa.jpf.constraints.parser.ParserTest -->
