<?xml version="1.0" encoding="UTF-8"?>
<!-- Generated by org.testng.reporters.JUnitReportReporter -->
<testsuite hostname="boombox" name="gov.nasa.jpf.constraints.expressions.functions.math.IntegerFunctionTest" tests="1" failures="0" timestamp="24 Oct 2018 18:07:47 GMT" time="0.001" errors="0">
  <testcase name="testIntegerFunction" time="0.001" classname="gov.nasa.jpf.constraints.expressions.functions.math.IntegerFunctionTest"/>
</testsuite> <!-- gov.nasa.jpf.constraints.expressions.functions.math.IntegerFunctionTest -->
