<?xml version="1.0" encoding="UTF-8"?>
<!-- Generated by org.testng.reporters.JUnitReportReporter -->
<testsuite hostname="boombox" name="gov.nasa.jpf.constraints.expressions.functions.math.FunctionAxiomsTest" tests="4" failures="0" timestamp="24 Oct 2018 18:07:47 GMT" time="0.014" errors="0">
  <testcase name="testAtan2" time="0.003" classname="gov.nasa.jpf.constraints.expressions.functions.math.FunctionAxiomsTest"/>
  <testcase name="testLogExp" time="0.001" classname="gov.nasa.jpf.constraints.expressions.functions.math.FunctionAxiomsTest"/>
  <testcase name="printAxiomsSin" time="0.008" classname="gov.nasa.jpf.constraints.expressions.functions.math.FunctionAxiomsTest"/>
  <testcase name="testSqrt" time="0.002" classname="gov.nasa.jpf.constraints.expressions.functions.math.FunctionAxiomsTest"/>
</testsuite> <!-- gov.nasa.jpf.constraints.expressions.functions.math.FunctionAxiomsTest -->
