<?xml version="1.0" encoding="UTF-8"?>
<!-- Generated by org.testng.reporters.JUnitReportReporter -->
<testsuite hostname="boombox" name="gov.nasa.jpf.constraints.expressions.IfThenElseTest" tests="1" failures="0" timestamp="24 Oct 2018 18:07:47 GMT" time="0.002" errors="0">
  <testcase name="testIfThenElse" time="0.002" classname="gov.nasa.jpf.constraints.expressions.IfThenElseTest"/>
</testsuite> <!-- gov.nasa.jpf.constraints.expressions.IfThenElseTest -->
