<?xml version="1.0" encoding="UTF-8"?>
<!-- Generated by org.testng.reporters.JUnitReportReporter -->
<testsuite hostname="boombox" name="gov.nasa.jpf.constraints.expressions.PrintTest" tests="2" failures="0" timestamp="24 Oct 2018 18:07:47 GMT" time="0.000" errors="0">
  <testcase name="testMalformedPrint" time="0.000" classname="gov.nasa.jpf.constraints.expressions.PrintTest"/>
  <testcase name="testPrint" time="0.000" classname="gov.nasa.jpf.constraints.expressions.PrintTest"/>
</testsuite> <!-- gov.nasa.jpf.constraints.expressions.PrintTest -->
