<?xml version="1.0" encoding="UTF-8"?>
<testsuite name="gov.nasa.jpf.vm.AnnotationInfoTest" tests="2" skipped="0" failures="0" errors="0" timestamp="2018-10-23T18:34:58" hostname="boombox" time="0.012">
  <properties/>
  <testcase name="testStringDefaultValue" classname="gov.nasa.jpf.vm.AnnotationInfoTest" time="0.012"/>
  <testcase name="testIntArrayDefaultValue" classname="gov.nasa.jpf.vm.AnnotationInfoTest" time="0.0"/>
  <system-out><![CDATA[]]></system-out>
  <system-err><![CDATA[]]></system-err>
</testsuite>
