<?xml version="1.0" encoding="UTF-8"?>
<testsuite name="gov.nasa.jpf.test.mc.threads.DeadlockTest" tests="8" skipped="0" failures="0" errors="0" timestamp="2018-10-23T18:35:41" hostname="boombox" time="0.672">
  <properties/>
  <testcase name="testMissedSignalDeadlock" classname="gov.nasa.jpf.test.mc.threads.DeadlockTest" time="0.277"/>
  <testcase name="testSimpleMissedSignal" classname="gov.nasa.jpf.test.mc.threads.DeadlockTest" time="0.072"/>
  <testcase name="testTerminationDeadlock" classname="gov.nasa.jpf.test.mc.threads.DeadlockTest" time="0.061"/>
  <testcase name="testNestedMonitorLockoutDeadlock" classname="gov.nasa.jpf.test.mc.threads.DeadlockTest" time="0.043"/>
  <testcase name="testSyncBlockDeadlock" classname="gov.nasa.jpf.test.mc.threads.DeadlockTest" time="0.051"/>
  <testcase name="testLockOrderDeadlock" classname="gov.nasa.jpf.test.mc.threads.DeadlockTest" time="0.072"/>
  <testcase name="testMixedDeadlock" classname="gov.nasa.jpf.test.mc.threads.DeadlockTest" time="0.053"/>
  <testcase name="testSyncMthDeadlock" classname="gov.nasa.jpf.test.mc.threads.DeadlockTest" time="0.042"/>
  <system-out><![CDATA[  running jpf with args:
JavaPathfinder core system v8.0 (rev 28c066f86c2cd268b8c9b9959161e3d07c6146c6) - (C) 2005-2014 United States Government. All rights reserved.


====================================================== system under test
gov.nasa.jpf.test.mc.threads.DeadlockTest.runTestMethod()

====================================================== search started: 23/10/18 19:35

====================================================== error 1
gov.nasa.jpf.vm.NotDeadlockedProperty
deadlock encountered:
  thread gov.nasa.jpf.test.mc.threads.DeadlockTest$FirstTask:{id:1,name:Thread-1,status:WAITING,priority:5,isDaemon:false,lockCount:1,suspendCount:0}
  thread gov.nasa.jpf.test.mc.threads.DeadlockTest$SecondTask:{id:2,name:Thread-2,status:WAITING,priority:5,isDaemon:false,lockCount:1,suspendCount:0}


====================================================== snapshot #1
thread gov.nasa.jpf.test.mc.threads.DeadlockTest$FirstTask:{id:1,name:Thread-1,status:WAITING,priority:5,isDaemon:false,lockCount:1,suspendCount:0}
  waiting on: gov.nasa.jpf.test.mc.threads.DeadlockTest$Event@186
  call stack:
	at java.lang.Object.wait(Object.java)
	at gov.nasa.jpf.test.mc.threads.DeadlockTest$Event.wait_for_event(DeadlockTest.java:60)
	at gov.nasa.jpf.test.mc.threads.DeadlockTest$FirstTask.run(DeadlockTest.java:86)

thread gov.nasa.jpf.test.mc.threads.DeadlockTest$SecondTask:{id:2,name:Thread-2,status:WAITING,priority:5,isDaemon:false,lockCount:1,suspendCount:0}
  waiting on: gov.nasa.jpf.test.mc.threads.DeadlockTest$Event@187
  call stack:
	at java.lang.Object.wait(Object.java)
	at gov.nasa.jpf.test.mc.threads.DeadlockTest$Event.wait_for_event(DeadlockTest.java:60)
	at gov.nasa.jpf.test.mc.threads.DeadlockTest$SecondTask.run(DeadlockTest.java:117)


====================================================== results
error #1: gov.nasa.jpf.vm.NotDeadlockedProperty "deadlock encountered:   thread gov.nasa.jpf.test.m..."

====================================================== search finished: 23/10/18 19:35
  running jpf with args:
JavaPathfinder core system v8.0 (rev 28c066f86c2cd268b8c9b9959161e3d07c6146c6) - (C) 2005-2014 United States Government. All rights reserved.


====================================================== system under test
gov.nasa.jpf.test.mc.threads.DeadlockTest.runTestMethod()

====================================================== search started: 23/10/18 19:35
t1 finished
t2 finished
t2 finished
t1 finished
t2 finished

====================================================== error 1
gov.nasa.jpf.vm.NotDeadlockedProperty
deadlock encountered:
  thread java.lang.Thread:{id:1,name:Thread-1,status:WAITING,priority:5,isDaemon:false,lockCount:1,suspendCount:0}


====================================================== snapshot #1
thread java.lang.Thread:{id:1,name:Thread-1,status:WAITING,priority:5,isDaemon:false,lockCount:1,suspendCount:0}
  waiting on: java.lang.Object@166
  call stack:
	at java.lang.Object.wait(Object.java)
	at gov.nasa.jpf.test.mc.threads.DeadlockTest$5.run(DeadlockTest.java:265)


====================================================== results
error #1: gov.nasa.jpf.vm.NotDeadlockedProperty "deadlock encountered:   thread java.lang.Thread:{i..."

====================================================== search finished: 23/10/18 19:35
  running jpf with args:
JavaPathfinder core system v8.0 (rev 28c066f86c2cd268b8c9b9959161e3d07c6146c6) - (C) 2005-2014 United States Government. All rights reserved.


====================================================== system under test
gov.nasa.jpf.test.mc.threads.DeadlockTest.runTestMethod()

====================================================== search started: 23/10/18 19:35
# main thread terminating
# t running
# t waiting (forever)..

====================================================== error 1
gov.nasa.jpf.vm.NotDeadlockedProperty
deadlock encountered:
  thread gov.nasa.jpf.test.mc.threads.DeadlockTest$7:{id:1,name:Thread-1,status:WAITING,priority:5,isDaemon:false,lockCount:1,suspendCount:0}


====================================================== snapshot #1
thread gov.nasa.jpf.test.mc.threads.DeadlockTest$7:{id:1,name:Thread-1,status:WAITING,priority:5,isDaemon:false,lockCount:1,suspendCount:0}
  waiting on: gov.nasa.jpf.test.mc.threads.DeadlockTest$7@186
  call stack:
	at java.lang.Object.wait(Object.java)
	at gov.nasa.jpf.test.mc.threads.DeadlockTest$7.run(DeadlockTest.java:384)


====================================================== results
error #1: gov.nasa.jpf.vm.NotDeadlockedProperty "deadlock encountered:   thread gov.nasa.jpf.test.m..."

====================================================== search finished: 23/10/18 19:35
  running jpf with args:
JavaPathfinder core system v8.0 (rev 28c066f86c2cd268b8c9b9959161e3d07c6146c6) - (C) 2005-2014 United States Government. All rights reserved.


====================================================== system under test
gov.nasa.jpf.test.mc.threads.DeadlockTest.runTestMethod()

====================================================== search started: 23/10/18 19:35

====================================================== error 1
gov.nasa.jpf.vm.NotDeadlockedProperty
deadlock encountered:
  thread java.lang.Thread:{id:1,name:Thread-1,status:WAITING,priority:5,isDaemon:false,lockCount:1,suspendCount:0}
  thread java.lang.Thread:{id:2,name:Thread-2,status:BLOCKED,priority:5,isDaemon:false,lockCount:0,suspendCount:0}


====================================================== snapshot #1
thread java.lang.Thread:{id:1,name:Thread-1,status:WAITING,priority:5,isDaemon:false,lockCount:1,suspendCount:0}
  owned locks:java.lang.Object@165
  waiting on: java.lang.Object@166
  call stack:
	at java.lang.Object.wait(Object.java)
	at gov.nasa.jpf.test.mc.threads.DeadlockTest$3.run(DeadlockTest.java:225)

thread java.lang.Thread:{id:2,name:Thread-2,status:BLOCKED,priority:5,isDaemon:false,lockCount:0,suspendCount:0}
  owned locks:java.lang.Object@166
  blocked on: java.lang.Object@165
  call stack:
	at gov.nasa.jpf.test.mc.threads.DeadlockTest$4.run(DeadlockTest.java:241)


====================================================== results
error #1: gov.nasa.jpf.vm.NotDeadlockedProperty "deadlock encountered:   thread java.lang.Thread:{i..."

====================================================== search finished: 23/10/18 19:35
  running jpf with args:
JavaPathfinder core system v8.0 (rev 28c066f86c2cd268b8c9b9959161e3d07c6146c6) - (C) 2005-2014 United States Government. All rights reserved.


====================================================== system under test
gov.nasa.jpf.test.mc.threads.DeadlockTest.runTestMethod()

====================================================== search started: 23/10/18 19:35

====================================================== error 1
gov.nasa.jpf.vm.NotDeadlockedProperty
deadlock encountered:
  thread java.lang.Thread:{id:1,name:Thread-1,status:BLOCKED,priority:5,isDaemon:false,lockCount:0,suspendCount:0}
  thread java.lang.Thread:{id:2,name:Thread-2,status:BLOCKED,priority:5,isDaemon:false,lockCount:0,suspendCount:0}


====================================================== snapshot #1
thread java.lang.Thread:{id:1,name:Thread-1,status:BLOCKED,priority:5,isDaemon:false,lockCount:0,suspendCount:0}
  owned locks:gov.nasa.jpf.test.mc.threads.DeadlockTest$SyncBlockRunnable@189
  blocked on: gov.nasa.jpf.test.mc.threads.DeadlockTest$SyncBlockRunnable@18a
  call stack:
	at gov.nasa.jpf.test.mc.threads.DeadlockTest$SyncBlockRunnable.doSomething(DeadlockTest.java:129)
	at gov.nasa.jpf.test.mc.threads.DeadlockTest$SyncBlockRunnable.run(DeadlockTest.java:144)

thread java.lang.Thread:{id:2,name:Thread-2,status:BLOCKED,priority:5,isDaemon:false,lockCount:0,suspendCount:0}
  owned locks:gov.nasa.jpf.test.mc.threads.DeadlockTest$SyncBlockRunnable@18a
  blocked on: gov.nasa.jpf.test.mc.threads.DeadlockTest$SyncBlockRunnable@189
  call stack:
	at gov.nasa.jpf.test.mc.threads.DeadlockTest$SyncBlockRunnable.doSomething(DeadlockTest.java:129)
	at gov.nasa.jpf.test.mc.threads.DeadlockTest$SyncBlockRunnable.run(DeadlockTest.java:144)


====================================================== results
error #1: gov.nasa.jpf.vm.NotDeadlockedProperty "deadlock encountered:   thread java.lang.Thread:{i..."

====================================================== search finished: 23/10/18 19:35
  running jpf with args:
JavaPathfinder core system v8.0 (rev 28c066f86c2cd268b8c9b9959161e3d07c6146c6) - (C) 2005-2014 United States Government. All rights reserved.


====================================================== system under test
gov.nasa.jpf.test.mc.threads.DeadlockTest.runTestMethod()

====================================================== search started: 23/10/18 19:35
t1 finished
t2 finished
t1 finished
t2 finished
t1 finished
t2 finished
t1 finished
t2 finished
t1 finished
t2 finished
t1 finished
t2 finished
t1 finished
t2 finished
t2 finished
t1 finished

====================================================== error 1
gov.nasa.jpf.vm.NotDeadlockedProperty
deadlock encountered:
  thread java.lang.Thread:{id:1,name:Thread-1,status:BLOCKED,priority:5,isDaemon:false,lockCount:0,suspendCount:0}
  thread java.lang.Thread:{id:2,name:Thread-2,status:BLOCKED,priority:5,isDaemon:false,lockCount:0,suspendCount:0}


====================================================== snapshot #1
thread java.lang.Thread:{id:1,name:Thread-1,status:BLOCKED,priority:5,isDaemon:false,lockCount:0,suspendCount:0}
  owned locks:java.lang.Object@163
  blocked on: java.lang.Object@164
  call stack:
	at gov.nasa.jpf.test.mc.threads.DeadlockTest$1.run(DeadlockTest.java:183)

thread java.lang.Thread:{id:2,name:Thread-2,status:BLOCKED,priority:5,isDaemon:false,lockCount:0,suspendCount:0}
  owned locks:java.lang.Object@164
  blocked on: java.lang.Object@163
  call stack:
	at gov.nasa.jpf.test.mc.threads.DeadlockTest$2.run(DeadlockTest.java:196)


====================================================== results
error #1: gov.nasa.jpf.vm.NotDeadlockedProperty "deadlock encountered:   thread java.lang.Thread:{i..."

====================================================== search finished: 23/10/18 19:35
  running jpf with args:
JavaPathfinder core system v8.0 (rev 28c066f86c2cd268b8c9b9959161e3d07c6146c6) - (C) 2005-2014 United States Government. All rights reserved.


====================================================== system under test
gov.nasa.jpf.test.mc.threads.DeadlockTest.runTestMethod()

====================================================== search started: 23/10/18 19:35

====================================================== error 1
gov.nasa.jpf.vm.NotDeadlockedProperty
deadlock encountered:
  thread java.lang.Thread:{id:1,name:Thread-1,status:BLOCKED,priority:5,isDaemon:false,lockCount:0,suspendCount:0}
  thread java.lang.Thread:{id:2,name:Thread-2,status:BLOCKED,priority:5,isDaemon:false,lockCount:0,suspendCount:0}


====================================================== snapshot #1
thread java.lang.Thread:{id:1,name:Thread-1,status:BLOCKED,priority:5,isDaemon:false,lockCount:0,suspendCount:0}
  owned locks:gov.nasa.jpf.test.mc.threads.DeadlockTest$SyncBlockRunnable@18d
  blocked on: gov.nasa.jpf.test.mc.threads.DeadlockTest$SyncMthRunnable@189
  call stack:
	at gov.nasa.jpf.test.mc.threads.DeadlockTest$SyncBlockRunnable.run(DeadlockTest.java:144)

thread java.lang.Thread:{id:2,name:Thread-2,status:BLOCKED,priority:5,isDaemon:false,lockCount:0,suspendCount:0}
  owned locks:gov.nasa.jpf.test.mc.threads.DeadlockTest$SyncMthRunnable@189
  blocked on: gov.nasa.jpf.test.mc.threads.DeadlockTest$SyncBlockRunnable@18d
  call stack:
	at gov.nasa.jpf.test.mc.threads.DeadlockTest$SyncBlockRunnable.doSomething(DeadlockTest.java:129)
	at gov.nasa.jpf.test.mc.threads.DeadlockTest$SyncMthRunnable.run(DeadlockTest.java:164)


====================================================== results
error #1: gov.nasa.jpf.vm.NotDeadlockedProperty "deadlock encountered:   thread java.lang.Thread:{i..."

====================================================== search finished: 23/10/18 19:35
  running jpf with args:
JavaPathfinder core system v8.0 (rev 28c066f86c2cd268b8c9b9959161e3d07c6146c6) - (C) 2005-2014 United States Government. All rights reserved.


====================================================== system under test
gov.nasa.jpf.test.mc.threads.DeadlockTest.runTestMethod()

====================================================== search started: 23/10/18 19:35

====================================================== error 1
gov.nasa.jpf.vm.NotDeadlockedProperty
deadlock encountered:
  thread java.lang.Thread:{id:1,name:Thread-1,status:BLOCKED,priority:5,isDaemon:false,lockCount:0,suspendCount:0}
  thread java.lang.Thread:{id:2,name:Thread-2,status:BLOCKED,priority:5,isDaemon:false,lockCount:0,suspendCount:0}


====================================================== snapshot #1
thread java.lang.Thread:{id:1,name:Thread-1,status:BLOCKED,priority:5,isDaemon:false,lockCount:0,suspendCount:0}
  owned locks:gov.nasa.jpf.test.mc.threads.DeadlockTest$SyncMthRunnable@189
  blocked on: gov.nasa.jpf.test.mc.threads.DeadlockTest$SyncMthRunnable@18a
  call stack:
	at gov.nasa.jpf.test.mc.threads.DeadlockTest$SyncMthRunnable.run(DeadlockTest.java:164)

thread java.lang.Thread:{id:2,name:Thread-2,status:BLOCKED,priority:5,isDaemon:false,lockCount:0,suspendCount:0}
  owned locks:gov.nasa.jpf.test.mc.threads.DeadlockTest$SyncMthRunnable@18a
  blocked on: gov.nasa.jpf.test.mc.threads.DeadlockTest$SyncMthRunnable@189
  call stack:
	at gov.nasa.jpf.test.mc.threads.DeadlockTest$SyncMthRunnable.run(DeadlockTest.java:164)


====================================================== results
error #1: gov.nasa.jpf.vm.NotDeadlockedProperty "deadlock encountered:   thread java.lang.Thread:{i..."

====================================================== search finished: 23/10/18 19:35
]]></system-out>
  <system-err><![CDATA[]]></system-err>
</testsuite>
