<?xml version="1.0" encoding="UTF-8"?>
<testsuite name="gov.nasa.jpf.test.vm.threads.WaitTest" tests="7" skipped="0" failures="0" errors="0" timestamp="2018-10-23T18:36:23" hostname="boombox" time="0.622">
  <properties/>
  <testcase name="testSimpleWait" classname="gov.nasa.jpf.test.vm.threads.WaitTest" time="0.259"/>
  <testcase name="testNotifyAll" classname="gov.nasa.jpf.test.vm.threads.WaitTest" time="0.116"/>
  <testcase name="testSyncRunWait" classname="gov.nasa.jpf.test.vm.threads.WaitTest" time="0.055"/>
  <testcase name="testVerySimpleWait" classname="gov.nasa.jpf.test.vm.threads.WaitTest" time="0.038"/>
  <testcase name="testInterruptedWait" classname="gov.nasa.jpf.test.vm.threads.WaitTest" time="0.048"/>
  <testcase name="testLoopedWait" classname="gov.nasa.jpf.test.vm.threads.WaitTest" time="0.061"/>
  <testcase name="testTimeoutWait" classname="gov.nasa.jpf.test.vm.threads.WaitTest" time="0.041"/>
  <system-out><![CDATA[  running jpf with args:
JavaPathfinder core system v8.0 (rev 28c066f86c2cd268b8c9b9959161e3d07c6146c6) - (C) 2005-2014 United States Government. All rights reserved.


====================================================== system under test
gov.nasa.jpf.test.vm.threads.WaitTest.runTestMethod()

====================================================== search started: 23/10/18 19:36
running testSimpleWait()
waiting
notifying
notified
notified
waiting
notifying

====================================================== results
no errors detected

====================================================== search finished: 23/10/18 19:36
  running jpf with args:
JavaPathfinder core system v8.0 (rev 28c066f86c2cd268b8c9b9959161e3d07c6146c6) - (C) 2005-2014 United States Government. All rights reserved.


====================================================== system under test
gov.nasa.jpf.test.vm.threads.WaitTest.runTestMethod()

====================================================== search started: 23/10/18 19:36
running testNotifyAll()
waiter1 waiting
waiter2 waiting
main notifying all waiters..
..done
waiter1 notified
waiter2 notified
waiter2 notified
waiter2 notified
waiter2 notified
waiter2 notified
waiter1 notified
waiter1 notified
waiter1 notified
waiter1 notified
waiter1 notified
waiter2 notified
waiter2 notified
waiter2 notified
waiter2 notified
waiter1 notified
waiter1 notified
main notifying all waiters..
..done
waiter2 waiting
waiter2 waiting
main notifying all waiters..
..done
waiter1 waiting
waiter1 waiting

====================================================== results
no errors detected

====================================================== search finished: 23/10/18 19:36
  running jpf with args:
JavaPathfinder core system v8.0 (rev 28c066f86c2cd268b8c9b9959161e3d07c6146c6) - (C) 2005-2014 United States Government. All rights reserved.


====================================================== system under test
gov.nasa.jpf.test.vm.threads.WaitTest.runTestMethod()

====================================================== search started: 23/10/18 19:36
running testSyncRunWait()
main notifying
thread-0 running
main notifying
thread-0 running
thread-0 running
thread-0 running
main notifying
thread-0 notified
thread-0 notified
thread-0 running
main notifying

====================================================== results
no errors detected

====================================================== search finished: 23/10/18 19:36
  running jpf with args:
JavaPathfinder core system v8.0 (rev 28c066f86c2cd268b8c9b9959161e3d07c6146c6) - (C) 2005-2014 United States Government. All rights reserved.


====================================================== system under test
gov.nasa.jpf.test.vm.threads.WaitTest.runTestMethod()

====================================================== search started: 23/10/18 19:36
running testVerySimpleWait()
waiting
timed out

====================================================== results
no errors detected

====================================================== search finished: 23/10/18 19:36
  running jpf with args:
JavaPathfinder core system v8.0 (rev 28c066f86c2cd268b8c9b9959161e3d07c6146c6) - (C) 2005-2014 United States Government. All rights reserved.


====================================================== system under test
gov.nasa.jpf.test.vm.threads.WaitTest.runTestMethod()

====================================================== search started: 23/10/18 19:36
running testInterruptedWait()
waiting
interrupting
interrupted
interrupted
waiting
interrupting

====================================================== results
no errors detected

====================================================== search finished: 23/10/18 19:36
  running jpf with args:
JavaPathfinder core system v8.0 (rev 28c066f86c2cd268b8c9b9959161e3d07c6146c6) - (C) 2005-2014 United States Government. All rights reserved.


====================================================== system under test
gov.nasa.jpf.test.vm.threads.WaitTest.runTestMethod()

====================================================== search started: 23/10/18 19:36
running testLoopedWait()
waiting 
notifying
notified 
waiting 
notifying
notified 
notifying
notifying
notified 
notified 
notifying
waiting 
notifying
waiting 
notifying
waiting 
notified 
notified 
waiting 
notifying
waiting 
notifying
waiting 
notifying
notifying
waiting 
notifying
waiting 
notifying
waiting 
notifying
notifying
notifying
waiting 
waiting 
notifying
notifying

====================================================== results
no errors detected

====================================================== search finished: 23/10/18 19:36
  running jpf with args:
JavaPathfinder core system v8.0 (rev 28c066f86c2cd268b8c9b9959161e3d07c6146c6) - (C) 2005-2014 United States Government. All rights reserved.


====================================================== system under test
gov.nasa.jpf.test.vm.threads.WaitTest.runTestMethod()

====================================================== search started: 23/10/18 19:36
running testTimeoutWait()
waiting
wait timed out

====================================================== results
no errors detected

====================================================== search finished: 23/10/18 19:36
]]></system-out>
  <system-err><![CDATA[]]></system-err>
</testsuite>
