<?xml version="1.0" encoding="UTF-8"?>
<testsuite name="gov.nasa.jpf.test.vm.basic.EndStateTest" tests="2" skipped="0" failures="0" errors="0" timestamp="2018-10-23T18:36:05" hostname="boombox" time="0.325">
  <properties/>
  <testcase name="testSingleThread" classname="gov.nasa.jpf.test.vm.basic.EndStateTest" time="0.254"/>
  <testcase name="testMultipleThreads" classname="gov.nasa.jpf.test.vm.basic.EndStateTest" time="0.071"/>
  <system-out><![CDATA[  running jpf with args: +listener=.test.vm.basic.EndStateListener
JavaPathfinder core system v8.0 (rev 28c066f86c2cd268b8c9b9959161e3d07c6146c6) - (C) 2005-2014 United States Government. All rights reserved.


====================================================== system under test
gov.nasa.jpf.test.vm.basic.EndStateTest.runTestMethod()

====================================================== search started: 23/10/18 19:36
** this is testSingleThread - it should succeed

====================================================== results
no errors detected

====================================================== search finished: 23/10/18 19:36
  running jpf with args: +listener=.test.vm.basic.EndStateListener
JavaPathfinder core system v8.0 (rev 28c066f86c2cd268b8c9b9959161e3d07c6146c6) - (C) 2005-2014 United States Government. All rights reserved.


====================================================== system under test
gov.nasa.jpf.test.vm.basic.EndStateTest.runTestMethod()

====================================================== search started: 23/10/18 19:36
** this is testMultipleThreads - it should succeed
** this is thread main terminating
** this is Thread-1 terminating
** this is thread main terminating
** this is Thread-1 terminating
** this is Thread-1 terminating
** this is thread main terminating
** this is Thread-1 terminating
** this is thread main terminating

====================================================== results
no errors detected

====================================================== search finished: 23/10/18 19:36
]]></system-out>
  <system-err><![CDATA[]]></system-err>
</testsuite>
