<?xml version="1.0" encoding="UTF-8"?>
<testsuite name="gov.nasa.jpf.util.SparseIntVectorTest" tests="2" skipped="0" failures="0" errors="0" timestamp="2018-10-23T18:37:02" hostname="boombox" time="0.003">
  <properties/>
  <testcase name="testSnapshot" classname="gov.nasa.jpf.util.SparseIntVectorTest" time="0.002"/>
  <testcase name="testSetGet" classname="gov.nasa.jpf.util.SparseIntVectorTest" time="0.0"/>
  <system-out><![CDATA[]]></system-out>
  <system-err><![CDATA[]]></system-err>
</testsuite>
