<?xml version="1.0" encoding="UTF-8"?>
<testsuite name="gov.nasa.jpf.test.vm.basic.AnnotationTest" tests="18" skipped="0" failures="0" errors="0" timestamp="2018-10-23T18:36:05" hostname="boombox" time="0.876">
  <properties/>
  <testcase name="testStringValueOk" classname="gov.nasa.jpf.test.vm.basic.AnnotationTest" time="0.23"/>
  <testcase name="testLongValueOk" classname="gov.nasa.jpf.test.vm.basic.AnnotationTest" time="0.055"/>
  <testcase name="testStringArrayValueOk" classname="gov.nasa.jpf.test.vm.basic.AnnotationTest" time="0.048"/>
  <testcase name="testSingleDefaultParamOk" classname="gov.nasa.jpf.test.vm.basic.AnnotationTest" time="0.041"/>
  <testcase name="testLongAnnotation" classname="gov.nasa.jpf.test.vm.basic.AnnotationTest" time="0.046"/>
  <testcase name="testClassValue" classname="gov.nasa.jpf.test.vm.basic.AnnotationTest" time="0.044"/>
  <testcase name="testNamedParamsOk" classname="gov.nasa.jpf.test.vm.basic.AnnotationTest" time="0.033"/>
  <testcase name="testPartialDefaultParamsOk" classname="gov.nasa.jpf.test.vm.basic.AnnotationTest" time="0.035"/>
  <testcase name="testFloatAnnotation" classname="gov.nasa.jpf.test.vm.basic.AnnotationTest" time="0.04"/>
  <testcase name="testFieldAnnotation" classname="gov.nasa.jpf.test.vm.basic.AnnotationTest" time="0.033"/>
  <testcase name="testEnumValue" classname="gov.nasa.jpf.test.vm.basic.AnnotationTest" time="0.033"/>
  <testcase name="testRecursiveRuntimeVisibleAnnotationValue" classname="gov.nasa.jpf.test.vm.basic.AnnotationTest" time="0.031"/>
  <testcase name="testClassArrayValueOk" classname="gov.nasa.jpf.test.vm.basic.AnnotationTest" time="0.028"/>
  <testcase name="testCharAnnotation" classname="gov.nasa.jpf.test.vm.basic.AnnotationTest" time="0.032"/>
  <testcase name="getAnnotationsTest" classname="gov.nasa.jpf.test.vm.basic.AnnotationTest" time="0.041"/>
  <testcase name="testParameterAnnotation" classname="gov.nasa.jpf.test.vm.basic.AnnotationTest" time="0.039"/>
  <testcase name="testAnnotationClass" classname="gov.nasa.jpf.test.vm.basic.AnnotationTest" time="0.033"/>
  <testcase name="testDoubleAnnotation" classname="gov.nasa.jpf.test.vm.basic.AnnotationTest" time="0.03"/>
  <system-out><![CDATA[  running jpf with args:
JavaPathfinder core system v8.0 (rev 28c066f86c2cd268b8c9b9959161e3d07c6146c6) - (C) 2005-2014 United States Government. All rights reserved.


====================================================== system under test
gov.nasa.jpf.test.vm.basic.AnnotationTest.runTestMethod()

====================================================== search started: 23/10/18 19:36

====================================================== results
no errors detected

====================================================== search finished: 23/10/18 19:36
  running jpf with args:
JavaPathfinder core system v8.0 (rev 28c066f86c2cd268b8c9b9959161e3d07c6146c6) - (C) 2005-2014 United States Government. All rights reserved.


====================================================== system under test
gov.nasa.jpf.test.vm.basic.AnnotationTest.runTestMethod()

====================================================== search started: 23/10/18 19:36

====================================================== results
no errors detected

====================================================== search finished: 23/10/18 19:36
  running jpf with args:
JavaPathfinder core system v8.0 (rev 28c066f86c2cd268b8c9b9959161e3d07c6146c6) - (C) 2005-2014 United States Government. All rights reserved.


====================================================== system under test
gov.nasa.jpf.test.vm.basic.AnnotationTest.runTestMethod()

====================================================== search started: 23/10/18 19:36

====================================================== results
no errors detected

====================================================== search finished: 23/10/18 19:36
  running jpf with args:
JavaPathfinder core system v8.0 (rev 28c066f86c2cd268b8c9b9959161e3d07c6146c6) - (C) 2005-2014 United States Government. All rights reserved.


====================================================== system under test
gov.nasa.jpf.test.vm.basic.AnnotationTest.runTestMethod()

====================================================== search started: 23/10/18 19:36
@gov.nasa.jpf.test.vm.basic.AnnotationTest$A6(value=whatever)

====================================================== results
no errors detected

====================================================== search finished: 23/10/18 19:36
  running jpf with args:
JavaPathfinder core system v8.0 (rev 28c066f86c2cd268b8c9b9959161e3d07c6146c6) - (C) 2005-2014 United States Government. All rights reserved.


====================================================== system under test
gov.nasa.jpf.test.vm.basic.AnnotationTest.runTestMethod()

====================================================== search started: 23/10/18 19:36

====================================================== results
no errors detected

====================================================== search finished: 23/10/18 19:36
  running jpf with args:
JavaPathfinder core system v8.0 (rev 28c066f86c2cd268b8c9b9959161e3d07c6146c6) - (C) 2005-2014 United States Government. All rights reserved.


====================================================== system under test
gov.nasa.jpf.test.vm.basic.AnnotationTest.runTestMethod()

====================================================== search started: 23/10/18 19:36

====================================================== results
no errors detected

====================================================== search finished: 23/10/18 19:36
  running jpf with args:
JavaPathfinder core system v8.0 (rev 28c066f86c2cd268b8c9b9959161e3d07c6146c6) - (C) 2005-2014 United States Government. All rights reserved.


====================================================== system under test
gov.nasa.jpf.test.vm.basic.AnnotationTest.runTestMethod()

====================================================== search started: 23/10/18 19:36
@gov.nasa.jpf.test.vm.basic.AnnotationTest$A4(a=one,b=42.0)

====================================================== results
no errors detected

====================================================== search finished: 23/10/18 19:36
  running jpf with args:
JavaPathfinder core system v8.0 (rev 28c066f86c2cd268b8c9b9959161e3d07c6146c6) - (C) 2005-2014 United States Government. All rights reserved.


====================================================== system under test
gov.nasa.jpf.test.vm.basic.AnnotationTest.runTestMethod()

====================================================== search started: 23/10/18 19:36
@gov.nasa.jpf.test.vm.basic.AnnotationTest$A5(a=whatever,b=foo)

====================================================== results
no errors detected

====================================================== search finished: 23/10/18 19:36
  running jpf with args:
JavaPathfinder core system v8.0 (rev 28c066f86c2cd268b8c9b9959161e3d07c6146c6) - (C) 2005-2014 United States Government. All rights reserved.


====================================================== system under test
gov.nasa.jpf.test.vm.basic.AnnotationTest.runTestMethod()

====================================================== search started: 23/10/18 19:36

====================================================== results
no errors detected

====================================================== search finished: 23/10/18 19:36
  running jpf with args: +listener=.test.vm.basic.AnnotationTest$DataListener
JavaPathfinder core system v8.0 (rev 28c066f86c2cd268b8c9b9959161e3d07c6146c6) - (C) 2005-2014 United States Government. All rights reserved.


====================================================== system under test
gov.nasa.jpf.test.vm.basic.AnnotationTest.runTestMethod()

====================================================== search started: 23/10/18 19:36
annotation for gov.nasa.jpf.test.vm.basic.AnnotationTest$MyClass.data = gov.nasa.jpf.vm.AnnotationInfo@1725a27c
   value = the answer

====================================================== results
no errors detected

====================================================== search finished: 23/10/18 19:36
  running jpf with args:
JavaPathfinder core system v8.0 (rev 28c066f86c2cd268b8c9b9959161e3d07c6146c6) - (C) 2005-2014 United States Government. All rights reserved.


====================================================== system under test
gov.nasa.jpf.test.vm.basic.AnnotationTest.runTestMethod()

====================================================== search started: 23/10/18 19:36

====================================================== results
no errors detected

====================================================== search finished: 23/10/18 19:36
  running jpf with args:
JavaPathfinder core system v8.0 (rev 28c066f86c2cd268b8c9b9959161e3d07c6146c6) - (C) 2005-2014 United States Government. All rights reserved.


====================================================== system under test
gov.nasa.jpf.test.vm.basic.AnnotationTest.runTestMethod()

====================================================== search started: 23/10/18 19:36

====================================================== results
no errors detected

====================================================== search finished: 23/10/18 19:36
  running jpf with args:
JavaPathfinder core system v8.0 (rev 28c066f86c2cd268b8c9b9959161e3d07c6146c6) - (C) 2005-2014 United States Government. All rights reserved.


====================================================== system under test
gov.nasa.jpf.test.vm.basic.AnnotationTest.runTestMethod()

====================================================== search started: 23/10/18 19:36

====================================================== results
no errors detected

====================================================== search finished: 23/10/18 19:36
  running jpf with args:
JavaPathfinder core system v8.0 (rev 28c066f86c2cd268b8c9b9959161e3d07c6146c6) - (C) 2005-2014 United States Government. All rights reserved.


====================================================== system under test
gov.nasa.jpf.test.vm.basic.AnnotationTest.runTestMethod()

====================================================== search started: 23/10/18 19:36

====================================================== results
no errors detected

====================================================== search finished: 23/10/18 19:36
  running jpf with args:
JavaPathfinder core system v8.0 (rev 28c066f86c2cd268b8c9b9959161e3d07c6146c6) - (C) 2005-2014 United States Government. All rights reserved.


====================================================== system under test
gov.nasa.jpf.test.vm.basic.AnnotationTest.runTestMethod()

====================================================== search started: 23/10/18 19:36

====================================================== results
no errors detected

====================================================== search finished: 23/10/18 19:36
  running jpf with args: +listener=.test.vm.basic.AnnotationTest$ArgListener
JavaPathfinder core system v8.0 (rev 28c066f86c2cd268b8c9b9959161e3d07c6146c6) - (C) 2005-2014 United States Government. All rights reserved.


====================================================== system under test
gov.nasa.jpf.test.vm.basic.AnnotationTest.runTestMethod()

====================================================== search started: 23/10/18 19:36
-- called method: foo(Lgov/nasa/jpf/test/vm/basic/AnnotationTest$MyClass;Ljava/lang/String;)V
-- annotations for parameter: 0
@gov.nasa.jpf.test.vm.basic.AnnotationTest$A1[value=arghh]
-- annotations for parameter: 1
none

====================================================== results
no errors detected

====================================================== search finished: 23/10/18 19:36
  running jpf with args:
JavaPathfinder core system v8.0 (rev 28c066f86c2cd268b8c9b9959161e3d07c6146c6) - (C) 2005-2014 United States Government. All rights reserved.


====================================================== system under test
gov.nasa.jpf.test.vm.basic.AnnotationTest.runTestMethod()

====================================================== search started: 23/10/18 19:36
  a[0] = @gov.nasa.jpf.test.vm.basic.AnnotationTest$A6(value=whatever)
  a[1] = @org.junit.Test(expected=class org.junit.Test$None,timeout=0)

====================================================== results
no errors detected

====================================================== search finished: 23/10/18 19:36
  running jpf with args:
JavaPathfinder core system v8.0 (rev 28c066f86c2cd268b8c9b9959161e3d07c6146c6) - (C) 2005-2014 United States Government. All rights reserved.


====================================================== system under test
gov.nasa.jpf.test.vm.basic.AnnotationTest.runTestMethod()

====================================================== search started: 23/10/18 19:36

====================================================== results
no errors detected

====================================================== search finished: 23/10/18 19:36
]]></system-out>
  <system-err><![CDATA[]]></system-err>
</testsuite>
