<?xml version="1.0" encoding="UTF-8"?>
<testsuite name="gov.nasa.jpf.test.mc.data.JSONTest" tests="20" skipped="0" failures="0" errors="0" timestamp="2018-10-23T18:35:52" hostname="boombox" time="0.929">
  <properties/>
  <testcase name="testSetByteShortIntFromCG" classname="gov.nasa.jpf.test.mc.data.JSONTest" time="0.256"/>
  <testcase name="testBoxedTypesArrayFilling" classname="gov.nasa.jpf.test.mc.data.JSONTest" time="0.053"/>
  <testcase name="testFillPrivimitivesFromJSON" classname="gov.nasa.jpf.test.mc.data.JSONTest" time="0.054"/>
  <testcase name="testFillFromJSONInheritance" classname="gov.nasa.jpf.test.mc.data.JSONTest" time="0.04"/>
  <testcase name="testFillFromJSONSingleClass" classname="gov.nasa.jpf.test.mc.data.JSONTest" time="0.036"/>
  <testcase name="testBoxedDoubleFromCG" classname="gov.nasa.jpf.test.mc.data.JSONTest" time="0.046"/>
  <testcase name="testFillWithIntevalCG" classname="gov.nasa.jpf.test.mc.data.JSONTest" time="0.04"/>
  <testcase name="testObjectFromCG" classname="gov.nasa.jpf.test.mc.data.JSONTest" time="0.044"/>
  <testcase name="testFillInnerClassCG" classname="gov.nasa.jpf.test.mc.data.JSONTest" time="0.037"/>
  <testcase name="testFillPrimitiveArrays" classname="gov.nasa.jpf.test.mc.data.JSONTest" time="0.031"/>
  <testcase name="testFillingObjectInArrayWithCG" classname="gov.nasa.jpf.test.mc.data.JSONTest" time="0.036"/>
  <testcase name="testArrayOfObjectsFilling" classname="gov.nasa.jpf.test.mc.data.JSONTest" time="0.026"/>
  <testcase name="testFillIntArrayFromJSON" classname="gov.nasa.jpf.test.mc.data.JSONTest" time="0.027"/>
  <testcase name="testFillingMultArrayOfObjects" classname="gov.nasa.jpf.test.mc.data.JSONTest" time="0.03"/>
  <testcase name="testSetBoolFromCG" classname="gov.nasa.jpf.test.mc.data.JSONTest" time="0.038"/>
  <testcase name="testInnerClassFilling" classname="gov.nasa.jpf.test.mc.data.JSONTest" time="0.033"/>
  <testcase name="testFillStringValue" classname="gov.nasa.jpf.test.mc.data.JSONTest" time="0.026"/>
  <testcase name="testFillBoxedPrimitivesFromJSON" classname="gov.nasa.jpf.test.mc.data.JSONTest" time="0.027"/>
  <testcase name="testFillingWhenInnerClassIsNull" classname="gov.nasa.jpf.test.mc.data.JSONTest" time="0.023"/>
  <testcase name="testMultiArrayFilling" classname="gov.nasa.jpf.test.mc.data.JSONTest" time="0.023"/>
  <system-out><![CDATA[  running jpf with args:
JavaPathfinder core system v8.0 (rev 28c066f86c2cd268b8c9b9959161e3d07c6146c6) - (C) 2005-2014 United States Government. All rights reserved.


====================================================== system under test
gov.nasa.jpf.test.mc.data.JSONTest.runTestMethod()

====================================================== search started: 23/10/18 19:35
[WARNING] Value for field gov.nasa.jpf.test.mc.data.JSONTest$ByteShortIntLong.this$0 isn't specified
[WARNING] Value for field gov.nasa.jpf.test.mc.data.JSONTest$ByteShortIntLong.this$0 isn't specified
[WARNING] Value for field gov.nasa.jpf.test.mc.data.JSONTest$ByteShortIntLong.this$0 isn't specified
[WARNING] Value for field gov.nasa.jpf.test.mc.data.JSONTest$ByteShortIntLong.this$0 isn't specified
[WARNING] Value for field gov.nasa.jpf.test.mc.data.JSONTest$ByteShortIntLong.this$0 isn't specified
[WARNING] Value for field gov.nasa.jpf.test.mc.data.JSONTest$ByteShortIntLong.this$0 isn't specified

====================================================== results
no errors detected

====================================================== search finished: 23/10/18 19:35
  running jpf with args:
JavaPathfinder core system v8.0 (rev 28c066f86c2cd268b8c9b9959161e3d07c6146c6) - (C) 2005-2014 United States Government. All rights reserved.


====================================================== system under test
gov.nasa.jpf.test.mc.data.JSONTest.runTestMethod()

====================================================== search started: 23/10/18 19:35
[WARNING] Value for field gov.nasa.jpf.test.mc.data.JSONTest$BoxIntsArr.this$0 isn't specified

====================================================== results
no errors detected

====================================================== search finished: 23/10/18 19:35
  running jpf with args:
JavaPathfinder core system v8.0 (rev 28c066f86c2cd268b8c9b9959161e3d07c6146c6) - (C) 2005-2014 United States Government. All rights reserved.


====================================================== system under test
gov.nasa.jpf.test.mc.data.JSONTest.runTestMethod()

====================================================== search started: 23/10/18 19:35
[WARNING] Value for field gov.nasa.jpf.test.mc.data.JSONTest$Primitives.this$0 isn't specified

====================================================== results
no errors detected

====================================================== search finished: 23/10/18 19:35
  running jpf with args:
JavaPathfinder core system v8.0 (rev 28c066f86c2cd268b8c9b9959161e3d07c6146c6) - (C) 2005-2014 United States Government. All rights reserved.


====================================================== system under test
gov.nasa.jpf.test.mc.data.JSONTest.runTestMethod()

====================================================== search started: 23/10/18 19:35
[WARNING] Value for field gov.nasa.jpf.test.mc.data.JSONTest$MyClass.this$0 isn't specified
[WARNING] Value for field gov.nasa.jpf.test.mc.data.JSONTest$MySup.this$0 isn't specified

====================================================== results
no errors detected

====================================================== search finished: 23/10/18 19:35
  running jpf with args:
JavaPathfinder core system v8.0 (rev 28c066f86c2cd268b8c9b9959161e3d07c6146c6) - (C) 2005-2014 United States Government. All rights reserved.


====================================================== system under test
gov.nasa.jpf.test.mc.data.JSONTest.runTestMethod()

====================================================== search started: 23/10/18 19:35
[WARNING] Value for field gov.nasa.jpf.test.mc.data.JSONTest$MySup.this$0 isn't specified

====================================================== results
no errors detected

====================================================== search finished: 23/10/18 19:35
  running jpf with args:
JavaPathfinder core system v8.0 (rev 28c066f86c2cd268b8c9b9959161e3d07c6146c6) - (C) 2005-2014 United States Government. All rights reserved.


====================================================== system under test
gov.nasa.jpf.test.mc.data.JSONTest.runTestMethod()

====================================================== search started: 23/10/18 19:35
[WARNING] Value for field gov.nasa.jpf.test.mc.data.JSONTest$BoxedDouble.this$0 isn't specified
[WARNING] Value for field gov.nasa.jpf.test.mc.data.JSONTest$BoxedDouble.this$0 isn't specified
[WARNING] Value for field gov.nasa.jpf.test.mc.data.JSONTest$BoxedDouble.this$0 isn't specified

====================================================== results
no errors detected

====================================================== search finished: 23/10/18 19:35
  running jpf with args:
JavaPathfinder core system v8.0 (rev 28c066f86c2cd268b8c9b9959161e3d07c6146c6) - (C) 2005-2014 United States Government. All rights reserved.


====================================================== system under test
gov.nasa.jpf.test.mc.data.JSONTest.runTestMethod()

====================================================== search started: 23/10/18 19:35
[WARNING] Value for field gov.nasa.jpf.test.mc.data.JSONTest$ByteShortIntLong.this$0 isn't specified
[WARNING] Value for field gov.nasa.jpf.test.mc.data.JSONTest$ByteShortIntLong.this$0 isn't specified
[WARNING] Value for field gov.nasa.jpf.test.mc.data.JSONTest$ByteShortIntLong.this$0 isn't specified
[WARNING] Value for field gov.nasa.jpf.test.mc.data.JSONTest$ByteShortIntLong.this$0 isn't specified
[WARNING] Value for field gov.nasa.jpf.test.mc.data.JSONTest$ByteShortIntLong.this$0 isn't specified
[WARNING] Value for field gov.nasa.jpf.test.mc.data.JSONTest$ByteShortIntLong.this$0 isn't specified
[WARNING] Value for field gov.nasa.jpf.test.mc.data.JSONTest$ByteShortIntLong.this$0 isn't specified
[WARNING] Value for field gov.nasa.jpf.test.mc.data.JSONTest$ByteShortIntLong.this$0 isn't specified
[WARNING] Value for field gov.nasa.jpf.test.mc.data.JSONTest$ByteShortIntLong.this$0 isn't specified

====================================================== results
no errors detected

====================================================== search finished: 23/10/18 19:35
  running jpf with args:
JavaPathfinder core system v8.0 (rev 28c066f86c2cd268b8c9b9959161e3d07c6146c6) - (C) 2005-2014 United States Government. All rights reserved.


====================================================== system under test
gov.nasa.jpf.test.mc.data.JSONTest.runTestMethod()

====================================================== search started: 23/10/18 19:35
[WARNING] Value for field gov.nasa.jpf.test.mc.data.JSONTest$BoxedInteger.this$0 isn't specified
[WARNING] Value for field gov.nasa.jpf.test.mc.data.JSONTest$BoxedInteger.this$0 isn't specified
[WARNING] Value for field gov.nasa.jpf.test.mc.data.JSONTest$BoxedInteger.this$0 isn't specified

====================================================== results
no errors detected

====================================================== search finished: 23/10/18 19:35
  running jpf with args:
JavaPathfinder core system v8.0 (rev 28c066f86c2cd268b8c9b9959161e3d07c6146c6) - (C) 2005-2014 United States Government. All rights reserved.


====================================================== system under test
gov.nasa.jpf.test.mc.data.JSONTest.runTestMethod()

====================================================== search started: 23/10/18 19:35
[WARNING] Value for field gov.nasa.jpf.test.mc.data.JSONTest$I.this$0 isn't specified
[WARNING] Value for field gov.nasa.jpf.test.mc.data.JSONTest$O.this$0 isn't specified
[WARNING] Value for field gov.nasa.jpf.test.mc.data.JSONTest$I.this$0 isn't specified
[WARNING] Value for field gov.nasa.jpf.test.mc.data.JSONTest$O.this$0 isn't specified
[WARNING] Value for field gov.nasa.jpf.test.mc.data.JSONTest$I.this$0 isn't specified
[WARNING] Value for field gov.nasa.jpf.test.mc.data.JSONTest$O.this$0 isn't specified

====================================================== results
no errors detected

====================================================== search finished: 23/10/18 19:35
  running jpf with args:
JavaPathfinder core system v8.0 (rev 28c066f86c2cd268b8c9b9959161e3d07c6146c6) - (C) 2005-2014 United States Government. All rights reserved.


====================================================== system under test
gov.nasa.jpf.test.mc.data.JSONTest.runTestMethod()

====================================================== search started: 23/10/18 19:35
[WARNING] Value for field gov.nasa.jpf.test.mc.data.JSONTest$PrimitiveArrays.this$0 isn't specified

====================================================== results
no errors detected

====================================================== search finished: 23/10/18 19:35
  running jpf with args:
JavaPathfinder core system v8.0 (rev 28c066f86c2cd268b8c9b9959161e3d07c6146c6) - (C) 2005-2014 United States Government. All rights reserved.


====================================================== system under test
gov.nasa.jpf.test.mc.data.JSONTest.runTestMethod()

====================================================== search started: 23/10/18 19:35
[WARNING] Value for field gov.nasa.jpf.test.mc.data.JSONTest$I.this$0 isn't specified
[WARNING] Value for field gov.nasa.jpf.test.mc.data.JSONTest$I.this$0 isn't specified
[WARNING] Value for field gov.nasa.jpf.test.mc.data.JSONTest$ArrI.this$0 isn't specified
[WARNING] Value for field gov.nasa.jpf.test.mc.data.JSONTest$I.this$0 isn't specified
[WARNING] Value for field gov.nasa.jpf.test.mc.data.JSONTest$I.this$0 isn't specified
[WARNING] Value for field gov.nasa.jpf.test.mc.data.JSONTest$ArrI.this$0 isn't specified
[WARNING] Value for field gov.nasa.jpf.test.mc.data.JSONTest$I.this$0 isn't specified
[WARNING] Value for field gov.nasa.jpf.test.mc.data.JSONTest$I.this$0 isn't specified
[WARNING] Value for field gov.nasa.jpf.test.mc.data.JSONTest$ArrI.this$0 isn't specified
[WARNING] Value for field gov.nasa.jpf.test.mc.data.JSONTest$I.this$0 isn't specified
[WARNING] Value for field gov.nasa.jpf.test.mc.data.JSONTest$I.this$0 isn't specified
[WARNING] Value for field gov.nasa.jpf.test.mc.data.JSONTest$ArrI.this$0 isn't specified
[WARNING] Value for field gov.nasa.jpf.test.mc.data.JSONTest$I.this$0 isn't specified
[WARNING] Value for field gov.nasa.jpf.test.mc.data.JSONTest$I.this$0 isn't specified
[WARNING] Value for field gov.nasa.jpf.test.mc.data.JSONTest$ArrI.this$0 isn't specified
[WARNING] Value for field gov.nasa.jpf.test.mc.data.JSONTest$I.this$0 isn't specified
[WARNING] Value for field gov.nasa.jpf.test.mc.data.JSONTest$I.this$0 isn't specified
[WARNING] Value for field gov.nasa.jpf.test.mc.data.JSONTest$ArrI.this$0 isn't specified
[WARNING] Value for field gov.nasa.jpf.test.mc.data.JSONTest$I.this$0 isn't specified
[WARNING] Value for field gov.nasa.jpf.test.mc.data.JSONTest$I.this$0 isn't specified
[WARNING] Value for field gov.nasa.jpf.test.mc.data.JSONTest$ArrI.this$0 isn't specified
[WARNING] Value for field gov.nasa.jpf.test.mc.data.JSONTest$I.this$0 isn't specified
[WARNING] Value for field gov.nasa.jpf.test.mc.data.JSONTest$I.this$0 isn't specified
[WARNING] Value for field gov.nasa.jpf.test.mc.data.JSONTest$ArrI.this$0 isn't specified
[WARNING] Value for field gov.nasa.jpf.test.mc.data.JSONTest$I.this$0 isn't specified
[WARNING] Value for field gov.nasa.jpf.test.mc.data.JSONTest$I.this$0 isn't specified
[WARNING] Value for field gov.nasa.jpf.test.mc.data.JSONTest$ArrI.this$0 isn't specified

====================================================== results
no errors detected

====================================================== search finished: 23/10/18 19:35
  running jpf with args:
JavaPathfinder core system v8.0 (rev 28c066f86c2cd268b8c9b9959161e3d07c6146c6) - (C) 2005-2014 United States Government. All rights reserved.


====================================================== system under test
gov.nasa.jpf.test.mc.data.JSONTest.runTestMethod()

====================================================== search started: 23/10/18 19:35

====================================================== results
no errors detected

====================================================== search finished: 23/10/18 19:35
  running jpf with args:
JavaPathfinder core system v8.0 (rev 28c066f86c2cd268b8c9b9959161e3d07c6146c6) - (C) 2005-2014 United States Government. All rights reserved.


====================================================== system under test
gov.nasa.jpf.test.mc.data.JSONTest.runTestMethod()

====================================================== search started: 23/10/18 19:35
[WARNING] Value for field gov.nasa.jpf.test.mc.data.JSONTest$IntArr.this$0 isn't specified

====================================================== results
no errors detected

====================================================== search finished: 23/10/18 19:35
  running jpf with args:
JavaPathfinder core system v8.0 (rev 28c066f86c2cd268b8c9b9959161e3d07c6146c6) - (C) 2005-2014 United States Government. All rights reserved.


====================================================== system under test
gov.nasa.jpf.test.mc.data.JSONTest.runTestMethod()

====================================================== search started: 23/10/18 19:35
[WARNING] Value for field gov.nasa.jpf.test.mc.data.JSONTest$MultObjectsArr.this$0 isn't specified

====================================================== results
no errors detected

====================================================== search finished: 23/10/18 19:35
  running jpf with args:
JavaPathfinder core system v8.0 (rev 28c066f86c2cd268b8c9b9959161e3d07c6146c6) - (C) 2005-2014 United States Government. All rights reserved.


====================================================== system under test
gov.nasa.jpf.test.mc.data.JSONTest.runTestMethod()

====================================================== search started: 23/10/18 19:35
[WARNING] Value for field gov.nasa.jpf.test.mc.data.JSONTest$Bool.this$0 isn't specified
[WARNING] Value for field gov.nasa.jpf.test.mc.data.JSONTest$Bool.this$0 isn't specified

====================================================== results
no errors detected

====================================================== search finished: 23/10/18 19:35
  running jpf with args:
JavaPathfinder core system v8.0 (rev 28c066f86c2cd268b8c9b9959161e3d07c6146c6) - (C) 2005-2014 United States Government. All rights reserved.


====================================================== system under test
gov.nasa.jpf.test.mc.data.JSONTest.runTestMethod()

====================================================== search started: 23/10/18 19:35
[WARNING] Value for field gov.nasa.jpf.test.mc.data.JSONTest$InnerClass.this$0 isn't specified
[WARNING] Value for field gov.nasa.jpf.test.mc.data.JSONTest$OuterClass.this$0 isn't specified

====================================================== results
no errors detected

====================================================== search finished: 23/10/18 19:35
  running jpf with args:
JavaPathfinder core system v8.0 (rev 28c066f86c2cd268b8c9b9959161e3d07c6146c6) - (C) 2005-2014 United States Government. All rights reserved.


====================================================== system under test
gov.nasa.jpf.test.mc.data.JSONTest.runTestMethod()

====================================================== search started: 23/10/18 19:35
[WARNING] Value for field gov.nasa.jpf.test.mc.data.JSONTest$ClassWithString.this$0 isn't specified

====================================================== results
no errors detected

====================================================== search finished: 23/10/18 19:35
  running jpf with args:
JavaPathfinder core system v8.0 (rev 28c066f86c2cd268b8c9b9959161e3d07c6146c6) - (C) 2005-2014 United States Government. All rights reserved.


====================================================== system under test
gov.nasa.jpf.test.mc.data.JSONTest.runTestMethod()

====================================================== search started: 23/10/18 19:35
[WARNING] Value for field gov.nasa.jpf.test.mc.data.JSONTest$Boxed.this$0 isn't specified

====================================================== results
no errors detected

====================================================== search finished: 23/10/18 19:35
  running jpf with args:
JavaPathfinder core system v8.0 (rev 28c066f86c2cd268b8c9b9959161e3d07c6146c6) - (C) 2005-2014 United States Government. All rights reserved.


====================================================== system under test
gov.nasa.jpf.test.mc.data.JSONTest.runTestMethod()

====================================================== search started: 23/10/18 19:35
[WARNING] Value for field gov.nasa.jpf.test.mc.data.JSONTest$OuterClass.this$0 isn't specified

====================================================== results
no errors detected

====================================================== search finished: 23/10/18 19:35
  running jpf with args:
JavaPathfinder core system v8.0 (rev 28c066f86c2cd268b8c9b9959161e3d07c6146c6) - (C) 2005-2014 United States Government. All rights reserved.


====================================================== system under test
gov.nasa.jpf.test.mc.data.JSONTest.runTestMethod()

====================================================== search started: 23/10/18 19:35
[WARNING] Value for field gov.nasa.jpf.test.mc.data.JSONTest$MultiArray.this$0 isn't specified

====================================================== results
no errors detected

====================================================== search finished: 23/10/18 19:35
]]></system-out>
  <system-err><![CDATA[]]></system-err>
</testsuite>
