<?xml version="1.0" encoding="UTF-8"?>
<testsuite name="gov.nasa.jpf.test.vm.reflection.ConstructorTest" tests="4" skipped="0" failures="0" errors="0" timestamp="2018-10-23T18:36:15" hostname="boombox" time="0.394">
  <properties/>
  <testcase name="testConstructorCall" classname="gov.nasa.jpf.test.vm.reflection.ConstructorTest" time="0.244"/>
  <testcase name="testParameterAnnotations" classname="gov.nasa.jpf.test.vm.reflection.ConstructorTest" time="0.057"/>
  <testcase name="testAnnotations" classname="gov.nasa.jpf.test.vm.reflection.ConstructorTest" time="0.053"/>
  <testcase name="testConstructorCallInteger" classname="gov.nasa.jpf.test.vm.reflection.ConstructorTest" time="0.04"/>
  <system-out><![CDATA[  running jpf with args:
JavaPathfinder core system v8.0 (rev 28c066f86c2cd268b8c9b9959161e3d07c6146c6) - (C) 2005-2014 United States Government. All rights reserved.


====================================================== system under test
gov.nasa.jpf.test.vm.reflection.ConstructorTest.runTestMethod()

====================================================== search started: 23/10/18 19:36
I'm an X

====================================================== results
no errors detected

====================================================== search finished: 23/10/18 19:36
  running jpf with args:
JavaPathfinder core system v8.0 (rev 28c066f86c2cd268b8c9b9959161e3d07c6146c6) - (C) 2005-2014 United States Government. All rights reserved.


====================================================== system under test
gov.nasa.jpf.test.vm.reflection.ConstructorTest.runTestMethod()

====================================================== search started: 23/10/18 19:36
ctor parameter annotation: @gov.nasa.jpf.test.vm.reflection.ConstructorTest$A(value=this is a parameter annotation)
====================================================== results
no errors detected

====================================================== search finished: 23/10/18 19:36
  running jpf with args:
JavaPathfinder core system v8.0 (rev 28c066f86c2cd268b8c9b9959161e3d07c6146c6) - (C) 2005-2014 United States Government. All rights reserved.


====================================================== system under test
gov.nasa.jpf.test.vm.reflection.ConstructorTest.runTestMethod()

====================================================== search started: 23/10/18 19:36
ctor annotation: @gov.nasa.jpf.test.vm.reflection.ConstructorTest$A(value=this is a ctor annotation)
====================================================== results
no errors detected

====================================================== search finished: 23/10/18 19:36
  running jpf with args:
JavaPathfinder core system v8.0 (rev 28c066f86c2cd268b8c9b9959161e3d07c6146c6) - (C) 2005-2014 United States Government. All rights reserved.


====================================================== system under test
gov.nasa.jpf.test.vm.reflection.ConstructorTest.runTestMethod()

====================================================== search started: 23/10/18 19:36

====================================================== results
no errors detected

====================================================== search finished: 23/10/18 19:36
]]></system-out>
  <system-err><![CDATA[]]></system-err>
</testsuite>
