<?xml version="1.0" encoding="UTF-8"?>
<testsuite name="java8.LambdaTest" tests="15" skipped="0" failures="0" errors="0" timestamp="2018-10-23T18:34:52" hostname="boombox" time="0.829">
  <properties/>
  <testcase name="testFuncObjAssignment" classname="java8.LambdaTest" time="0.272"/>
  <testcase name="testSAMReturn" classname="java8.LambdaTest" time="0.07"/>
  <testcase name="testPassingToMethod" classname="java8.LambdaTest" time="0.054"/>
  <testcase name="testRepeatInvokedynamic" classname="java8.LambdaTest" time="0.039"/>
  <testcase name="testLambdaArgument" classname="java8.LambdaTest" time="0.039"/>
  <testcase name="testDoubleCloneOperator" classname="java8.LambdaTest" time="0.034"/>
  <testcase name="testInitDoubleCloneOperator" classname="java8.LambdaTest" time="0.043"/>
  <testcase name="testNullCaptureValues" classname="java8.LambdaTest" time="0.037"/>
  <testcase name="testLambdaTypeName" classname="java8.LambdaTest" time="0.039"/>
  <testcase name="testClosure" classname="java8.LambdaTest" time="0.034"/>
  <testcase name="testLambdaWithMultipleSuperInterfaces" classname="java8.LambdaTest" time="0.03"/>
  <testcase name="testClinitDeadlock" classname="java8.LambdaTest" time="0.041"/>
  <testcase name="testSyntheticFuncObjClass" classname="java8.LambdaTest" time="0.032"/>
  <testcase name="testFreeVariables" classname="java8.LambdaTest" time="0.03"/>
  <testcase name="testLambdaWithOverridenDefaultMethods" classname="java8.LambdaTest" time="0.032"/>
  <system-out><![CDATA[  running jpf with args:
JavaPathfinder core system v8.0 (rev 28c066f86c2cd268b8c9b9959161e3d07c6146c6) - (C) 2005-2014 United States Government. All rights reserved.


====================================================== system under test
java8.LambdaTest.runTestMethod()

====================================================== search started: 23/10/18 19:34

====================================================== error 1
gov.nasa.jpf.vm.NoUncaughtExceptionsProperty
java8.LambdaTest$EnforcedException
	at java8.LambdaTest.lambda$testFuncObjAssignment$0(LambdaTest.java:40)
	at java8.LambdaTest$$Lambda$0.run


====================================================== snapshot #1
thread java.lang.Thread:{id:1,name:Thread-1,status:RUNNING,priority:5,isDaemon:false,lockCount:0,suspendCount:0}
  call stack:
	at java8.LambdaTest.lambda$testFuncObjAssignment$0(LambdaTest.java:40)
	at java8.LambdaTest$$Lambda$0.run(pc 0)


====================================================== results
error #1: gov.nasa.jpf.vm.NoUncaughtExceptionsProperty "java8.LambdaTest$EnforcedException  at java8.Lambd..."

====================================================== search finished: 23/10/18 19:34
  running jpf with args:
JavaPathfinder core system v8.0 (rev 28c066f86c2cd268b8c9b9959161e3d07c6146c6) - (C) 2005-2014 United States Government. All rights reserved.


====================================================== system under test
java8.LambdaTest.runTestMethod()

====================================================== search started: 23/10/18 19:34

====================================================== results
no errors detected

====================================================== search finished: 23/10/18 19:34
  running jpf with args:
JavaPathfinder core system v8.0 (rev 28c066f86c2cd268b8c9b9959161e3d07c6146c6) - (C) 2005-2014 United States Government. All rights reserved.


====================================================== system under test
java8.LambdaTest.runTestMethod()

====================================================== search started: 23/10/18 19:34

====================================================== error 1
gov.nasa.jpf.vm.NoUncaughtExceptionsProperty
java8.LambdaTest$EnforcedException
	at java8.LambdaTest.lambda$testPassingToMethod$5(LambdaTest.java:145)
	at java8.LambdaTest$$Lambda$5.sam
	at java8.LambdaTest.method(LambdaTest.java:134)
	at java8.LambdaTest.testPassingToMethod(LambdaTest.java:142)
	at java.lang.reflect.Method.invoke(gov.nasa.jpf.vm.JPF_java_lang_reflect_Method)
	at gov.nasa.jpf.util.test.TestJPF.runTestMethod(TestJPF.java:648)


====================================================== snapshot #1
thread java.lang.Thread:{id:0,name:main,status:RUNNING,priority:5,isDaemon:false,lockCount:0,suspendCount:0}
  call stack:
	at gov.nasa.jpf.util.test.TestJPF.runTestMethod(TestJPF.java:650)


====================================================== results
error #1: gov.nasa.jpf.vm.NoUncaughtExceptionsProperty "java8.LambdaTest$EnforcedException  at java8.Lambd..."

====================================================== search finished: 23/10/18 19:34
  running jpf with args:
JavaPathfinder core system v8.0 (rev 28c066f86c2cd268b8c9b9959161e3d07c6146c6) - (C) 2005-2014 United States Government. All rights reserved.


====================================================== system under test
java8.LambdaTest.runTestMethod()

====================================================== search started: 23/10/18 19:34

====================================================== results
no errors detected

====================================================== search finished: 23/10/18 19:34
  running jpf with args:
JavaPathfinder core system v8.0 (rev 28c066f86c2cd268b8c9b9959161e3d07c6146c6) - (C) 2005-2014 United States Government. All rights reserved.


====================================================== system under test
java8.LambdaTest.runTestMethod()

====================================================== search started: 23/10/18 19:34

====================================================== results
no errors detected

====================================================== search finished: 23/10/18 19:34
  running jpf with args:
JavaPathfinder core system v8.0 (rev 28c066f86c2cd268b8c9b9959161e3d07c6146c6) - (C) 2005-2014 United States Government. All rights reserved.


====================================================== system under test
java8.LambdaTest.runTestMethod()

====================================================== search started: 23/10/18 19:34

====================================================== error 1
gov.nasa.jpf.vm.NoUncaughtExceptionsProperty
java8.LambdaTest$EnforcedException
	at java8.LambdaTest$C2.throwException(LambdaTest.java:175)
	at java8.LambdaTest$$Lambda$7.sam
	at java8.LambdaTest.testDoubleCloneOperator(LambdaTest.java:183)
	at java.lang.reflect.Method.invoke(gov.nasa.jpf.vm.JPF_java_lang_reflect_Method)
	at gov.nasa.jpf.util.test.TestJPF.runTestMethod(TestJPF.java:648)


====================================================== snapshot #1
thread java.lang.Thread:{id:0,name:main,status:RUNNING,priority:5,isDaemon:false,lockCount:0,suspendCount:0}
  call stack:
	at gov.nasa.jpf.util.test.TestJPF.runTestMethod(TestJPF.java:650)


====================================================== results
error #1: gov.nasa.jpf.vm.NoUncaughtExceptionsProperty "java8.LambdaTest$EnforcedException  at java8.Lambd..."

====================================================== search finished: 23/10/18 19:34
  running jpf with args:
JavaPathfinder core system v8.0 (rev 28c066f86c2cd268b8c9b9959161e3d07c6146c6) - (C) 2005-2014 United States Government. All rights reserved.


====================================================== system under test
java8.LambdaTest.runTestMethod()

====================================================== search started: 23/10/18 19:34

====================================================== error 1
gov.nasa.jpf.vm.NoUncaughtExceptionsProperty
java8.LambdaTest$EnforcedException
	at java8.LambdaTest$A.<clinit>(LambdaTest.java:190)
	at java8.LambdaTest$$Lambda$8.run


====================================================== snapshot #1
thread java.lang.Thread:{id:1,name:Thread-1,status:RUNNING,priority:5,isDaemon:false,lockCount:0,suspendCount:0}
  owned locks:java.lang.Class@19f
  call stack:
	at java8.LambdaTest$A.<clinit>(LambdaTest.java:190)
	at java8.LambdaTest$$Lambda$8.run(pc 0)


====================================================== results
error #1: gov.nasa.jpf.vm.NoUncaughtExceptionsProperty "java8.LambdaTest$EnforcedException  at java8.Lambd..."

====================================================== search finished: 23/10/18 19:34
  running jpf with args:
JavaPathfinder core system v8.0 (rev 28c066f86c2cd268b8c9b9959161e3d07c6146c6) - (C) 2005-2014 United States Government. All rights reserved.


====================================================== system under test
java8.LambdaTest.runTestMethod()

====================================================== search started: 23/10/18 19:34

====================================================== results
no errors detected

====================================================== search finished: 23/10/18 19:34
  running jpf with args:
JavaPathfinder core system v8.0 (rev 28c066f86c2cd268b8c9b9959161e3d07c6146c6) - (C) 2005-2014 United States Government. All rights reserved.


====================================================== system under test
java8.LambdaTest.runTestMethod()

====================================================== search started: 23/10/18 19:34

====================================================== results
no errors detected

====================================================== search finished: 23/10/18 19:34
  running jpf with args:
JavaPathfinder core system v8.0 (rev 28c066f86c2cd268b8c9b9959161e3d07c6146c6) - (C) 2005-2014 United States Government. All rights reserved.


====================================================== system under test
java8.LambdaTest.runTestMethod()

====================================================== search started: 23/10/18 19:34

====================================================== results
no errors detected

====================================================== search finished: 23/10/18 19:34
  running jpf with args:
JavaPathfinder core system v8.0 (rev 28c066f86c2cd268b8c9b9959161e3d07c6146c6) - (C) 2005-2014 United States Government. All rights reserved.


====================================================== system under test
java8.LambdaTest.runTestMethod()

====================================================== search started: 23/10/18 19:34

====================================================== results
no errors detected

====================================================== search finished: 23/10/18 19:34
  running jpf with args:
JavaPathfinder core system v8.0 (rev 28c066f86c2cd268b8c9b9959161e3d07c6146c6) - (C) 2005-2014 United States Government. All rights reserved.


====================================================== system under test
java8.LambdaTest.runTestMethod()

====================================================== search started: 23/10/18 19:34

====================================================== error 1
gov.nasa.jpf.vm.NotDeadlockedProperty
deadlock encountered:
  thread java.lang.Thread:{id:0,name:main,status:BLOCKED,priority:5,isDaemon:false,lockCount:0,suspendCount:0}
  thread java.lang.Thread:{id:1,name:Thread-1,status:BLOCKED,priority:5,isDaemon:false,lockCount:0,suspendCount:0}


====================================================== snapshot #1
thread java.lang.Thread:{id:0,name:main,status:BLOCKED,priority:5,isDaemon:false,lockCount:0,suspendCount:0}
  owned locks:java.lang.Class@193
  blocked on: java.lang.Class@196
  call stack:
	at java8.LambdaTest$B.<clinit>(LambdaTest.java:207)
	at java8.LambdaTest.testClinitDeadlock(LambdaTest.java:214)
	at java.lang.reflect.Method.invoke(Method.java)
	at gov.nasa.jpf.util.test.TestJPF.runTestMethod(TestJPF.java:648)

thread java.lang.Thread:{id:1,name:Thread-1,status:BLOCKED,priority:5,isDaemon:false,lockCount:0,suspendCount:0}
  owned locks:java.lang.Class@196
  blocked on: java.lang.Class@193
  call stack:
	at java8.LambdaTest$D.<clinit>(LambdaTest.java:203)
	at java8.LambdaTest$$Lambda$9.run(pc 0)


====================================================== results
error #1: gov.nasa.jpf.vm.NotDeadlockedProperty "deadlock encountered:   thread java.lang.Thread:{i..."

====================================================== search finished: 23/10/18 19:34
  running jpf with args:
JavaPathfinder core system v8.0 (rev 28c066f86c2cd268b8c9b9959161e3d07c6146c6) - (C) 2005-2014 United States Government. All rights reserved.


====================================================== system under test
java8.LambdaTest.runTestMethod()

====================================================== search started: 23/10/18 19:34

====================================================== results
no errors detected

====================================================== search finished: 23/10/18 19:34
  running jpf with args:
JavaPathfinder core system v8.0 (rev 28c066f86c2cd268b8c9b9959161e3d07c6146c6) - (C) 2005-2014 United States Government. All rights reserved.


====================================================== system under test
java8.LambdaTest.runTestMethod()

====================================================== search started: 23/10/18 19:34

====================================================== results
no errors detected

====================================================== search finished: 23/10/18 19:34
  running jpf with args:
JavaPathfinder core system v8.0 (rev 28c066f86c2cd268b8c9b9959161e3d07c6146c6) - (C) 2005-2014 United States Government. All rights reserved.


====================================================== system under test
java8.LambdaTest.runTestMethod()

====================================================== search started: 23/10/18 19:34

====================================================== results
no errors detected

====================================================== search finished: 23/10/18 19:34
]]></system-out>
  <system-err><![CDATA[]]></system-err>
</testsuite>
