<?xml version="1.0" encoding="UTF-8"?>
<testsuite name="gov.nasa.jpf.test.vm.threads.ThreadTest" tests="10" skipped="0" failures="0" errors="0" timestamp="2018-10-23T18:36:16" hostname="boombox" time="0.718">
  <properties/>
  <testcase name="testYield" classname="gov.nasa.jpf.test.vm.threads.ThreadTest" time="0.261"/>
  <testcase name="testJoin" classname="gov.nasa.jpf.test.vm.threads.ThreadTest" time="0.059"/>
  <testcase name="testMain" classname="gov.nasa.jpf.test.vm.threads.ThreadTest" time="0.048"/>
  <testcase name="testName" classname="gov.nasa.jpf.test.vm.threads.ThreadTest" time="0.042"/>
  <testcase name="testDaemonTermination" classname="gov.nasa.jpf.test.vm.threads.ThreadTest" time="0.053"/>
  <testcase name="testSimpleThreadGroup" classname="gov.nasa.jpf.test.vm.threads.ThreadTest" time="0.067"/>
  <testcase name="testPriority" classname="gov.nasa.jpf.test.vm.threads.ThreadTest" time="0.036"/>
  <testcase name="testInterrupt" classname="gov.nasa.jpf.test.vm.threads.ThreadTest" time="0.045"/>
  <testcase name="testDaemon" classname="gov.nasa.jpf.test.vm.threads.ThreadTest" time="0.046"/>
  <testcase name="testTimeoutJoin" classname="gov.nasa.jpf.test.vm.threads.ThreadTest" time="0.057"/>
  <system-out><![CDATA[  running jpf with args: +cg.threads.break_start=true +cg.threads.break_yield=true
JavaPathfinder core system v8.0 (rev 28c066f86c2cd268b8c9b9959161e3d07c6146c6) - (C) 2005-2014 United States Government. All rights reserved.


====================================================== system under test
gov.nasa.jpf.test.vm.threads.ThreadTest.runTestMethod()

====================================================== search started: 23/10/18 19:36

====================================================== results
no errors detected

====================================================== search finished: 23/10/18 19:36
  running jpf with args:
JavaPathfinder core system v8.0 (rev 28c066f86c2cd268b8c9b9959161e3d07c6146c6) - (C) 2005-2014 United States Government. All rights reserved.


====================================================== system under test
gov.nasa.jpf.test.vm.threads.ThreadTest.runTestMethod()

====================================================== search started: 23/10/18 19:36

====================================================== results
no errors detected

====================================================== search finished: 23/10/18 19:36
  running jpf with args:
JavaPathfinder core system v8.0 (rev 28c066f86c2cd268b8c9b9959161e3d07c6146c6) - (C) 2005-2014 United States Government. All rights reserved.


====================================================== system under test
gov.nasa.jpf.test.vm.threads.ThreadTest.runTestMethod()

====================================================== search started: 23/10/18 19:36

====================================================== results
no errors detected

====================================================== search finished: 23/10/18 19:36
  running jpf with args:
JavaPathfinder core system v8.0 (rev 28c066f86c2cd268b8c9b9959161e3d07c6146c6) - (C) 2005-2014 United States Government. All rights reserved.


====================================================== system under test
gov.nasa.jpf.test.vm.threads.ThreadTest.runTestMethod()

====================================================== search started: 23/10/18 19:36

====================================================== results
no errors detected

====================================================== search finished: 23/10/18 19:36
  running jpf with args: +cg.threads.break_start=true +cg.threads.break_yield=true
JavaPathfinder core system v8.0 (rev 28c066f86c2cd268b8c9b9959161e3d07c6146c6) - (C) 2005-2014 United States Government. All rights reserved.


====================================================== system under test
gov.nasa.jpf.test.vm.threads.ThreadTest.runTestMethod()

====================================================== search started: 23/10/18 19:36
main terminating
  daemon running in round: 1
main terminating
main terminating
main terminating
main terminating
  daemon running in round: 1
main terminating
  daemon running in round: 1

====================================================== results
no errors detected

====================================================== search finished: 23/10/18 19:36
  running jpf with args:
JavaPathfinder core system v8.0 (rev 28c066f86c2cd268b8c9b9959161e3d07c6146c6) - (C) 2005-2014 United States Government. All rights reserved.


====================================================== system under test
gov.nasa.jpf.test.vm.threads.ThreadTest.runTestMethod()

====================================================== search started: 23/10/18 19:36
-- main thread started
-- t started
-- t terminated
-- main thread terminated
-- t started
-- t terminated
-- t terminated
-- t terminated
-- t terminated
-- t terminated
-- t terminated
-- t terminated
-- t terminated
-- t terminated
-- main thread terminated

====================================================== results
no errors detected

====================================================== search finished: 23/10/18 19:36
  running jpf with args:
JavaPathfinder core system v8.0 (rev 28c066f86c2cd268b8c9b9959161e3d07c6146c6) - (C) 2005-2014 United States Government. All rights reserved.


====================================================== system under test
gov.nasa.jpf.test.vm.threads.ThreadTest.runTestMethod()

====================================================== search started: 23/10/18 19:36

====================================================== results
no errors detected

====================================================== search finished: 23/10/18 19:36
  running jpf with args:
JavaPathfinder core system v8.0 (rev 28c066f86c2cd268b8c9b9959161e3d07c6146c6) - (C) 2005-2014 United States Government. All rights reserved.


====================================================== system under test
gov.nasa.jpf.test.vm.threads.ThreadTest.runTestMethod()

====================================================== search started: 23/10/18 19:36
-- t waiting
-- main thread interrupting...
-- t interrupted
-- t terminated
-- main thread terminated
-- t interrupted
-- t terminated
-- t terminated
-- main thread terminated
-- t waiting
-- main thread interrupting...
-- t waiting
-- main thread interrupting...
-- t waiting
-- main thread interrupting...

====================================================== results
no errors detected

====================================================== search finished: 23/10/18 19:36
  running jpf with args:
JavaPathfinder core system v8.0 (rev 28c066f86c2cd268b8c9b9959161e3d07c6146c6) - (C) 2005-2014 United States Government. All rights reserved.


====================================================== system under test
gov.nasa.jpf.test.vm.threads.ThreadTest.runTestMethod()

====================================================== search started: 23/10/18 19:36

====================================================== results
no errors detected

====================================================== search finished: 23/10/18 19:36
  running jpf with args:
JavaPathfinder core system v8.0 (rev 28c066f86c2cd268b8c9b9959161e3d07c6146c6) - (C) 2005-2014 United States Government. All rights reserved.


====================================================== system under test
gov.nasa.jpf.test.vm.threads.ThreadTest.runTestMethod()

====================================================== search started: 23/10/18 19:36
[main] joining..
[main] joined, t state: RUNNABLE
[t] started
[t] finished
[t] started
[t] finished
[t] started
[t] finished
[t] finished
[t] finished
[main] joined, t state: RUNNABLE
[t] started
[main] joined, t state: RUNNABLE
[t] finished
[main] joined, t state: TERMINATED
[main] joining..
[main] joined, t state: RUNNABLE
[t] started
[t] finished
[t] started
[t] started
[t] started
[main] joining..
[main] joined, t state: RUNNABLE
[main] joining..
[t] finished
[main] joining..
[main] joined, t state: TERMINATED

====================================================== results
no errors detected

====================================================== search finished: 23/10/18 19:36
]]></system-out>
  <system-err><![CDATA[]]></system-err>
</testsuite>
