<?xml version="1.0" encoding="UTF-8"?>
<testsuite name="gov.nasa.jpf.vm.multiProcess.NativePeerTest" tests="1" skipped="0" failures="0" errors="0" timestamp="2018-10-23T18:35:02" hostname="boombox" time="0.312">
  <properties/>
  <testcase name="nativePeerTest" classname="gov.nasa.jpf.vm.multiProcess.NativePeerTest" time="0.312"/>
  <system-out><![CDATA[  running jpf with args: +vm.max_transition_length=MAX
JavaPathfinder core system v8.0 (rev 28c066f86c2cd268b8c9b9959161e3d07c6146c6) - (C) 2005-2014 United States Government. All rights reserved.


====================================================== system under test
gov.nasa.jpf.vm.multiProcess.NativePeerTest.runTestMethod()+gov.nasa.jpf.vm.multiProcess.NativePeerTest.runTestMethod()

====================================================== search started: 23/10/18 19:35

====================================================== results
no errors detected

====================================================== search finished: 23/10/18 19:35
]]></system-out>
  <system-err><![CDATA[]]></system-err>
</testsuite>
