<?xml version="1.0" encoding="UTF-8"?>
<testsuite name="gov.nasa.jpf.test.vm.threads.ThreadStopTest" tests="9" skipped="0" failures="0" errors="0" timestamp="2018-10-23T18:36:17" hostname="boombox" time="0.71">
  <properties/>
  <testcase name="testStopBlocked" classname="gov.nasa.jpf.test.vm.threads.ThreadStopTest" time="0.287"/>
  <testcase name="testStopJoin" classname="gov.nasa.jpf.test.vm.threads.ThreadStopTest" time="0.088"/>
  <testcase name="testStopSelf" classname="gov.nasa.jpf.test.vm.threads.ThreadStopTest" time="0.063"/>
  <testcase name="testStopNewSyncThread" classname="gov.nasa.jpf.test.vm.threads.ThreadStopTest" time="0.043"/>
  <testcase name="testStopHandler" classname="gov.nasa.jpf.test.vm.threads.ThreadStopTest" time="0.051"/>
  <testcase name="testStopWaiting" classname="gov.nasa.jpf.test.vm.threads.ThreadStopTest" time="0.051"/>
  <testcase name="testStopNewThread" classname="gov.nasa.jpf.test.vm.threads.ThreadStopTest" time="0.037"/>
  <testcase name="testStopTerminated" classname="gov.nasa.jpf.test.vm.threads.ThreadStopTest" time="0.041"/>
  <testcase name="testStopRunning" classname="gov.nasa.jpf.test.vm.threads.ThreadStopTest" time="0.047"/>
  <system-out><![CDATA[  running jpf with args:
JavaPathfinder core system v8.0 (rev 28c066f86c2cd268b8c9b9959161e3d07c6146c6) - (C) 2005-2014 United States Government. All rights reserved.


====================================================== system under test
gov.nasa.jpf.test.vm.threads.ThreadStopTest.runTestMethod()

====================================================== search started: 23/10/18 19:36
# main now starting t
# t running, now blocking on lock..
# main now stopping t
# main now releasing lock
# main now joining the stopped thread..
# main joined thread
# main now joining the stopped thread..
# main joined thread
# t running, now blocking on lock..
# main now stopping t
# main now releasing lock

====================================================== results
no errors detected

====================================================== search finished: 23/10/18 19:36
  running jpf with args:
JavaPathfinder core system v8.0 (rev 28c066f86c2cd268b8c9b9959161e3d07c6146c6) - (C) 2005-2014 United States Government. All rights reserved.


====================================================== system under test
gov.nasa.jpf.test.vm.threads.ThreadStopTest.runTestMethod()

====================================================== search started: 23/10/18 19:36
# waitee running
# waitee now waiting for main to signal..
# main now starting t
# t now joining waitee..
# main now stopping t
# main now notifying waitee
# main now joining waitee
# waitee terminating
# main now joining t
# main now joining t
# main now joining t
# waitee terminating
# main now joining t
# waitee terminating
# main now joining waitee
# main now joining waitee
# main now joining t
# t now joining waitee..
# main now stopping t
# main now notifying waitee
# waitee running
# waitee now waiting for main to signal..
# main now starting t

====================================================== results
no errors detected

====================================================== search finished: 23/10/18 19:36
  running jpf with args:
JavaPathfinder core system v8.0 (rev 28c066f86c2cd268b8c9b9959161e3d07c6146c6) - (C) 2005-2014 United States Government. All rights reserved.


====================================================== system under test
gov.nasa.jpf.test.vm.threads.ThreadStopTest.runTestMethod()

====================================================== search started: 23/10/18 19:36
# main now starting the thread
# main now joining the thread..
# t running
# main now joining the thread..
# t running
# t running
# main now joining the thread..
# main now joining the thread..
# main joined thread

====================================================== results
no errors detected

====================================================== search finished: 23/10/18 19:36
  running jpf with args:
JavaPathfinder core system v8.0 (rev 28c066f86c2cd268b8c9b9959161e3d07c6146c6) - (C) 2005-2014 United States Government. All rights reserved.


====================================================== system under test
gov.nasa.jpf.test.vm.threads.ThreadStopTest.runTestMethod()

====================================================== search started: 23/10/18 19:36
# now starting the stopped thread
# main got past start of stopped sync thread
# main released lock for stopped sync thread

====================================================== results
no errors detected

====================================================== search finished: 23/10/18 19:36
  running jpf with args:
JavaPathfinder core system v8.0 (rev 28c066f86c2cd268b8c9b9959161e3d07c6146c6) - (C) 2005-2014 United States Government. All rights reserved.


====================================================== system under test
gov.nasa.jpf.test.vm.threads.ThreadStopTest.runTestMethod()

====================================================== search started: 23/10/18 19:36
# main now starting t
# t running, now waiting on lock
# main now stopping t
# main now notifying
# main now joining the stopped thread..
# t caught ThreadDeath
# main joined thread
# t caught ThreadDeath
# main now joining the stopped thread..
# main now joining the stopped thread..
# main joined thread
# t running, now waiting on lock
# main now stopping t
# main now notifying

====================================================== results
no errors detected

====================================================== search finished: 23/10/18 19:36
  running jpf with args:
JavaPathfinder core system v8.0 (rev 28c066f86c2cd268b8c9b9959161e3d07c6146c6) - (C) 2005-2014 United States Government. All rights reserved.


====================================================== system under test
gov.nasa.jpf.test.vm.threads.ThreadStopTest.runTestMethod()

====================================================== search started: 23/10/18 19:36
# main now starting t
# t running, now waiting on lock
# main now stopping t
# main now notifying
# main now joining the stopped thread..
# main joined thread
# main now joining the stopped thread..
# main joined thread
# t running, now waiting on lock
# main now stopping t
# main now notifying

====================================================== results
no errors detected

====================================================== search finished: 23/10/18 19:36
  running jpf with args:
JavaPathfinder core system v8.0 (rev 28c066f86c2cd268b8c9b9959161e3d07c6146c6) - (C) 2005-2014 United States Government. All rights reserved.


====================================================== system under test
gov.nasa.jpf.test.vm.threads.ThreadStopTest.runTestMethod()

====================================================== search started: 23/10/18 19:36
# now starting the stopped thread
# main got past start of stopped thread

====================================================== results
no errors detected

====================================================== search finished: 23/10/18 19:36
  running jpf with args:
JavaPathfinder core system v8.0 (rev 28c066f86c2cd268b8c9b9959161e3d07c6146c6) - (C) 2005-2014 United States Government. All rights reserved.


====================================================== system under test
gov.nasa.jpf.test.vm.threads.ThreadStopTest.runTestMethod()

====================================================== search started: 23/10/18 19:36
# main now starting t
# t running
# main now stopping dead t
# main survived stopping t
# t running
# main now stopping dead t
# main survived stopping t

====================================================== results
no errors detected

====================================================== search finished: 23/10/18 19:36
  running jpf with args:
JavaPathfinder core system v8.0 (rev 28c066f86c2cd268b8c9b9959161e3d07c6146c6) - (C) 2005-2014 United States Government. All rights reserved.


====================================================== system under test
gov.nasa.jpf.test.vm.threads.ThreadStopTest.runTestMethod()

====================================================== search started: 23/10/18 19:36
# main now starting t
# t running
# main now stopping t
# main now joining the stopped thread..
# main joined thread
# t running
# main now stopping t

====================================================== results
no errors detected

====================================================== search finished: 23/10/18 19:36
]]></system-out>
  <system-err><![CDATA[]]></system-err>
</testsuite>
