<?xml version="1.0" encoding="UTF-8"?>
<testsuite name="TypeNameTest" tests="1" skipped="0" failures="0" errors="0" timestamp="2018-10-23T18:34:55" hostname="boombox" time="0.232">
  <properties/>
  <testcase name="testArrayCloning" classname="TypeNameTest" time="0.232"/>
  <system-out><![CDATA[  running jpf with args:
JavaPathfinder core system v8.0 (rev 28c066f86c2cd268b8c9b9959161e3d07c6146c6) - (C) 2005-2014 United States Government. All rights reserved.


====================================================== system under test
TypeNameTest.runTestMethod()

====================================================== search started: 23/10/18 19:34

====================================================== results
no errors detected

====================================================== search finished: 23/10/18 19:34
]]></system-out>
  <system-err><![CDATA[]]></system-err>
</testsuite>
