<?xml version="1.0" encoding="UTF-8"?>
<testsuite name="gov.nasa.jpf.test.mc.data.StopWatchFuzzerTest" tests="1" skipped="0" failures="0" errors="0" timestamp="2018-10-23T18:35:48" hostname="boombox" time="0.266">
  <properties/>
  <testcase name="testPaths" classname="gov.nasa.jpf.test.mc.data.StopWatchFuzzerTest" time="0.266"/>
  <system-out><![CDATA[  running jpf with args: +listener=.listener.StopWatchFuzzer
JavaPathfinder core system v8.0 (rev 28c066f86c2cd268b8c9b9959161e3d07c6146c6) - (C) 2005-2014 United States Government. All rights reserved.


====================================================== system under test
gov.nasa.jpf.test.mc.data.StopWatchFuzzerTest.runTestMethod()

====================================================== search started: 23/10/18 19:35
some lengthy computation..
all fine, finished in time
all fine, finished in time
panic, we didn't make it in time

====================================================== results
no errors detected

====================================================== search finished: 23/10/18 19:35
]]></system-out>
  <system-err><![CDATA[]]></system-err>
</testsuite>
