<?xml version="1.0" encoding="UTF-8"?>
<testsuite name="gov.nasa.jpf.test.mc.basic.OOMEInjectorTest" tests="3" skipped="0" failures="0" errors="0" timestamp="2018-10-23T18:35:12" hostname="boombox" time="0.357">
  <properties/>
  <testcase name="testScope" classname="gov.nasa.jpf.test.mc.basic.OOMEInjectorTest" time="0.239"/>
  <testcase name="testType" classname="gov.nasa.jpf.test.mc.basic.OOMEInjectorTest" time="0.065"/>
  <testcase name="testDirectLoc" classname="gov.nasa.jpf.test.mc.basic.OOMEInjectorTest" time="0.053"/>
  <system-out><![CDATA[  running jpf with args: +listener=.listener.OOMEInjector +oome.locations=OOMEInjectorTest.java:52-53
JavaPathfinder core system v8.0 (rev 28c066f86c2cd268b8c9b9959161e3d07c6146c6) - (C) 2005-2014 United States Government. All rights reserved.


====================================================== system under test
gov.nasa.jpf.test.mc.basic.OOMEInjectorTest.runTestMethod()

====================================================== search started: 23/10/18 19:35

====================================================== error 1
gov.nasa.jpf.vm.NoUncaughtExceptionsProperty
java.lang.OutOfMemoryError
	at gov.nasa.jpf.test.mc.basic.OOMEInjectorTest.testScope(OOMEInjectorTest.java:49)
	at java.lang.reflect.Method.invoke(gov.nasa.jpf.vm.JPF_java_lang_reflect_Method)
	at gov.nasa.jpf.util.test.TestJPF.runTestMethod(TestJPF.java:648)


====================================================== snapshot #1
thread java.lang.Thread:{id:0,name:main,status:RUNNING,priority:5,isDaemon:false,lockCount:0,suspendCount:0}
  call stack:
	at gov.nasa.jpf.util.test.TestJPF.runTestMethod(TestJPF.java:650)


====================================================== results
error #1: gov.nasa.jpf.vm.NoUncaughtExceptionsProperty "java.lang.OutOfMemoryError  at gov.nasa.jpf.test.m..."

====================================================== search finished: 23/10/18 19:35
  running jpf with args: +listener=.listener.OOMEInjector +oome.types=*DontAllocateMe+
JavaPathfinder core system v8.0 (rev 28c066f86c2cd268b8c9b9959161e3d07c6146c6) - (C) 2005-2014 United States Government. All rights reserved.


====================================================== system under test
gov.nasa.jpf.test.mc.basic.OOMEInjectorTest.runTestMethod()

====================================================== search started: 23/10/18 19:35
java.lang.OutOfMemoryError
	at gov.nasa.jpf.test.mc.basic.OOMEInjectorTest.testType(OOMEInjectorTest.java:69)
	at java.lang.reflect.Method.invoke(gov.nasa.jpf.vm.JPF_java_lang_reflect_Method)
	at gov.nasa.jpf.util.test.TestJPF.runTestMethod(TestJPF.java:648)

====================================================== results
no errors detected

====================================================== search finished: 23/10/18 19:35
  running jpf with args: +listener=.listener.OOMEInjector +oome.locations=OOMEInjectorTest.java:32
JavaPathfinder core system v8.0 (rev 28c066f86c2cd268b8c9b9959161e3d07c6146c6) - (C) 2005-2014 United States Government. All rights reserved.


====================================================== system under test
gov.nasa.jpf.test.mc.basic.OOMEInjectorTest.runTestMethod()

====================================================== search started: 23/10/18 19:35

====================================================== error 1
gov.nasa.jpf.vm.NoUncaughtExceptionsProperty
java.lang.OutOfMemoryError
	at gov.nasa.jpf.test.mc.basic.OOMEInjectorTest.testDirectLoc(OOMEInjectorTest.java:30)
	at java.lang.reflect.Method.invoke(gov.nasa.jpf.vm.JPF_java_lang_reflect_Method)
	at gov.nasa.jpf.util.test.TestJPF.runTestMethod(TestJPF.java:648)


====================================================== snapshot #1
thread java.lang.Thread:{id:0,name:main,status:RUNNING,priority:5,isDaemon:false,lockCount:0,suspendCount:0}
  call stack:
	at gov.nasa.jpf.util.test.TestJPF.runTestMethod(TestJPF.java:650)


====================================================== results
error #1: gov.nasa.jpf.vm.NoUncaughtExceptionsProperty "java.lang.OutOfMemoryError  at gov.nasa.jpf.test.m..."

====================================================== search finished: 23/10/18 19:35
]]></system-out>
  <system-err><![CDATA[]]></system-err>
</testsuite>
