<?xml version="1.0" encoding="UTF-8"?>
<testsuite name="gov.nasa.jpf.test.mc.basic.SharedPropagationTest" tests="4" skipped="0" failures="0" errors="0" timestamp="2018-10-23T18:35:17" hostname="boombox" time="0.467">
  <properties/>
  <testcase name="testLocalRef" classname="gov.nasa.jpf.test.mc.basic.SharedPropagationTest" time="0.277"/>
  <testcase name="testHyber" classname="gov.nasa.jpf.test.mc.basic.SharedPropagationTest" time="0.066"/>
  <testcase name="testLevel1Ref" classname="gov.nasa.jpf.test.mc.basic.SharedPropagationTest" time="0.065"/>
  <testcase name="testStaticFieldPropagation" classname="gov.nasa.jpf.test.mc.basic.SharedPropagationTest" time="0.057"/>
  <system-out><![CDATA[  running jpf with args: +vm.scheduler.sharedness.class=.vm.GlobalSharednessPolicy
JavaPathfinder core system v8.0 (rev 28c066f86c2cd268b8c9b9959161e3d07c6146c6) - (C) 2005-2014 United States Government. All rights reserved.


====================================================== system under test
gov.nasa.jpf.test.mc.basic.SharedPropagationTest.runTestMethod()

====================================================== search started: 23/10/18 19:35

====================================================== error 1
gov.nasa.jpf.vm.NoUncaughtExceptionsProperty
gov.nasa.jpf.test.mc.basic.SharedPropagationTest$Gotcha
	at gov.nasa.jpf.test.mc.basic.SharedPropagationTest$T1.run(SharedPropagationTest.java:58)


====================================================== snapshot #1
thread java.lang.Thread:{id:0,name:main,status:RUNNING,priority:5,isDaemon:false,lockCount:0,suspendCount:0}
  call stack:
	at gov.nasa.jpf.test.mc.basic.SharedPropagationTest$T1.main(SharedPropagationTest.java:51)
	at gov.nasa.jpf.test.mc.basic.SharedPropagationTest.testLocalRef(SharedPropagationTest.java:67)
	at java.lang.reflect.Method.invoke(Method.java)
	at gov.nasa.jpf.util.test.TestJPF.runTestMethod(TestJPF.java:648)

thread gov.nasa.jpf.test.mc.basic.SharedPropagationTest$T1:{id:1,name:Thread-1,status:RUNNING,priority:5,isDaemon:false,lockCount:0,suspendCount:0}
  call stack:
	at gov.nasa.jpf.test.mc.basic.SharedPropagationTest$T1.run(SharedPropagationTest.java:58)


====================================================== results
error #1: gov.nasa.jpf.vm.NoUncaughtExceptionsProperty "gov.nasa.jpf.test.mc.basic.SharedPropagationTest$G..."

====================================================== search finished: 23/10/18 19:35
  running jpf with args: +vm.scheduler.sharedness.class=.vm.GlobalSharednessPolicy
JavaPathfinder core system v8.0 (rev 28c066f86c2cd268b8c9b9959161e3d07c6146c6) - (C) 2005-2014 United States Government. All rights reserved.


====================================================== system under test
gov.nasa.jpf.test.mc.basic.SharedPropagationTest.runTestMethod()

====================================================== search started: 23/10/18 19:35

====================================================== error 1
gov.nasa.jpf.vm.NoUncaughtExceptionsProperty
gov.nasa.jpf.test.mc.basic.SharedPropagationTest$Gotcha
	at gov.nasa.jpf.test.mc.basic.SharedPropagationTest$Timeout.run(SharedPropagationTest.java:206)


====================================================== snapshot #1
thread java.lang.Thread:{id:0,name:main,status:RUNNING,priority:5,isDaemon:false,lockCount:0,suspendCount:0}
  call stack:
	at gov.nasa.jpf.test.mc.basic.SharedPropagationTest$Hyber.main(SharedPropagationTest.java:172)
	at gov.nasa.jpf.test.mc.basic.SharedPropagationTest.testHyber(SharedPropagationTest.java:216)
	at java.lang.reflect.Method.invoke(Method.java)
	at gov.nasa.jpf.util.test.TestJPF.runTestMethod(TestJPF.java:648)

thread gov.nasa.jpf.test.mc.basic.SharedPropagationTest$Timeout:{id:1,name:Thread-1,status:RUNNING,priority:5,isDaemon:false,lockCount:0,suspendCount:0}
  call stack:
	at gov.nasa.jpf.test.mc.basic.SharedPropagationTest$Timeout.run(SharedPropagationTest.java:209)


====================================================== results
error #1: gov.nasa.jpf.vm.NoUncaughtExceptionsProperty "gov.nasa.jpf.test.mc.basic.SharedPropagationTest$G..."

====================================================== search finished: 23/10/18 19:35
  running jpf with args:
JavaPathfinder core system v8.0 (rev 28c066f86c2cd268b8c9b9959161e3d07c6146c6) - (C) 2005-2014 United States Government. All rights reserved.


====================================================== system under test
gov.nasa.jpf.test.mc.basic.SharedPropagationTest.runTestMethod()

====================================================== search started: 23/10/18 19:35

====================================================== error 1
gov.nasa.jpf.vm.NoUncaughtExceptionsProperty
gov.nasa.jpf.test.mc.basic.SharedPropagationTest$Gotcha
	at gov.nasa.jpf.test.mc.basic.SharedPropagationTest$T2.run(SharedPropagationTest.java:104)


====================================================== snapshot #1
thread java.lang.Thread:{id:0,name:main,status:RUNNING,priority:5,isDaemon:false,lockCount:0,suspendCount:0}
  call stack:
	at gov.nasa.jpf.test.mc.basic.SharedPropagationTest$T2.main(SharedPropagationTest.java:97)
	at gov.nasa.jpf.test.mc.basic.SharedPropagationTest.testLevel1Ref(SharedPropagationTest.java:113)
	at java.lang.reflect.Method.invoke(Method.java)
	at gov.nasa.jpf.util.test.TestJPF.runTestMethod(TestJPF.java:648)

thread gov.nasa.jpf.test.mc.basic.SharedPropagationTest$T2:{id:1,name:Thread-1,status:RUNNING,priority:5,isDaemon:false,lockCount:0,suspendCount:0}
  call stack:
	at gov.nasa.jpf.test.mc.basic.SharedPropagationTest$T2.run(SharedPropagationTest.java:104)


====================================================== results
error #1: gov.nasa.jpf.vm.NoUncaughtExceptionsProperty "gov.nasa.jpf.test.mc.basic.SharedPropagationTest$G..."

====================================================== search finished: 23/10/18 19:35
  running jpf with args: +vm.scheduler.sharedness.class=.vm.GlobalSharednessPolicy
JavaPathfinder core system v8.0 (rev 28c066f86c2cd268b8c9b9959161e3d07c6146c6) - (C) 2005-2014 United States Government. All rights reserved.


====================================================== system under test
gov.nasa.jpf.test.mc.basic.SharedPropagationTest.runTestMethod()

====================================================== search started: 23/10/18 19:35

====================================================== error 1
gov.nasa.jpf.vm.NoUncaughtExceptionsProperty
gov.nasa.jpf.test.mc.basic.SharedPropagationTest$Gotcha
	at gov.nasa.jpf.test.mc.basic.SharedPropagationTest$T3.run(SharedPropagationTest.java:149)


====================================================== snapshot #1
thread java.lang.Thread:{id:0,name:main,status:RUNNING,priority:5,isDaemon:false,lockCount:0,suspendCount:0}
  call stack:
	at gov.nasa.jpf.test.mc.basic.SharedPropagationTest$T3.main(SharedPropagationTest.java:142)
	at gov.nasa.jpf.test.mc.basic.SharedPropagationTest.testStaticFieldPropagation(SharedPropagationTest.java:158)
	at java.lang.reflect.Method.invoke(Method.java)
	at gov.nasa.jpf.util.test.TestJPF.runTestMethod(TestJPF.java:648)

thread gov.nasa.jpf.test.mc.basic.SharedPropagationTest$T3:{id:1,name:Thread-1,status:RUNNING,priority:5,isDaemon:false,lockCount:0,suspendCount:0}
  call stack:
	at gov.nasa.jpf.test.mc.basic.SharedPropagationTest$T3.run(SharedPropagationTest.java:149)


====================================================== results
error #1: gov.nasa.jpf.vm.NoUncaughtExceptionsProperty "gov.nasa.jpf.test.mc.basic.SharedPropagationTest$G..."

====================================================== search finished: 23/10/18 19:35
]]></system-out>
  <system-err><![CDATA[]]></system-err>
</testsuite>
