<?xml version="1.0" encoding="UTF-8"?>
<testsuite name="gov.nasa.jpf.test.java.lang.reflect.ConstructorTest" tests="3" skipped="0" failures="0" errors="0" timestamp="2018-10-23T18:36:48" hostname="boombox" time="0.356">
  <properties/>
  <testcase name="isVarArgsTest" classname="gov.nasa.jpf.test.java.lang.reflect.ConstructorTest" time="0.248"/>
  <testcase name="equalsTest" classname="gov.nasa.jpf.test.java.lang.reflect.ConstructorTest" time="0.056"/>
  <testcase name="hashCodeTest" classname="gov.nasa.jpf.test.java.lang.reflect.ConstructorTest" time="0.052"/>
  <system-out><![CDATA[  running jpf with args:
JavaPathfinder core system v8.0 (rev 28c066f86c2cd268b8c9b9959161e3d07c6146c6) - (C) 2005-2014 United States Government. All rights reserved.


====================================================== system under test
gov.nasa.jpf.test.java.lang.reflect.ConstructorTest.runTestMethod()

====================================================== search started: 23/10/18 19:36

====================================================== results
no errors detected

====================================================== search finished: 23/10/18 19:36
  running jpf with args:
JavaPathfinder core system v8.0 (rev 28c066f86c2cd268b8c9b9959161e3d07c6146c6) - (C) 2005-2014 United States Government. All rights reserved.


====================================================== system under test
gov.nasa.jpf.test.java.lang.reflect.ConstructorTest.runTestMethod()

====================================================== search started: 23/10/18 19:36

====================================================== results
no errors detected

====================================================== search finished: 23/10/18 19:36
  running jpf with args:
JavaPathfinder core system v8.0 (rev 28c066f86c2cd268b8c9b9959161e3d07c6146c6) - (C) 2005-2014 United States Government. All rights reserved.


====================================================== system under test
gov.nasa.jpf.test.java.lang.reflect.ConstructorTest.runTestMethod()

====================================================== search started: 23/10/18 19:36

====================================================== results
no errors detected

====================================================== search finished: 23/10/18 19:36
]]></system-out>
  <system-err><![CDATA[]]></system-err>
</testsuite>
