<?xml version="1.0" encoding="UTF-8"?>
<testsuite name="gov.nasa.jpf.test.mc.threads.RaceTest" tests="19" skipped="0" failures="0" errors="0" timestamp="2018-10-23T18:35:35" hostname="boombox" time="1.059">
  <properties/>
  <testcase name="testStaticRaceNoThrow" classname="gov.nasa.jpf.test.mc.threads.RaceTest" time="0.253"/>
  <testcase name="testSameObjectOtherField" classname="gov.nasa.jpf.test.mc.threads.RaceTest" time="0.053"/>
  <testcase name="testBothSync" classname="gov.nasa.jpf.test.mc.threads.RaceTest" time="0.074"/>
  <testcase name="testInstanceRaceNoThrow" classname="gov.nasa.jpf.test.mc.threads.RaceTest" time="0.051"/>
  <testcase name="testTSync" classname="gov.nasa.jpf.test.mc.threads.RaceTest" time="0.044"/>
  <testcase name="testStaticRaceListenerIncludeOther" classname="gov.nasa.jpf.test.mc.threads.RaceTest" time="0.059"/>
  <testcase name="testNoArrayRaceSameInsn" classname="gov.nasa.jpf.test.mc.threads.RaceTest" time="0.058"/>
  <testcase name="testStaticRace" classname="gov.nasa.jpf.test.mc.threads.RaceTest" time="0.041"/>
  <testcase name="testSameInsnOtherObject" classname="gov.nasa.jpf.test.mc.threads.RaceTest" time="0.042"/>
  <testcase name="testWrongSync" classname="gov.nasa.jpf.test.mc.threads.RaceTest" time="0.043"/>
  <testcase name="testInstanceRace" classname="gov.nasa.jpf.test.mc.threads.RaceTest" time="0.043"/>
  <testcase name="testInstanceRaceListenerInclude" classname="gov.nasa.jpf.test.mc.threads.RaceTest" time="0.032"/>
  <testcase name="testArrayRaceSameInsn" classname="gov.nasa.jpf.test.mc.threads.RaceTest" time="0.039"/>
  <testcase name="testMainSync" classname="gov.nasa.jpf.test.mc.threads.RaceTest" time="0.039"/>
  <testcase name="testArrayRaceNoThrow" classname="gov.nasa.jpf.test.mc.threads.RaceTest" time="0.03"/>
  <testcase name="testNoArrayRaceElements" classname="gov.nasa.jpf.test.mc.threads.RaceTest" time="0.05"/>
  <testcase name="testInstanceRaceListenerExclude" classname="gov.nasa.jpf.test.mc.threads.RaceTest" time="0.036"/>
  <testcase name="testNoSync" classname="gov.nasa.jpf.test.mc.threads.RaceTest" time="0.03"/>
  <testcase name="testSymmetricStaticRace" classname="gov.nasa.jpf.test.mc.threads.RaceTest" time="0.037"/>
  <system-out><![CDATA[  running jpf with args: +listener=gov.nasa.jpf.listener.PreciseRaceDetector
JavaPathfinder core system v8.0 (rev 28c066f86c2cd268b8c9b9959161e3d07c6146c6) - (C) 2005-2014 United States Government. All rights reserved.


====================================================== system under test
gov.nasa.jpf.test.mc.threads.RaceTest.runTestMethod()

====================================================== search started: 23/10/18 19:35

====================================================== error 1
gov.nasa.jpf.listener.PreciseRaceDetector
race for field gov.nasa.jpf.test.mc.threads.RaceTest.staticField
  Thread-1 at gov.nasa.jpf.test.mc.threads.RaceTest$3.run(RaceTest.java:84)
"  WRITE: putstatic gov.nasa.jpf.test.mc.threads.RaceTest.staticField
  Thread-2 at gov.nasa.jpf.test.mc.threads.RaceTest$4.run(RaceTest.java:92)
"  WRITE: putstatic gov.nasa.jpf.test.mc.threads.RaceTest.staticField


====================================================== snapshot #1
thread java.lang.Thread:{id:1,name:Thread-1,status:RUNNING,priority:5,isDaemon:false,lockCount:0,suspendCount:0}
  call stack:
	at gov.nasa.jpf.test.mc.threads.RaceTest$3.run(RaceTest.java:85)

thread java.lang.Thread:{id:2,name:Thread-2,status:RUNNING,priority:5,isDaemon:false,lockCount:0,suspendCount:0}
  call stack:
	at gov.nasa.jpf.test.mc.threads.RaceTest$4.run(RaceTest.java:92)


====================================================== results
error #1: gov.nasa.jpf.listener.PreciseRaceDetector "race for field gov.nasa.jpf.test.mc.threads.RaceTe..."

====================================================== search finished: 23/10/18 19:35
  running jpf with args: +listener=gov.nasa.jpf.listener.PreciseRaceDetector
JavaPathfinder core system v8.0 (rev 28c066f86c2cd268b8c9b9959161e3d07c6146c6) - (C) 2005-2014 United States Government. All rights reserved.


====================================================== system under test
gov.nasa.jpf.test.mc.threads.RaceTest.runTestMethod()

====================================================== search started: 23/10/18 19:35

====================================================== results
no errors detected

====================================================== search finished: 23/10/18 19:35
  running jpf with args:
JavaPathfinder core system v8.0 (rev 28c066f86c2cd268b8c9b9959161e3d07c6146c6) - (C) 2005-2014 United States Government. All rights reserved.


====================================================== system under test
gov.nasa.jpf.test.mc.threads.RaceTest.runTestMethod()

====================================================== search started: 23/10/18 19:35

====================================================== results
no errors detected

====================================================== search finished: 23/10/18 19:35
  running jpf with args: +listener=gov.nasa.jpf.listener.PreciseRaceDetector
JavaPathfinder core system v8.0 (rev 28c066f86c2cd268b8c9b9959161e3d07c6146c6) - (C) 2005-2014 United States Government. All rights reserved.


====================================================== system under test
gov.nasa.jpf.test.mc.threads.RaceTest.runTestMethod()

====================================================== search started: 23/10/18 19:35

====================================================== error 1
gov.nasa.jpf.listener.PreciseRaceDetector
race for field gov.nasa.jpf.test.mc.threads.SharedObject@18c.instanceField
  Thread-1 at gov.nasa.jpf.test.mc.threads.RaceTest$7.run(RaceTest.java:192)
"  WRITE: putfield gov.nasa.jpf.test.mc.threads.SharedObject.instanceField
  Thread-2 at gov.nasa.jpf.test.mc.threads.RaceTest$8.run(RaceTest.java:202)
"  WRITE: putfield gov.nasa.jpf.test.mc.threads.SharedObject.instanceField


====================================================== snapshot #1
thread java.lang.Thread:{id:1,name:Thread-1,status:RUNNING,priority:5,isDaemon:false,lockCount:0,suspendCount:0}
  call stack:
	at gov.nasa.jpf.test.mc.threads.RaceTest$7.run(RaceTest.java:193)

thread java.lang.Thread:{id:2,name:Thread-2,status:RUNNING,priority:5,isDaemon:false,lockCount:0,suspendCount:0}
  call stack:
	at gov.nasa.jpf.test.mc.threads.RaceTest$8.run(RaceTest.java:202)


====================================================== results
error #1: gov.nasa.jpf.listener.PreciseRaceDetector "race for field gov.nasa.jpf.test.mc.threads.Shared..."

====================================================== search finished: 23/10/18 19:35
  running jpf with args:
JavaPathfinder core system v8.0 (rev 28c066f86c2cd268b8c9b9959161e3d07c6146c6) - (C) 2005-2014 United States Government. All rights reserved.


====================================================== system under test
gov.nasa.jpf.test.mc.threads.RaceTest.runTestMethod()

====================================================== search started: 23/10/18 19:35

====================================================== error 1
gov.nasa.jpf.vm.NoUncaughtExceptionsProperty
java.lang.RuntimeException: testT1Sync race
	at gov.nasa.jpf.test.mc.threads.RaceTest$15.run(RaceTest.java:427)


====================================================== snapshot #1
thread java.lang.Thread:{id:1,name:Thread-1,status:RUNNING,priority:5,isDaemon:false,lockCount:0,suspendCount:0}
  call stack:
	at gov.nasa.jpf.test.mc.threads.RaceTest$15.run(RaceTest.java:429)


====================================================== results
error #1: gov.nasa.jpf.vm.NoUncaughtExceptionsProperty "java.lang.RuntimeException: testT1Sync race  at go..."

====================================================== search finished: 23/10/18 19:35
  running jpf with args: +listener=gov.nasa.jpf.listener.PreciseRaceDetector +race.include=sho.bi.Doo*
JavaPathfinder core system v8.0 (rev 28c066f86c2cd268b8c9b9959161e3d07c6146c6) - (C) 2005-2014 United States Government. All rights reserved.


====================================================== system under test
gov.nasa.jpf.test.mc.threads.RaceTest.runTestMethod()

====================================================== search started: 23/10/18 19:35

====================================================== results
no errors detected

====================================================== search finished: 23/10/18 19:35
  running jpf with args: +listener=gov.nasa.jpf.listener.PreciseRaceDetector +cg.threads.break_arrays
JavaPathfinder core system v8.0 (rev 28c066f86c2cd268b8c9b9959161e3d07c6146c6) - (C) 2005-2014 United States Government. All rights reserved.


====================================================== system under test
gov.nasa.jpf.test.mc.threads.RaceTest.runTestMethod()

====================================================== search started: 23/10/18 19:35

====================================================== results
no errors detected

====================================================== search finished: 23/10/18 19:35
  running jpf with args:
JavaPathfinder core system v8.0 (rev 28c066f86c2cd268b8c9b9959161e3d07c6146c6) - (C) 2005-2014 United States Government. All rights reserved.


====================================================== system under test
gov.nasa.jpf.test.mc.threads.RaceTest.runTestMethod()

====================================================== search started: 23/10/18 19:35

====================================================== error 1
gov.nasa.jpf.vm.NoUncaughtExceptionsProperty
java.lang.RuntimeException: r1 detected race!
	at gov.nasa.jpf.test.mc.threads.RaceTest$1.run(RaceTest.java:53)


====================================================== snapshot #1
thread java.lang.Thread:{id:1,name:Thread-1,status:RUNNING,priority:5,isDaemon:false,lockCount:0,suspendCount:0}
  call stack:
	at gov.nasa.jpf.test.mc.threads.RaceTest$1.run(RaceTest.java:53)

thread java.lang.Thread:{id:2,name:Thread-2,status:RUNNING,priority:5,isDaemon:false,lockCount:0,suspendCount:0}
  call stack:
	at gov.nasa.jpf.test.mc.threads.RaceTest$2.run(RaceTest.java:63)


====================================================== results
error #1: gov.nasa.jpf.vm.NoUncaughtExceptionsProperty "java.lang.RuntimeException: r1 detected race!  at ..."

====================================================== search finished: 23/10/18 19:35
  running jpf with args: +listener=gov.nasa.jpf.listener.PreciseRaceDetector
JavaPathfinder core system v8.0 (rev 28c066f86c2cd268b8c9b9959161e3d07c6146c6) - (C) 2005-2014 United States Government. All rights reserved.


====================================================== system under test
gov.nasa.jpf.test.mc.threads.RaceTest.runTestMethod()

====================================================== search started: 23/10/18 19:35

====================================================== results
no errors detected

====================================================== search finished: 23/10/18 19:35
  running jpf with args:
JavaPathfinder core system v8.0 (rev 28c066f86c2cd268b8c9b9959161e3d07c6146c6) - (C) 2005-2014 United States Government. All rights reserved.


====================================================== system under test
gov.nasa.jpf.test.mc.threads.RaceTest.runTestMethod()

====================================================== search started: 23/10/18 19:35

====================================================== error 1
gov.nasa.jpf.vm.NoUncaughtExceptionsProperty
java.lang.RuntimeException: testWrongSync race
	at gov.nasa.jpf.test.mc.threads.RaceTest$18.run(RaceTest.java:503)


====================================================== snapshot #1
thread java.lang.Thread:{id:1,name:Thread-1,status:RUNNING,priority:5,isDaemon:false,lockCount:0,suspendCount:0}
  call stack:
	at gov.nasa.jpf.test.mc.threads.RaceTest$18.run(RaceTest.java:505)


====================================================== results
error #1: gov.nasa.jpf.vm.NoUncaughtExceptionsProperty "java.lang.RuntimeException: testWrongSync race  at..."

====================================================== search finished: 23/10/18 19:35
  running jpf with args:
JavaPathfinder core system v8.0 (rev 28c066f86c2cd268b8c9b9959161e3d07c6146c6) - (C) 2005-2014 United States Government. All rights reserved.


====================================================== system under test
gov.nasa.jpf.test.mc.threads.RaceTest.runTestMethod()

====================================================== search started: 23/10/18 19:35

====================================================== error 1
gov.nasa.jpf.vm.NoUncaughtExceptionsProperty
java.lang.RuntimeException: r1 detected race!
	at gov.nasa.jpf.test.mc.threads.RaceTest$5.run(RaceTest.java:155)


====================================================== snapshot #1
thread java.lang.Thread:{id:1,name:Thread-1,status:RUNNING,priority:5,isDaemon:false,lockCount:0,suspendCount:0}
  call stack:
	at gov.nasa.jpf.test.mc.threads.RaceTest$5.run(RaceTest.java:155)

thread java.lang.Thread:{id:2,name:Thread-2,status:RUNNING,priority:5,isDaemon:false,lockCount:0,suspendCount:0}
  call stack:
	at gov.nasa.jpf.test.mc.threads.RaceTest$6.run(RaceTest.java:167)


====================================================== results
error #1: gov.nasa.jpf.vm.NoUncaughtExceptionsProperty "java.lang.RuntimeException: r1 detected race!  at ..."

====================================================== search finished: 23/10/18 19:35
  running jpf with args: +listener=gov.nasa.jpf.listener.PreciseRaceDetector +race.include=gov.nasa.jpf.test.mc.threads.RaceTest*
JavaPathfinder core system v8.0 (rev 28c066f86c2cd268b8c9b9959161e3d07c6146c6) - (C) 2005-2014 United States Government. All rights reserved.


====================================================== system under test
gov.nasa.jpf.test.mc.threads.RaceTest.runTestMethod()

====================================================== search started: 23/10/18 19:35

====================================================== error 1
gov.nasa.jpf.listener.PreciseRaceDetector
race for field gov.nasa.jpf.test.mc.threads.SharedObject@19d.instanceField
  Thread-1 at gov.nasa.jpf.test.mc.threads.RaceTest$7.run(RaceTest.java:192)
"  WRITE: putfield gov.nasa.jpf.test.mc.threads.SharedObject.instanceField
  Thread-2 at gov.nasa.jpf.test.mc.threads.RaceTest$8.run(RaceTest.java:202)
"  WRITE: putfield gov.nasa.jpf.test.mc.threads.SharedObject.instanceField


====================================================== snapshot #1
thread java.lang.Thread:{id:1,name:Thread-1,status:RUNNING,priority:5,isDaemon:false,lockCount:0,suspendCount:0}
  call stack:
	at gov.nasa.jpf.test.mc.threads.RaceTest$7.run(RaceTest.java:193)

thread java.lang.Thread:{id:2,name:Thread-2,status:RUNNING,priority:5,isDaemon:false,lockCount:0,suspendCount:0}
  call stack:
	at gov.nasa.jpf.test.mc.threads.RaceTest$8.run(RaceTest.java:202)


====================================================== results
error #1: gov.nasa.jpf.listener.PreciseRaceDetector "race for field gov.nasa.jpf.test.mc.threads.Shared..."

====================================================== search finished: 23/10/18 19:35
  running jpf with args: +listener=gov.nasa.jpf.listener.PreciseRaceDetector +cg.threads.break_arrays
JavaPathfinder core system v8.0 (rev 28c066f86c2cd268b8c9b9959161e3d07c6146c6) - (C) 2005-2014 United States Government. All rights reserved.


====================================================== system under test
gov.nasa.jpf.test.mc.threads.RaceTest.runTestMethod()

====================================================== search started: 23/10/18 19:35

====================================================== error 1
gov.nasa.jpf.listener.PreciseRaceDetector
race for array element [I@18b[1]
  Thread-1 at gov.nasa.jpf.test.mc.threads.RaceTest$AT.run(RaceTest.java:281)
"  WRITE: iastore
  Thread-2 at gov.nasa.jpf.test.mc.threads.RaceTest$AT.run(RaceTest.java:281)
"  WRITE: iastore


====================================================== snapshot #1
thread gov.nasa.jpf.test.mc.threads.RaceTest$AT:{id:1,name:Thread-1,status:RUNNING,priority:5,isDaemon:false,lockCount:0,suspendCount:0}
  call stack:
	at gov.nasa.jpf.test.mc.threads.RaceTest$AT.run(RaceTest.java:282)

thread gov.nasa.jpf.test.mc.threads.RaceTest$AT:{id:2,name:Thread-2,status:RUNNING,priority:5,isDaemon:false,lockCount:0,suspendCount:0}
  call stack:
	at gov.nasa.jpf.test.mc.threads.RaceTest$AT.run(RaceTest.java:281)


====================================================== results
error #1: gov.nasa.jpf.listener.PreciseRaceDetector "race for array element [I@18b[1]   Thread-1 at gov..."

====================================================== search finished: 23/10/18 19:35
  running jpf with args:
JavaPathfinder core system v8.0 (rev 28c066f86c2cd268b8c9b9959161e3d07c6146c6) - (C) 2005-2014 United States Government. All rights reserved.


====================================================== system under test
gov.nasa.jpf.test.mc.threads.RaceTest.runTestMethod()

====================================================== search started: 23/10/18 19:35

====================================================== error 1
gov.nasa.jpf.vm.NoUncaughtExceptionsProperty
java.lang.RuntimeException: testMainSync race
	at gov.nasa.jpf.test.mc.threads.RaceTest$16.run(RaceTest.java:452)


====================================================== snapshot #1
thread java.lang.Thread:{id:1,name:Thread-1,status:RUNNING,priority:5,isDaemon:false,lockCount:0,suspendCount:0}
  call stack:
	at gov.nasa.jpf.test.mc.threads.RaceTest$16.run(RaceTest.java:452)


====================================================== results
error #1: gov.nasa.jpf.vm.NoUncaughtExceptionsProperty "java.lang.RuntimeException: testMainSync race  at ..."

====================================================== search finished: 23/10/18 19:35
  running jpf with args: +listener=gov.nasa.jpf.listener.PreciseRaceDetector +cg.threads.break_arrays
JavaPathfinder core system v8.0 (rev 28c066f86c2cd268b8c9b9959161e3d07c6146c6) - (C) 2005-2014 United States Government. All rights reserved.


====================================================== system under test
gov.nasa.jpf.test.mc.threads.RaceTest.runTestMethod()

====================================================== search started: 23/10/18 19:35

====================================================== error 1
gov.nasa.jpf.listener.PreciseRaceDetector
race for array element [I@18b[0]
  Thread-1 at gov.nasa.jpf.test.mc.threads.RaceTest$9.run(RaceTest.java:245)
"  WRITE: iastore
  Thread-2 at gov.nasa.jpf.test.mc.threads.RaceTest$10.run(RaceTest.java:253)
"  WRITE: iastore


====================================================== snapshot #1
thread java.lang.Thread:{id:1,name:Thread-1,status:RUNNING,priority:5,isDaemon:false,lockCount:0,suspendCount:0}
  call stack:
	at gov.nasa.jpf.test.mc.threads.RaceTest$9.run(RaceTest.java:246)

thread java.lang.Thread:{id:2,name:Thread-2,status:RUNNING,priority:5,isDaemon:false,lockCount:0,suspendCount:0}
  call stack:
	at gov.nasa.jpf.test.mc.threads.RaceTest$10.run(RaceTest.java:253)


====================================================== results
error #1: gov.nasa.jpf.listener.PreciseRaceDetector "race for array element [I@18b[0]   Thread-1 at gov..."

====================================================== search finished: 23/10/18 19:35
  running jpf with args: +listener=gov.nasa.jpf.listener.PreciseRaceDetector +cg.threads.break_arrays
JavaPathfinder core system v8.0 (rev 28c066f86c2cd268b8c9b9959161e3d07c6146c6) - (C) 2005-2014 United States Government. All rights reserved.


====================================================== system under test
gov.nasa.jpf.test.mc.threads.RaceTest.runTestMethod()

====================================================== search started: 23/10/18 19:35

====================================================== results
no errors detected

====================================================== search finished: 23/10/18 19:35
  running jpf with args: +listener=gov.nasa.jpf.listener.PreciseRaceDetector +race.exclude=gov.nasa.jpf.test.mc.threads.RaceTest*
JavaPathfinder core system v8.0 (rev 28c066f86c2cd268b8c9b9959161e3d07c6146c6) - (C) 2005-2014 United States Government. All rights reserved.


====================================================== system under test
gov.nasa.jpf.test.mc.threads.RaceTest.runTestMethod()

====================================================== search started: 23/10/18 19:35

====================================================== results
no errors detected

====================================================== search finished: 23/10/18 19:35
  running jpf with args:
JavaPathfinder core system v8.0 (rev 28c066f86c2cd268b8c9b9959161e3d07c6146c6) - (C) 2005-2014 United States Government. All rights reserved.


====================================================== system under test
gov.nasa.jpf.test.mc.threads.RaceTest.runTestMethod()

====================================================== search started: 23/10/18 19:35

====================================================== error 1
gov.nasa.jpf.vm.NoUncaughtExceptionsProperty
java.lang.RuntimeException: testNoSync race
	at gov.nasa.jpf.test.mc.threads.RaceTest$14.run(RaceTest.java:403)


====================================================== snapshot #1
thread java.lang.Thread:{id:1,name:Thread-1,status:RUNNING,priority:5,isDaemon:false,lockCount:0,suspendCount:0}
  call stack:
	at gov.nasa.jpf.test.mc.threads.RaceTest$14.run(RaceTest.java:403)


====================================================== results
error #1: gov.nasa.jpf.vm.NoUncaughtExceptionsProperty "java.lang.RuntimeException: testNoSync race  at go..."

====================================================== search finished: 23/10/18 19:35
  running jpf with args: +vm.scheduler.sharedness.class=.vm.GlobalSharednessPolicy
JavaPathfinder core system v8.0 (rev 28c066f86c2cd268b8c9b9959161e3d07c6146c6) - (C) 2005-2014 United States Government. All rights reserved.


====================================================== system under test
gov.nasa.jpf.test.mc.threads.RaceTest.runTestMethod()

====================================================== search started: 23/10/18 19:35
Container.data = 1 => throwing RuntimeException

====================================================== error 1
gov.nasa.jpf.vm.NoUncaughtExceptionsProperty
java.lang.RuntimeException: got race
	at gov.nasa.jpf.test.mc.threads.RaceTest.testSymmetricStaticRace(RaceTest.java:137)
	at java.lang.reflect.Method.invoke(gov.nasa.jpf.vm.JPF_java_lang_reflect_Method)
	at gov.nasa.jpf.util.test.TestJPF.runTestMethod(TestJPF.java:648)


====================================================== snapshot #1
thread java.lang.Thread:{id:0,name:main,status:RUNNING,priority:5,isDaemon:false,lockCount:0,suspendCount:0}
  call stack:
	at gov.nasa.jpf.util.test.TestJPF.runTestMethod(TestJPF.java:650)


====================================================== results
error #1: gov.nasa.jpf.vm.NoUncaughtExceptionsProperty "java.lang.RuntimeException: got race  at gov.nasa...."

====================================================== search finished: 23/10/18 19:35
]]></system-out>
  <system-err><![CDATA[]]></system-err>
</testsuite>
