<?xml version="1.0" encoding="UTF-8"?>
<testsuite name="gov.nasa.jpf.test.vm.threads.SuspendResumeTest" tests="7" skipped="0" failures="0" errors="0" timestamp="2018-10-23T18:36:24" hostname="boombox" time="0.566">
  <properties/>
  <testcase name="testWaitingSuspendNotifyResume" classname="gov.nasa.jpf.test.vm.threads.SuspendResumeTest" time="0.262"/>
  <testcase name="testLockholderSuspendDeadlock" classname="gov.nasa.jpf.test.vm.threads.SuspendResumeTest" time="0.059"/>
  <testcase name="testBasicSuspendResume" classname="gov.nasa.jpf.test.vm.threads.SuspendResumeTest" time="0.07"/>
  <testcase name="testBlockSuspendUnblockDeadlock" classname="gov.nasa.jpf.test.vm.threads.SuspendResumeTest" time="0.044"/>
  <testcase name="testWaitingSuspendNotifyDeadlock" classname="gov.nasa.jpf.test.vm.threads.SuspendResumeTest" time="0.038"/>
  <testcase name="testBlockSuspendUnblockResume" classname="gov.nasa.jpf.test.vm.threads.SuspendResumeTest" time="0.054"/>
  <testcase name="testBasicSuspendDeadlock" classname="gov.nasa.jpf.test.vm.threads.SuspendResumeTest" time="0.036"/>
  <system-out><![CDATA[  running jpf with args: +cg.threads.break_yield
JavaPathfinder core system v8.0 (rev 28c066f86c2cd268b8c9b9959161e3d07c6146c6) - (C) 2005-2014 United States Government. All rights reserved.


====================================================== system under test
gov.nasa.jpf.test.vm.threads.SuspendResumeTest.runTestMethod()

====================================================== search started: 23/10/18 19:36
t3 running
main suspending t3
main notifying t3
main resuming t3
main joining t3
t3 terminating
main terminating after t3.join
main suspending t3
main notifying t3
main resuming t3
main joining t3
t3 running
main suspending t3
main notifying t3
main resuming t3
main joining t3

====================================================== results
no errors detected

====================================================== search finished: 23/10/18 19:36
  running jpf with args: +cg.threads.break_yield
JavaPathfinder core system v8.0 (rev 28c066f86c2cd268b8c9b9959161e3d07c6146c6) - (C) 2005-2014 United States Government. All rights reserved.


====================================================== system under test
gov.nasa.jpf.test.vm.threads.SuspendResumeTest.runTestMethod()

====================================================== search started: 23/10/18 19:36
t2 running with lock
main suspending t2

====================================================== error 1
gov.nasa.jpf.vm.NotDeadlockedProperty
deadlock encountered:
  thread java.lang.Thread:{id:0,name:main,status:BLOCKED,priority:5,isDaemon:false,lockCount:0,suspendCount:0}
  thread gov.nasa.jpf.test.vm.threads.SuspendResumeTest$T2:{id:1,name:Thread-1,status:RUNNING,priority:5,isDaemon:false,lockCount:0,suspendCount:1}


====================================================== snapshot #1
thread java.lang.Thread:{id:0,name:main,status:BLOCKED,priority:5,isDaemon:false,lockCount:0,suspendCount:0}
  blocked on: gov.nasa.jpf.test.vm.threads.SuspendResumeTest$T2@184
  call stack:
	at gov.nasa.jpf.test.vm.threads.SuspendResumeTest.testLockholderSuspendDeadlock(SuspendResumeTest.java:125)
	at java.lang.reflect.Method.invoke(Method.java)
	at gov.nasa.jpf.util.test.TestJPF.runTestMethod(TestJPF.java:648)

thread gov.nasa.jpf.test.vm.threads.SuspendResumeTest$T2:{id:1,name:Thread-1,status:RUNNING,priority:5,isDaemon:false,lockCount:0,suspendCount:1}
  owned locks:gov.nasa.jpf.test.vm.threads.SuspendResumeTest$T2@184
  call stack:
	at gov.nasa.jpf.test.vm.threads.SuspendResumeTest$T2.run(SuspendResumeTest.java:103)


====================================================== results
error #1: gov.nasa.jpf.vm.NotDeadlockedProperty "deadlock encountered:   thread java.lang.Thread:{i..."

====================================================== search finished: 23/10/18 19:36
  running jpf with args: +cg.threads.break_yield
JavaPathfinder core system v8.0 (rev 28c066f86c2cd268b8c9b9959161e3d07c6146c6) - (C) 2005-2014 United States Government. All rights reserved.


====================================================== system under test
gov.nasa.jpf.test.vm.threads.SuspendResumeTest.runTestMethod()

====================================================== search started: 23/10/18 19:36
t1 running
main suspending t1
main resuming t1
main joining t1
t1 terminating
main terminating after t1.join
t1 terminating
main joining t1
main terminating after t1.join
main suspending t1
main resuming t1
main joining t1
t1 terminating
t1 running

====================================================== results
no errors detected

====================================================== search finished: 23/10/18 19:36
  running jpf with args: +cg.threads.break_yield
JavaPathfinder core system v8.0 (rev 28c066f86c2cd268b8c9b9959161e3d07c6146c6) - (C) 2005-2014 United States Government. All rights reserved.


====================================================== system under test
gov.nasa.jpf.test.vm.threads.SuspendResumeTest.runTestMethod()

====================================================== search started: 23/10/18 19:36
t4 running 
t4 trying to obtain lock
main suspending t4
main released t4 lock

====================================================== error 1
gov.nasa.jpf.vm.NotDeadlockedProperty
deadlock encountered:
  thread gov.nasa.jpf.test.vm.threads.SuspendResumeTest$T4:{id:1,name:Thread-1,status:UNBLOCKED,priority:5,isDaemon:false,lockCount:0,suspendCount:1}


====================================================== snapshot #1
thread gov.nasa.jpf.test.vm.threads.SuspendResumeTest$T4:{id:1,name:Thread-1,status:UNBLOCKED,priority:5,isDaemon:false,lockCount:0,suspendCount:1}
  call stack:
	at gov.nasa.jpf.test.vm.threads.SuspendResumeTest$T4.run(SuspendResumeTest.java:217)


====================================================== results
error #1: gov.nasa.jpf.vm.NotDeadlockedProperty "deadlock encountered:   thread gov.nasa.jpf.test.v..."

====================================================== search finished: 23/10/18 19:36
  running jpf with args: +cg.threads.break_yield
JavaPathfinder core system v8.0 (rev 28c066f86c2cd268b8c9b9959161e3d07c6146c6) - (C) 2005-2014 United States Government. All rights reserved.


====================================================== system under test
gov.nasa.jpf.test.vm.threads.SuspendResumeTest.runTestMethod()

====================================================== search started: 23/10/18 19:36
t3 running
main suspending t3
main notifying t3

====================================================== error 1
gov.nasa.jpf.vm.NotDeadlockedProperty
deadlock encountered:
  thread gov.nasa.jpf.test.vm.threads.SuspendResumeTest$T3:{id:1,name:Thread-1,status:UNBLOCKED,priority:5,isDaemon:false,lockCount:1,suspendCount:1}


====================================================== snapshot #1
thread gov.nasa.jpf.test.vm.threads.SuspendResumeTest$T3:{id:1,name:Thread-1,status:UNBLOCKED,priority:5,isDaemon:false,lockCount:1,suspendCount:1}
  call stack:
	at java.lang.Object.wait(Object.java)
	at gov.nasa.jpf.test.vm.threads.SuspendResumeTest$T3.run(SuspendResumeTest.java:139)


====================================================== results
error #1: gov.nasa.jpf.vm.NotDeadlockedProperty "deadlock encountered:   thread gov.nasa.jpf.test.v..."

====================================================== search finished: 23/10/18 19:36
  running jpf with args: +cg.threads.break_yield
JavaPathfinder core system v8.0 (rev 28c066f86c2cd268b8c9b9959161e3d07c6146c6) - (C) 2005-2014 United States Government. All rights reserved.


====================================================== system under test
gov.nasa.jpf.test.vm.threads.SuspendResumeTest.runTestMethod()

====================================================== search started: 23/10/18 19:36
t4 running 
t4 trying to obtain lock
main suspending t4
main released t4 lock
main resuming t4
main joining t4
t4 obtained lock
t4 terminating
main terminating after t4.join
t4 obtained lock
t4 terminating
main joining t4
main terminating after t4.join
t4 running 

====================================================== results
no errors detected

====================================================== search finished: 23/10/18 19:36
  running jpf with args: +cg.threads.break_yield
JavaPathfinder core system v8.0 (rev 28c066f86c2cd268b8c9b9959161e3d07c6146c6) - (C) 2005-2014 United States Government. All rights reserved.


====================================================== system under test
gov.nasa.jpf.test.vm.threads.SuspendResumeTest.runTestMethod()

====================================================== search started: 23/10/18 19:36
t1 running

====================================================== error 1
gov.nasa.jpf.vm.NotDeadlockedProperty
deadlock encountered:
  thread gov.nasa.jpf.test.vm.threads.SuspendResumeTest$T1:{id:1,name:Thread-1,status:RUNNING,priority:5,isDaemon:false,lockCount:0,suspendCount:1}


====================================================== snapshot #1
thread gov.nasa.jpf.test.vm.threads.SuspendResumeTest$T1:{id:1,name:Thread-1,status:RUNNING,priority:5,isDaemon:false,lockCount:0,suspendCount:1}
  call stack:
	at gov.nasa.jpf.test.vm.threads.SuspendResumeTest$T1.run(SuspendResumeTest.java:38)


====================================================== results
error #1: gov.nasa.jpf.vm.NotDeadlockedProperty "deadlock encountered:   thread gov.nasa.jpf.test.v..."

====================================================== search finished: 23/10/18 19:36
]]></system-out>
  <system-err><![CDATA[]]></system-err>
</testsuite>
