<?xml version="1.0" encoding="UTF-8"?>
<testsuite name="gov.nasa.jpf.test.vm.basic.EnumTest" tests="3" skipped="0" failures="0" errors="0" timestamp="2018-10-23T18:35:56" hostname="boombox" time="0.359">
  <properties/>
  <testcase name="testEnumSet" classname="gov.nasa.jpf.test.vm.basic.EnumTest" time="0.261"/>
  <testcase name="testValueOf" classname="gov.nasa.jpf.test.vm.basic.EnumTest" time="0.052"/>
  <testcase name="testEnumerate" classname="gov.nasa.jpf.test.vm.basic.EnumTest" time="0.045"/>
  <system-out><![CDATA[  running jpf with args:
JavaPathfinder core system v8.0 (rev 28c066f86c2cd268b8c9b9959161e3d07c6146c6) - (C) 2005-2014 United States Government. All rights reserved.


====================================================== system under test
gov.nasa.jpf.test.vm.basic.EnumTest.runTestMethod()

====================================================== search started: 23/10/18 19:35
A

====================================================== results
no errors detected

====================================================== search finished: 23/10/18 19:35
  running jpf with args:
JavaPathfinder core system v8.0 (rev 28c066f86c2cd268b8c9b9959161e3d07c6146c6) - (C) 2005-2014 United States Government. All rights reserved.


====================================================== system under test
gov.nasa.jpf.test.vm.basic.EnumTest.runTestMethod()

====================================================== search started: 23/10/18 19:35

====================================================== results
no errors detected

====================================================== search finished: 23/10/18 19:35
  running jpf with args:
JavaPathfinder core system v8.0 (rev 28c066f86c2cd268b8c9b9959161e3d07c6146c6) - (C) 2005-2014 United States Government. All rights reserved.


====================================================== system under test
gov.nasa.jpf.test.vm.basic.EnumTest.runTestMethod()

====================================================== search started: 23/10/18 19:35
this is ONE
this is TWO

====================================================== results
no errors detected

====================================================== search finished: 23/10/18 19:35
]]></system-out>
  <system-err><![CDATA[]]></system-err>
</testsuite>
