<?xml version="1.0" encoding="UTF-8"?>
<testsuite name="gov.nasa.jpf.test.mc.data.CGCreatorFactoryTest" tests="1" skipped="0" failures="0" errors="0" timestamp="2018-10-23T18:35:42" hostname="boombox" time="0.278">
  <properties/>
  <testcase name="testAddUserDefinedCGCreator" classname="gov.nasa.jpf.test.mc.data.CGCreatorFactoryTest" time="0.278"/>
  <system-out><![CDATA[  running jpf with args: +jpf-core.native_classpath+=;${jpf-core}/build/tests +jpf-core.test_classpath+=;${jpf-core.native_classpath} +cg-creators=TF:gov.nasa.jpf.test.mc.data.CGCreatorFactoryTest$TestBoolCGCreator
JavaPathfinder core system v8.0 (rev 28c066f86c2cd268b8c9b9959161e3d07c6146c6) - (C) 2005-2014 United States Government. All rights reserved.


====================================================== system under test
gov.nasa.jpf.test.mc.data.CGCreatorFactoryTest.runTestMethod()

====================================================== search started: 23/10/18 19:35
[WARNING] Value for field gov.nasa.jpf.test.mc.data.CGCreatorFactoryTest$B.this$0 isn't specified
[WARNING] Value for field gov.nasa.jpf.test.mc.data.CGCreatorFactoryTest$B.this$0 isn't specified

====================================================== results
no errors detected

====================================================== search finished: 23/10/18 19:35
]]></system-out>
  <system-err><![CDATA[]]></system-err>
</testsuite>
