<?xml version="1.0" encoding="UTF-8"?>
<testsuite name="gov.nasa.jpf.test.mc.threads.OldClassicTest" tests="2" skipped="0" failures="0" errors="0" timestamp="2018-10-23T18:35:33" hostname="boombox" time="0.386">
  <properties/>
  <testcase name="testBFSHeuristic" classname="gov.nasa.jpf.test.mc.threads.OldClassicTest" time="0.317"/>
  <testcase name="testDFSearch" classname="gov.nasa.jpf.test.mc.threads.OldClassicTest" time="0.068"/>
  <system-out><![CDATA[  running jpf with args: +search.class=gov.nasa.jpf.search.heuristic.BFSHeuristic
JavaPathfinder core system v8.0 (rev 28c066f86c2cd268b8c9b9959161e3d07c6146c6) - (C) 2005-2014 United States Government. All rights reserved.


====================================================== system under test
gov.nasa.jpf.test.mc.threads.OldClassicTest.runTestMethod()

====================================================== search started: 23/10/18 19:35

====================================================== error 1
gov.nasa.jpf.vm.NotDeadlockedProperty
deadlock encountered:
  thread gov.nasa.jpf.test.mc.threads.OldClassicTest$FirstTask:{id:1,name:Thread-1,status:WAITING,priority:5,isDaemon:false,lockCount:1,suspendCount:0}
  thread gov.nasa.jpf.test.mc.threads.OldClassicTest$SecondTask:{id:2,name:Thread-2,status:WAITING,priority:5,isDaemon:false,lockCount:1,suspendCount:0}


====================================================== snapshot #1
thread gov.nasa.jpf.test.mc.threads.OldClassicTest$FirstTask:{id:1,name:Thread-1,status:WAITING,priority:5,isDaemon:false,lockCount:1,suspendCount:0}
  waiting on: gov.nasa.jpf.test.mc.threads.OldClassicTest$Event@184
  call stack:
	at java.lang.Object.wait(Object.java)
	at gov.nasa.jpf.test.mc.threads.OldClassicTest$Event.wait_for_event(OldClassicTest.java:38)
	at gov.nasa.jpf.test.mc.threads.OldClassicTest$FirstTask.run(OldClassicTest.java:62)

thread gov.nasa.jpf.test.mc.threads.OldClassicTest$SecondTask:{id:2,name:Thread-2,status:WAITING,priority:5,isDaemon:false,lockCount:1,suspendCount:0}
  waiting on: gov.nasa.jpf.test.mc.threads.OldClassicTest$Event@185
  call stack:
	at java.lang.Object.wait(Object.java)
	at gov.nasa.jpf.test.mc.threads.OldClassicTest$Event.wait_for_event(OldClassicTest.java:38)
	at gov.nasa.jpf.test.mc.threads.OldClassicTest$SecondTask.run(OldClassicTest.java:89)


====================================================== results
error #1: gov.nasa.jpf.vm.NotDeadlockedProperty "deadlock encountered:   thread gov.nasa.jpf.test.m..."

====================================================== search finished: 23/10/18 19:35
  running jpf with args:
JavaPathfinder core system v8.0 (rev 28c066f86c2cd268b8c9b9959161e3d07c6146c6) - (C) 2005-2014 United States Government. All rights reserved.


====================================================== system under test
gov.nasa.jpf.test.mc.threads.OldClassicTest.runTestMethod()

====================================================== search started: 23/10/18 19:35

====================================================== error 1
gov.nasa.jpf.vm.NotDeadlockedProperty
deadlock encountered:
  thread gov.nasa.jpf.test.mc.threads.OldClassicTest$FirstTask:{id:1,name:Thread-1,status:WAITING,priority:5,isDaemon:false,lockCount:1,suspendCount:0}
  thread gov.nasa.jpf.test.mc.threads.OldClassicTest$SecondTask:{id:2,name:Thread-2,status:WAITING,priority:5,isDaemon:false,lockCount:1,suspendCount:0}


====================================================== snapshot #1
thread gov.nasa.jpf.test.mc.threads.OldClassicTest$FirstTask:{id:1,name:Thread-1,status:WAITING,priority:5,isDaemon:false,lockCount:1,suspendCount:0}
  waiting on: gov.nasa.jpf.test.mc.threads.OldClassicTest$Event@182
  call stack:
	at java.lang.Object.wait(Object.java)
	at gov.nasa.jpf.test.mc.threads.OldClassicTest$Event.wait_for_event(OldClassicTest.java:38)
	at gov.nasa.jpf.test.mc.threads.OldClassicTest$FirstTask.run(OldClassicTest.java:62)

thread gov.nasa.jpf.test.mc.threads.OldClassicTest$SecondTask:{id:2,name:Thread-2,status:WAITING,priority:5,isDaemon:false,lockCount:1,suspendCount:0}
  waiting on: gov.nasa.jpf.test.mc.threads.OldClassicTest$Event@183
  call stack:
	at java.lang.Object.wait(Object.java)
	at gov.nasa.jpf.test.mc.threads.OldClassicTest$Event.wait_for_event(OldClassicTest.java:38)
	at gov.nasa.jpf.test.mc.threads.OldClassicTest$SecondTask.run(OldClassicTest.java:89)


====================================================== results
error #1: gov.nasa.jpf.vm.NotDeadlockedProperty "deadlock encountered:   thread gov.nasa.jpf.test.m..."

====================================================== search finished: 23/10/18 19:35
]]></system-out>
  <system-err><![CDATA[]]></system-err>
</testsuite>
