<?xml version="1.0" encoding="UTF-8"?>
<testsuite name="gov.nasa.jpf.test.mc.basic.FinalFieldChoiceTest" tests="2" skipped="0" failures="0" errors="0" timestamp="2018-10-23T18:35:22" hostname="boombox" time="0.299">
  <properties/>
  <testcase name="testFinalInstanceFields" classname="gov.nasa.jpf.test.mc.basic.FinalFieldChoiceTest" time="0.244"/>
  <testcase name="testFinalStaticFields" classname="gov.nasa.jpf.test.mc.basic.FinalFieldChoiceTest" time="0.055"/>
  <system-out><![CDATA[  running jpf with args:
JavaPathfinder core system v8.0 (rev 28c066f86c2cd268b8c9b9959161e3d07c6146c6) - (C) 2005-2014 United States Government. All rights reserved.


====================================================== system under test
gov.nasa.jpf.test.mc.basic.FinalFieldChoiceTest.runTestMethod()

====================================================== search started: 23/10/18 19:35
a=false, b=false
a=false, b=true
a=true, b=false
a=true, b=true

====================================================== results
no errors detected

====================================================== search finished: 23/10/18 19:35
  running jpf with args:
JavaPathfinder core system v8.0 (rev 28c066f86c2cd268b8c9b9959161e3d07c6146c6) - (C) 2005-2014 United States Government. All rights reserved.


====================================================== system under test
gov.nasa.jpf.test.mc.basic.FinalFieldChoiceTest.runTestMethod()

====================================================== search started: 23/10/18 19:35
Y.a=false, Y.b=false
Y.a=false, Y.b=true
Y.a=true, Y.b=false
Y.a=true, Y.b=true

====================================================== results
no errors detected

====================================================== search finished: 23/10/18 19:35
]]></system-out>
  <system-err><![CDATA[]]></system-err>
</testsuite>
