<?xml version="1.0" encoding="UTF-8"?>
<testsuite name="gov.nasa.jpf.test.java.text.DateFormatTest" tests="3" skipped="0" failures="0" errors="0" timestamp="2018-10-23T18:36:52" hostname="boombox" time="0.757">
  <properties/>
  <testcase name="testSetAndGetTimeZone" classname="gov.nasa.jpf.test.java.text.DateFormatTest" time="0.448"/>
  <testcase name="testConversionCycle" classname="gov.nasa.jpf.test.java.text.DateFormatTest" time="0.168"/>
  <testcase name="testFormatWithTimeZone" classname="gov.nasa.jpf.test.java.text.DateFormatTest" time="0.141"/>
  <system-out><![CDATA[  running jpf with args:
JavaPathfinder core system v8.0 (rev 28c066f86c2cd268b8c9b9959161e3d07c6146c6) - (C) 2005-2014 United States Government. All rights reserved.


====================================================== system under test
gov.nasa.jpf.test.java.text.DateFormatTest.runTestMethod()

====================================================== search started: 23/10/18 19:36
[WARNING] orphan NativePeer method: java.util.ResourceBundle.getClassContext()[Ljava/lang/Class;

====================================================== results
no errors detected

====================================================== search finished: 23/10/18 19:36
  running jpf with args:
JavaPathfinder core system v8.0 (rev 28c066f86c2cd268b8c9b9959161e3d07c6146c6) - (C) 2005-2014 United States Government. All rights reserved.


====================================================== system under test
gov.nasa.jpf.test.java.text.DateFormatTest.runTestMethod()

====================================================== search started: 23/10/18 19:36
[WARNING] orphan NativePeer method: java.util.ResourceBundle.getClassContext()[Ljava/lang/Class;
current date is: Tue Oct 23 19:36:53 BST 2018
formatted date is: Tuesday, 23 October 2018 19:36:53 o'clock BST
re-parsed date is: Tue Oct 23 19:36:53 BST 2018

====================================================== results
no errors detected

====================================================== search finished: 23/10/18 19:36
  running jpf with args:
JavaPathfinder core system v8.0 (rev 28c066f86c2cd268b8c9b9959161e3d07c6146c6) - (C) 2005-2014 United States Government. All rights reserved.


====================================================== system under test
gov.nasa.jpf.test.java.text.DateFormatTest.runTestMethod()

====================================================== search started: 23/10/18 19:36
[WARNING] orphan NativePeer method: java.util.ResourceBundle.getClassContext()[Ljava/lang/Class;

====================================================== results
no errors detected

====================================================== search finished: 23/10/18 19:36
]]></system-out>
  <system-err><![CDATA[]]></system-err>
</testsuite>
