<?xml version="1.0" encoding="UTF-8"?>
<testsuite name="gov.nasa.jpf.vm.ElementInfoTest" tests="4" skipped="0" failures="0" errors="0" timestamp="2018-10-23T18:35:03" hostname="boombox" time="0.006">
  <properties/>
  <testcase name="testALiveFlag" classname="gov.nasa.jpf.vm.ElementInfoTest" time="0.003"/>
  <testcase name="testMarkedFlag" classname="gov.nasa.jpf.vm.ElementInfoTest" time="0.0"/>
  <testcase name="testPinDownCounter" classname="gov.nasa.jpf.vm.ElementInfoTest" time="0.002"/>
  <testcase name="testMarkedOrAlive" classname="gov.nasa.jpf.vm.ElementInfoTest" time="0.0"/>
  <system-out><![CDATA[caught gov.nasa.jpf.JPFException: pinDown limit exceeded: ElementInfo@0, getPinDownCount() = 255
]]></system-out>
  <system-err><![CDATA[]]></system-err>
</testsuite>
