<?xml version="1.0" encoding="UTF-8"?>
<testsuite name="gov.nasa.jpf.test.mc.basic.CGNotificationTest" tests="1" skipped="0" failures="0" errors="0" timestamp="2018-10-23T18:35:18" hostname="boombox" time="0.258">
  <properties/>
  <testcase name="testCGNotificationSequence" classname="gov.nasa.jpf.test.mc.basic.CGNotificationTest" time="0.258"/>
  <system-out><![CDATA[  running jpf with args: +listener=.test.mc.basic.CGNotificationTest$Sequencer +vm.max_transition_length=MAX
# CG registered: gov.nasa.jpf.vm.choice.ThreadChoiceFromSet {id:"ROOT" ,0/1,isCascaded:false}
JavaPathfinder core system v8.0 (rev 28c066f86c2cd268b8c9b9959161e3d07c6146c6) - (C) 2005-2014 United States Government. All rights reserved.


====================================================== system under test
gov.nasa.jpf.test.mc.basic.CGNotificationTest.runTestMethod()

====================================================== search started: 23/10/18 19:35
# CG set:        gov.nasa.jpf.vm.choice.ThreadChoiceFromSet {id:"ROOT" ,0/1,isCascaded:false}
#   CG advanced: gov.nasa.jpf.vm.choice.ThreadChoiceFromSet {id:"ROOT" ,1/1,isCascaded:false}
# CG registered: gov.nasa.jpf.vm.BooleanChoiceGenerator[[id="verifyGetBoolean",isCascaded:false,{false,true}]
# CG set:        gov.nasa.jpf.vm.BooleanChoiceGenerator[[id="verifyGetBoolean",isCascaded:false,{false,true}]
#   CG advanced: gov.nasa.jpf.vm.BooleanChoiceGenerator[[id="verifyGetBoolean",isCascaded:false,{>false,true}]
# CG registered: gov.nasa.jpf.vm.choice.IntIntervalGenerator[id="verifyGetInt(II)",isCascaded:false,1..2,delta=+1,cur=0]
# CG registered: gov.nasa.jpf.vm.choice.IntChoiceFromList[id="listenerCG",isCascaded:false,3,4]
# CG set:        gov.nasa.jpf.vm.choice.IntIntervalGenerator[id="verifyGetInt(II)",isCascaded:true,1..2,delta=+1,cur=0]
# CG set:        gov.nasa.jpf.vm.choice.IntChoiceFromList[id="listenerCG",isCascaded:false,3,4]
#   CG advanced: gov.nasa.jpf.vm.choice.IntIntervalGenerator[id="verifyGetInt(II)",isCascaded:true,1..2,delta=+1,cur=1]
#   CG advanced: gov.nasa.jpf.vm.choice.IntChoiceFromList[id="listenerCG",isCascaded:false,>3,4]
#   CG advanced: gov.nasa.jpf.vm.choice.IntChoiceFromList[id="listenerCG",isCascaded:false,3,>4]
# CG processed:  gov.nasa.jpf.vm.choice.IntChoiceFromList[id="listenerCG",isCascaded:false,3,>4]
#   CG advanced: gov.nasa.jpf.vm.choice.IntIntervalGenerator[id="verifyGetInt(II)",isCascaded:true,1..2,delta=+1,cur=2]
#   CG advanced: gov.nasa.jpf.vm.choice.IntChoiceFromList[id="listenerCG",isCascaded:false,>3,4]
#   CG advanced: gov.nasa.jpf.vm.choice.IntChoiceFromList[id="listenerCG",isCascaded:false,3,>4]
# CG processed:  gov.nasa.jpf.vm.choice.IntChoiceFromList[id="listenerCG",isCascaded:false,3,>4]
# CG processed:  gov.nasa.jpf.vm.choice.IntIntervalGenerator[id="verifyGetInt(II)",isCascaded:true,1..2,delta=+1,cur=2]
#   CG advanced: gov.nasa.jpf.vm.BooleanChoiceGenerator[[id="verifyGetBoolean",isCascaded:false,{false,>true}]
# CG registered: gov.nasa.jpf.vm.choice.IntIntervalGenerator[id="verifyGetInt(II)",isCascaded:false,1..2,delta=+1,cur=0]
# CG registered: gov.nasa.jpf.vm.choice.IntChoiceFromList[id="listenerCG",isCascaded:false,3,4]
# CG set:        gov.nasa.jpf.vm.choice.IntIntervalGenerator[id="verifyGetInt(II)",isCascaded:true,1..2,delta=+1,cur=0]
# CG set:        gov.nasa.jpf.vm.choice.IntChoiceFromList[id="listenerCG",isCascaded:false,3,4]
#   CG advanced: gov.nasa.jpf.vm.choice.IntIntervalGenerator[id="verifyGetInt(II)",isCascaded:true,1..2,delta=+1,cur=1]
#   CG advanced: gov.nasa.jpf.vm.choice.IntChoiceFromList[id="listenerCG",isCascaded:false,>3,4]
#   CG advanced: gov.nasa.jpf.vm.choice.IntChoiceFromList[id="listenerCG",isCascaded:false,3,>4]
# CG processed:  gov.nasa.jpf.vm.choice.IntChoiceFromList[id="listenerCG",isCascaded:false,3,>4]
#   CG advanced: gov.nasa.jpf.vm.choice.IntIntervalGenerator[id="verifyGetInt(II)",isCascaded:true,1..2,delta=+1,cur=2]
#   CG advanced: gov.nasa.jpf.vm.choice.IntChoiceFromList[id="listenerCG",isCascaded:false,>3,4]
#   CG advanced: gov.nasa.jpf.vm.choice.IntChoiceFromList[id="listenerCG",isCascaded:false,3,>4]
# CG processed:  gov.nasa.jpf.vm.choice.IntChoiceFromList[id="listenerCG",isCascaded:false,3,>4]
# CG processed:  gov.nasa.jpf.vm.choice.IntIntervalGenerator[id="verifyGetInt(II)",isCascaded:true,1..2,delta=+1,cur=2]
# CG processed:  gov.nasa.jpf.vm.BooleanChoiceGenerator[[id="verifyGetBoolean",isCascaded:false,{false,>true}]
# CG processed:  gov.nasa.jpf.vm.choice.ThreadChoiceFromSet {id:"ROOT" ,1/1,isCascaded:false}

====================================================== results
no errors detected

====================================================== search finished: 23/10/18 19:35
]]></system-out>
  <system-err><![CDATA[]]></system-err>
</testsuite>
