<?xml version="1.0" encoding="UTF-8"?>
<testsuite name="gov.nasa.jpf.test.mc.threads.SchedulesTest" tests="1" skipped="0" failures="0" errors="0" timestamp="2018-10-23T18:35:39" hostname="boombox" time="0.251">
  <properties/>
  <testcase name="testSleep" classname="gov.nasa.jpf.test.mc.threads.SchedulesTest" time="0.251"/>
  <system-out><![CDATA[  running jpf with args: +cg.threads.break_start=true +cg.threads.break_yield=true +cg.threads.break_sleep=true +listener=.listener.PathOutputMonitor +pom.all=test/gov/nasa/jpf/test/mc/threads/SchedulesTest-output
[WARNING] pattern file not found: test/gov/nasa/jpf/test/mc/threads/SchedulesTest-output
JavaPathfinder core system v8.0 (rev 28c066f86c2cd268b8c9b9959161e3d07c6146c6) - (C) 2005-2014 United States Government. All rights reserved.


====================================================== system under test
gov.nasa.jpf.test.mc.threads.SchedulesTest.runTestMethod()

====================================================== search started: 23/10/18 19:35
main starting T
main finished
T started
T sleeping
T finished
T started
T sleeping
main finished
T finished
T finished
main finished

====================================================== path outputs
main starting T
main finished
T started
T sleeping
T finished
~~~
main starting T
T started
T sleeping
main finished
T finished
~~~
main starting T
T started
T sleeping
T finished
main finished
~~~

====================================================== results
no errors detected

====================================================== search finished: 23/10/18 19:35
]]></system-out>
  <system-err><![CDATA[]]></system-err>
</testsuite>
