<?xml version="1.0" encoding="UTF-8"?>
<testsuite name="gov.nasa.jpf.test.mc.basic.InvokeListenerTest" tests="3" skipped="0" failures="0" errors="0" timestamp="2018-10-23T18:35:16" hostname="boombox" time="0.325">
  <properties/>
  <testcase name="testStaticMethod" classname="gov.nasa.jpf.test.mc.basic.InvokeListenerTest" time="0.234"/>
  <testcase name="testInstanceMethod" classname="gov.nasa.jpf.test.mc.basic.InvokeListenerTest" time="0.048"/>
  <testcase name="testNativeInstanceMethod" classname="gov.nasa.jpf.test.mc.basic.InvokeListenerTest" time="0.042"/>
  <system-out><![CDATA[  running jpf with args: +listener=.test.mc.basic.InvokeListenerTest$Listener
JavaPathfinder core system v8.0 (rev 28c066f86c2cd268b8c9b9959161e3d07c6146c6) - (C) 2005-2014 United States Government. All rights reserved.


====================================================== system under test
gov.nasa.jpf.test.mc.basic.InvokeListenerTest.runTestMethod()

====================================================== search started: 23/10/18 19:35
# executeInstruction: gov.nasa.jpf.test.mc.basic.InvokeListenerTest@16b.testStaticMethod (42)
# instructionExecuted: gov.nasa.jpf.test.mc.basic.InvokeListenerTest@16b.testStaticMethod (42)

====================================================== results
no errors detected

====================================================== search finished: 23/10/18 19:35
  running jpf with args: +listener=.test.mc.basic.InvokeListenerTest$Listener
JavaPathfinder core system v8.0 (rev 28c066f86c2cd268b8c9b9959161e3d07c6146c6) - (C) 2005-2014 United States Government. All rights reserved.


====================================================== system under test
gov.nasa.jpf.test.mc.basic.InvokeListenerTest.runTestMethod()

====================================================== search started: 23/10/18 19:35
# executeInstruction: gov.nasa.jpf.test.mc.basic.InvokeListenerTest@16b.testInstanceMethod (42.0,1)
# instructionExecuted: gov.nasa.jpf.test.mc.basic.InvokeListenerTest@16b.testInstanceMethod (42.0,1)

====================================================== results
no errors detected

====================================================== search finished: 23/10/18 19:35
  running jpf with args: +listener=.test.mc.basic.InvokeListenerTest$Listener
JavaPathfinder core system v8.0 (rev 28c066f86c2cd268b8c9b9959161e3d07c6146c6) - (C) 2005-2014 United States Government. All rights reserved.


====================================================== system under test
gov.nasa.jpf.test.mc.basic.InvokeListenerTest.runTestMethod()

====================================================== search started: 23/10/18 19:35
# executeInstruction: gov.nasa.jpf.test.mc.basic.InvokeListenerTest@16b.testNativeInstanceMethod (42.0,1)
# instructionExecuted: gov.nasa.jpf.test.mc.basic.InvokeListenerTest@16b.testNativeInstanceMethod (42.0,1)

====================================================== results
no errors detected

====================================================== search finished: 23/10/18 19:35
]]></system-out>
  <system-err><![CDATA[]]></system-err>
</testsuite>
