<?xml version="1.0" encoding="UTF-8"?>
<testsuite name="gov.nasa.jpf.test.mc.basic.RestorerTest" tests="2" skipped="0" failures="0" errors="0" timestamp="2018-10-23T18:35:26" hostname="boombox" time="0.329">
  <properties/>
  <testcase name="testRestoredInsnCount" classname="gov.nasa.jpf.test.mc.basic.RestorerTest" time="0.262"/>
  <testcase name="testRestoredInsnCountBFS" classname="gov.nasa.jpf.test.mc.basic.RestorerTest" time="0.067"/>
  <system-out><![CDATA[  running jpf with args:
JavaPathfinder core system v8.0 (rev 28c066f86c2cd268b8c9b9959161e3d07c6146c6) - (C) 2005-2014 United States Government. All rights reserved.


====================================================== system under test
gov.nasa.jpf.test.mc.basic.RestorerTest.runTestMethod()

====================================================== search started: 23/10/18 19:35
--- 1. CG: false
## storing: 0
I am X #1
I am X #2
I am X #3
I am X #4
I am X #5
--- 2. CG: false
## storing: 0
I am X #1
## restoring: 0
--- 2. CG: true
## storing: 0
I am X #1
## restoring: 0
## restoring: 0
--- 1. CG: true
## storing: 0
I am X #1
I am X #2
I am X #3
I am X #4
I am X #5
--- 2. CG: false
## storing: 0
I am X #1
## restoring: 0
--- 2. CG: true
## storing: 0
I am X #1
## restoring: 0
## restoring: 0

====================================================== results
no errors detected

====================================================== search finished: 23/10/18 19:35
  running jpf with args: +search.class=.search.heuristic.BFSHeuristic
JavaPathfinder core system v8.0 (rev 28c066f86c2cd268b8c9b9959161e3d07c6146c6) - (C) 2005-2014 United States Government. All rights reserved.


====================================================== system under test
gov.nasa.jpf.test.mc.basic.RestorerTest.runTestMethod()

====================================================== search started: 23/10/18 19:35
--- 1. CG: false
## storing: 0
I am X #1
I am X #2
I am X #3
I am X #4
I am X #5
## restoring: 0
--- 1. CG: true
## storing: 0
I am X #1
I am X #2
I am X #3
I am X #4
I am X #5
## restoring: 0
## restoring: 0
--- 2. CG: false
## storing: 0
I am X #1
## restoring: 0
--- 2. CG: true
## storing: 0
I am X #1
## restoring: 0
## restoring: 0
--- 2. CG: false
## storing: 0
I am X #1
## restoring: 0
--- 2. CG: true
## storing: 0
I am X #1
## restoring: 0

====================================================== results
no errors detected

====================================================== search finished: 23/10/18 19:35
]]></system-out>
  <system-err><![CDATA[]]></system-err>
</testsuite>
