<?xml version="1.0" encoding="UTF-8"?>
<testsuite name="gov.nasa.jpf.test.vm.reflection.MethodTest" tests="30" skipped="0" failures="0" errors="0" timestamp="2018-10-23T18:36:12" hostname="boombox" time="1.735">
  <properties/>
  <testcase name="argTestNumber" classname="gov.nasa.jpf.test.vm.reflection.MethodTest" time="0.339"/>
  <testcase name="argTestObject" classname="gov.nasa.jpf.test.vm.reflection.MethodTest" time="0.114"/>
  <testcase name="testParameterAnnotations" classname="gov.nasa.jpf.test.vm.reflection.MethodTest" time="0.062"/>
  <testcase name="argTestString" classname="gov.nasa.jpf.test.vm.reflection.MethodTest" time="0.094"/>
  <testcase name="invokeWrongNumberOfArguments" classname="gov.nasa.jpf.test.vm.reflection.MethodTest" time="0.058"/>
  <testcase name="argTestByte" classname="gov.nasa.jpf.test.vm.reflection.MethodTest" time="0.088"/>
  <testcase name="argTestChar" classname="gov.nasa.jpf.test.vm.reflection.MethodTest" time="0.095"/>
  <testcase name="argTestLong" classname="gov.nasa.jpf.test.vm.reflection.MethodTest" time="0.067"/>
  <testcase name="testInstanceMethodInvoke" classname="gov.nasa.jpf.test.vm.reflection.MethodTest" time="0.039"/>
  <testcase name="getMethodCanFindNotify" classname="gov.nasa.jpf.test.vm.reflection.MethodTest" time="0.034"/>
  <testcase name="invokePrivateOtherClass" classname="gov.nasa.jpf.test.vm.reflection.MethodTest" time="0.042"/>
  <testcase name="argTestFloat" classname="gov.nasa.jpf.test.vm.reflection.MethodTest" time="0.061"/>
  <testcase name="argTestShort" classname="gov.nasa.jpf.test.vm.reflection.MethodTest" time="0.06"/>
  <testcase name="testStaticMethodInvoke" classname="gov.nasa.jpf.test.vm.reflection.MethodTest" time="0.033"/>
  <testcase name="getPrivateMethod" classname="gov.nasa.jpf.test.vm.reflection.MethodTest" time="0.034"/>
  <testcase name="testNoArgStaticMethodInvoke" classname="gov.nasa.jpf.test.vm.reflection.MethodTest" time="0.04"/>
  <testcase name="argTestIntArray" classname="gov.nasa.jpf.test.vm.reflection.MethodTest" time="0.039"/>
  <testcase name="testParameterTypes" classname="gov.nasa.jpf.test.vm.reflection.MethodTest" time="0.04"/>
  <testcase name="invokeWrongArgumentTypeReference" classname="gov.nasa.jpf.test.vm.reflection.MethodTest" time="0.034"/>
  <testcase name="invokePrivateSameClass" classname="gov.nasa.jpf.test.vm.reflection.MethodTest" time="0.039"/>
  <testcase name="invokePrivateOtherClassAccessible" classname="gov.nasa.jpf.test.vm.reflection.MethodTest" time="0.029"/>
  <testcase name="testReturnType" classname="gov.nasa.jpf.test.vm.reflection.MethodTest" time="0.026"/>
  <testcase name="argTestBoolean" classname="gov.nasa.jpf.test.vm.reflection.MethodTest" time="0.04"/>
  <testcase name="getDeclaredMethodCantFindNotify" classname="gov.nasa.jpf.test.vm.reflection.MethodTest" time="0.027"/>
  <testcase name="invokePrivateSuperclass" classname="gov.nasa.jpf.test.vm.reflection.MethodTest" time="0.023"/>
  <testcase name="invokeWrongThisType" classname="gov.nasa.jpf.test.vm.reflection.MethodTest" time="0.024"/>
  <testcase name="argTestInt" classname="gov.nasa.jpf.test.vm.reflection.MethodTest" time="0.044"/>
  <testcase name="argTestDouble" classname="gov.nasa.jpf.test.vm.reflection.MethodTest" time="0.044"/>
  <testcase name="invokeInvocationTargetException" classname="gov.nasa.jpf.test.vm.reflection.MethodTest" time="0.026"/>
  <testcase name="invokeNullObject" classname="gov.nasa.jpf.test.vm.reflection.MethodTest" time="0.035"/>
  <system-out><![CDATA[  running jpf with args:
JavaPathfinder core system v8.0 (rev 28c066f86c2cd268b8c9b9959161e3d07c6146c6) - (C) 2005-2014 United States Government. All rights reserved.


====================================================== system under test
gov.nasa.jpf.test.vm.reflection.MethodTest.runTestMethod()

====================================================== search started: 23/10/18 19:36
7=>7
8=>8
9=>9
10=>10
3.1415=>3.1415
3.14159=>3.14159
true=>ILLEGAL
w=>ILLEGAL
hello=>ILLEGAL
null=>null

====================================================== results
no errors detected

====================================================== search finished: 23/10/18 19:36
  running jpf with args:
JavaPathfinder core system v8.0 (rev 28c066f86c2cd268b8c9b9959161e3d07c6146c6) - (C) 2005-2014 United States Government. All rights reserved.


====================================================== system under test
gov.nasa.jpf.test.vm.reflection.MethodTest.runTestMethod()

====================================================== search started: 23/10/18 19:36
7=>7
8=>8
9=>9
10=>10
3.1415=>3.1415
3.14159=>3.14159
true=>true
w=>w
hello=>hello
null=>null

====================================================== results
no errors detected

====================================================== search finished: 23/10/18 19:36
  running jpf with args:
JavaPathfinder core system v8.0 (rev 28c066f86c2cd268b8c9b9959161e3d07c6146c6) - (C) 2005-2014 United States Government. All rights reserved.


====================================================== system under test
gov.nasa.jpf.test.vm.reflection.MethodTest.runTestMethod()

====================================================== search started: 23/10/18 19:36
oneFoo(@A int) : @gov.nasa.jpf.test.vm.reflection.MethodTest$A(value=arg 1)
twoFoo(int, @A int)  : [Ljava.lang.annotation.Annotation;@44422,@gov.nasa.jpf.test.vm.reflection.MethodTest$A(value=arg 2)

====================================================== results
no errors detected

====================================================== search finished: 23/10/18 19:36
  running jpf with args:
JavaPathfinder core system v8.0 (rev 28c066f86c2cd268b8c9b9959161e3d07c6146c6) - (C) 2005-2014 United States Government. All rights reserved.


====================================================== system under test
gov.nasa.jpf.test.vm.reflection.MethodTest.runTestMethod()

====================================================== search started: 23/10/18 19:36
7=>ILLEGAL
8=>ILLEGAL
9=>ILLEGAL
10=>ILLEGAL
3.1415=>ILLEGAL
3.14159=>ILLEGAL
true=>ILLEGAL
w=>ILLEGAL
hello=>hello
null=>null

====================================================== results
no errors detected

====================================================== search finished: 23/10/18 19:36
  running jpf with args:
JavaPathfinder core system v8.0 (rev 28c066f86c2cd268b8c9b9959161e3d07c6146c6) - (C) 2005-2014 United States Government. All rights reserved.


====================================================== system under test
gov.nasa.jpf.test.vm.reflection.MethodTest.runTestMethod()

====================================================== search started: 23/10/18 19:36

====================================================== error 1
gov.nasa.jpf.vm.NoUncaughtExceptionsProperty
java.lang.IllegalArgumentException: Wrong number of arguments passed.  Actual = 1.  Expected = 0
	at java.lang.reflect.Method.invoke(gov.nasa.jpf.vm.JPF_java_lang_reflect_Method)
	at gov.nasa.jpf.test.vm.reflection.MethodTest.invokeWrongNumberOfArguments(MethodTest.java:249)
	at java.lang.reflect.Method.invoke(gov.nasa.jpf.vm.JPF_java_lang_reflect_Method)
	at gov.nasa.jpf.util.test.TestJPF.runTestMethod(TestJPF.java:648)


====================================================== snapshot #1
thread java.lang.Thread:{id:0,name:main,status:RUNNING,priority:5,isDaemon:false,lockCount:0,suspendCount:0}
  call stack:
	at gov.nasa.jpf.util.test.TestJPF.runTestMethod(TestJPF.java:650)


====================================================== results
error #1: gov.nasa.jpf.vm.NoUncaughtExceptionsProperty "java.lang.IllegalArgumentException: Wrong number o..."

====================================================== search finished: 23/10/18 19:36
  running jpf with args:
JavaPathfinder core system v8.0 (rev 28c066f86c2cd268b8c9b9959161e3d07c6146c6) - (C) 2005-2014 United States Government. All rights reserved.


====================================================== system under test
gov.nasa.jpf.test.vm.reflection.MethodTest.runTestMethod()

====================================================== search started: 23/10/18 19:36
7=>7
8=>ILLEGAL
9=>ILLEGAL
10=>ILLEGAL
3.1415=>ILLEGAL
3.14159=>ILLEGAL
true=>ILLEGAL
w=>ILLEGAL
hello=>ILLEGAL
null=>ILLEGAL

====================================================== results
no errors detected

====================================================== search finished: 23/10/18 19:36
  running jpf with args:
JavaPathfinder core system v8.0 (rev 28c066f86c2cd268b8c9b9959161e3d07c6146c6) - (C) 2005-2014 United States Government. All rights reserved.


====================================================== system under test
gov.nasa.jpf.test.vm.reflection.MethodTest.runTestMethod()

====================================================== search started: 23/10/18 19:36
7=>ILLEGAL
8=>ILLEGAL
9=>ILLEGAL
10=>ILLEGAL
3.1415=>ILLEGAL
3.14159=>ILLEGAL
true=>ILLEGAL
w=>w
hello=>ILLEGAL
null=>ILLEGAL

====================================================== results
no errors detected

====================================================== search finished: 23/10/18 19:36
  running jpf with args:
JavaPathfinder core system v8.0 (rev 28c066f86c2cd268b8c9b9959161e3d07c6146c6) - (C) 2005-2014 United States Government. All rights reserved.


====================================================== system under test
gov.nasa.jpf.test.vm.reflection.MethodTest.runTestMethod()

====================================================== search started: 23/10/18 19:36
7=>7
8=>8
9=>9
10=>10
3.1415=>ILLEGAL
3.14159=>ILLEGAL
true=>ILLEGAL
w=>119
hello=>ILLEGAL
null=>ILLEGAL

====================================================== results
no errors detected

====================================================== search finished: 23/10/18 19:36
  running jpf with args:
JavaPathfinder core system v8.0 (rev 28c066f86c2cd268b8c9b9959161e3d07c6146c6) - (C) 2005-2014 United States Government. All rights reserved.


====================================================== system under test
gov.nasa.jpf.test.vm.reflection.MethodTest.runTestMethod()

====================================================== search started: 23/10/18 19:36
in foo( 3, 3.330000, Blah)
foo returned 123.456

====================================================== results
no errors detected

====================================================== search finished: 23/10/18 19:36
  running jpf with args:
JavaPathfinder core system v8.0 (rev 28c066f86c2cd268b8c9b9959161e3d07c6146c6) - (C) 2005-2014 United States Government. All rights reserved.


====================================================== system under test
gov.nasa.jpf.test.vm.reflection.MethodTest.runTestMethod()

====================================================== search started: 23/10/18 19:36

====================================================== results
no errors detected

====================================================== search finished: 23/10/18 19:36
  running jpf with args:
JavaPathfinder core system v8.0 (rev 28c066f86c2cd268b8c9b9959161e3d07c6146c6) - (C) 2005-2014 United States Government. All rights reserved.


====================================================== system under test
gov.nasa.jpf.test.vm.reflection.MethodTest.runTestMethod()

====================================================== search started: 23/10/18 19:36

====================================================== error 1
gov.nasa.jpf.vm.NoUncaughtExceptionsProperty
java.lang.IllegalAccessException: Class gov.nasa.jpf.test.vm.reflection.MethodTest can not access a member of class gov.nasa.jpf.test.vm.reflection.MethodTest$Faz with modifiers "private static
	at java.lang.reflect.Method.invoke(gov.nasa.jpf.vm.JPF_java_lang_reflect_Method)
	at gov.nasa.jpf.test.vm.reflection.MethodTest.invokePrivateOtherClass(MethodTest.java:184)
	at java.lang.reflect.Method.invoke(gov.nasa.jpf.vm.JPF_java_lang_reflect_Method)
	at gov.nasa.jpf.util.test.TestJPF.runTestMethod(TestJPF.java:648)


====================================================== snapshot #1
thread java.lang.Thread:{id:0,name:main,status:RUNNING,priority:5,isDaemon:false,lockCount:0,suspendCount:0}
  call stack:
	at gov.nasa.jpf.util.test.TestJPF.runTestMethod(TestJPF.java:650)


====================================================== results
error #1: gov.nasa.jpf.vm.NoUncaughtExceptionsProperty "java.lang.IllegalAccessException: Class gov.nasa.j..."

====================================================== search finished: 23/10/18 19:36
  running jpf with args:
JavaPathfinder core system v8.0 (rev 28c066f86c2cd268b8c9b9959161e3d07c6146c6) - (C) 2005-2014 United States Government. All rights reserved.


====================================================== system under test
gov.nasa.jpf.test.vm.reflection.MethodTest.runTestMethod()

====================================================== search started: 23/10/18 19:36
7=>7.0
8=>8.0
9=>9.0
10=>10.0
3.1415=>3.1415
3.14159=>ILLEGAL
true=>ILLEGAL
w=>119.0
hello=>ILLEGAL
null=>ILLEGAL

====================================================== results
no errors detected

====================================================== search finished: 23/10/18 19:36
  running jpf with args:
JavaPathfinder core system v8.0 (rev 28c066f86c2cd268b8c9b9959161e3d07c6146c6) - (C) 2005-2014 United States Government. All rights reserved.


====================================================== system under test
gov.nasa.jpf.test.vm.reflection.MethodTest.runTestMethod()

====================================================== search started: 23/10/18 19:36
7=>7
8=>8
9=>ILLEGAL
10=>ILLEGAL
3.1415=>ILLEGAL
3.14159=>ILLEGAL
true=>ILLEGAL
w=>ILLEGAL
hello=>ILLEGAL
null=>ILLEGAL

====================================================== results
no errors detected

====================================================== search finished: 23/10/18 19:36
  running jpf with args:
JavaPathfinder core system v8.0 (rev 28c066f86c2cd268b8c9b9959161e3d07c6146c6) - (C) 2005-2014 United States Government. All rights reserved.


====================================================== system under test
gov.nasa.jpf.test.vm.reflection.MethodTest.runTestMethod()

====================================================== search started: 23/10/18 19:36
in harr(41)
harr returned 42

====================================================== results
no errors detected

====================================================== search finished: 23/10/18 19:36
  running jpf with args:
JavaPathfinder core system v8.0 (rev 28c066f86c2cd268b8c9b9959161e3d07c6146c6) - (C) 2005-2014 United States Government. All rights reserved.


====================================================== system under test
gov.nasa.jpf.test.vm.reflection.MethodTest.runTestMethod()

====================================================== search started: 23/10/18 19:36

====================================================== error 1
gov.nasa.jpf.vm.NoUncaughtExceptionsProperty
java.lang.NoSuchMethodException: java.lang.Integer.toUnsignedString0(II)
	at java.lang.Class.getMethod(gov.nasa.jpf.vm.JPF_java_lang_Class)
	at gov.nasa.jpf.test.vm.reflection.MethodTest.getPrivateMethod(MethodTest.java:161)
	at java.lang.reflect.Method.invoke(gov.nasa.jpf.vm.JPF_java_lang_reflect_Method)
	at gov.nasa.jpf.util.test.TestJPF.runTestMethod(TestJPF.java:648)


====================================================== snapshot #1
thread java.lang.Thread:{id:0,name:main,status:RUNNING,priority:5,isDaemon:false,lockCount:0,suspendCount:0}
  call stack:
	at gov.nasa.jpf.util.test.TestJPF.runTestMethod(TestJPF.java:650)


====================================================== results
error #1: gov.nasa.jpf.vm.NoUncaughtExceptionsProperty "java.lang.NoSuchMethodException: java.lang.Integer..."

====================================================== search finished: 23/10/18 19:36
  running jpf with args:
JavaPathfinder core system v8.0 (rev 28c066f86c2cd268b8c9b9959161e3d07c6146c6) - (C) 2005-2014 United States Government. All rights reserved.


====================================================== system under test
gov.nasa.jpf.test.vm.reflection.MethodTest.runTestMethod()

====================================================== search started: 23/10/18 19:36
in doAlmostNothing
doAlmostNothing returned null

====================================================== results
no errors detected

====================================================== search finished: 23/10/18 19:36
  running jpf with args:
JavaPathfinder core system v8.0 (rev 28c066f86c2cd268b8c9b9959161e3d07c6146c6) - (C) 2005-2014 United States Government. All rights reserved.


====================================================== system under test
gov.nasa.jpf.test.vm.reflection.MethodTest.runTestMethod()

====================================================== search started: 23/10/18 19:36
[I@44499=>[I@44499
[F@44498=>ILLEGAL
blah=>ILLEGAL
null=>null

====================================================== results
no errors detected

====================================================== search finished: 23/10/18 19:36
  running jpf with args:
JavaPathfinder core system v8.0 (rev 28c066f86c2cd268b8c9b9959161e3d07c6146c6) - (C) 2005-2014 United States Government. All rights reserved.


====================================================== system under test
gov.nasa.jpf.test.vm.reflection.MethodTest.runTestMethod()

====================================================== search started: 23/10/18 19:36

====================================================== results
no errors detected

====================================================== search finished: 23/10/18 19:36
  running jpf with args:
JavaPathfinder core system v8.0 (rev 28c066f86c2cd268b8c9b9959161e3d07c6146c6) - (C) 2005-2014 United States Government. All rights reserved.


====================================================== system under test
gov.nasa.jpf.test.vm.reflection.MethodTest.runTestMethod()

====================================================== search started: 23/10/18 19:36

====================================================== error 1
gov.nasa.jpf.vm.NoUncaughtExceptionsProperty
java.lang.IllegalArgumentException: Wrong argument type at index 0.  Source Class = gov.nasa.jpf.test.vm.reflection.MethodTest$Faz.  Dest Class = gov.nasa.jpf.test.vm.reflection.MethodTest$Boo
	at java.lang.reflect.Method.invoke(gov.nasa.jpf.vm.JPF_java_lang_reflect_Method)
	at gov.nasa.jpf.test.vm.reflection.MethodTest.invokeWrongArgumentTypeReference(MethodTest.java:258)
	at java.lang.reflect.Method.invoke(gov.nasa.jpf.vm.JPF_java_lang_reflect_Method)
	at gov.nasa.jpf.util.test.TestJPF.runTestMethod(TestJPF.java:648)


====================================================== snapshot #1
thread java.lang.Thread:{id:0,name:main,status:RUNNING,priority:5,isDaemon:false,lockCount:0,suspendCount:0}
  call stack:
	at gov.nasa.jpf.util.test.TestJPF.runTestMethod(TestJPF.java:650)


====================================================== results
error #1: gov.nasa.jpf.vm.NoUncaughtExceptionsProperty "java.lang.IllegalArgumentException: Wrong argument..."

====================================================== search finished: 23/10/18 19:36
  running jpf with args:
JavaPathfinder core system v8.0 (rev 28c066f86c2cd268b8c9b9959161e3d07c6146c6) - (C) 2005-2014 United States Government. All rights reserved.


====================================================== system under test
gov.nasa.jpf.test.vm.reflection.MethodTest.runTestMethod()

====================================================== search started: 23/10/18 19:36

====================================================== results
no errors detected

====================================================== search finished: 23/10/18 19:36
  running jpf with args:
JavaPathfinder core system v8.0 (rev 28c066f86c2cd268b8c9b9959161e3d07c6146c6) - (C) 2005-2014 United States Government. All rights reserved.


====================================================== system under test
gov.nasa.jpf.test.vm.reflection.MethodTest.runTestMethod()

====================================================== search started: 23/10/18 19:36

====================================================== results
no errors detected

====================================================== search finished: 23/10/18 19:36
  running jpf with args:
JavaPathfinder core system v8.0 (rev 28c066f86c2cd268b8c9b9959161e3d07c6146c6) - (C) 2005-2014 United States Government. All rights reserved.


====================================================== system under test
gov.nasa.jpf.test.vm.reflection.MethodTest.runTestMethod()

====================================================== search started: 23/10/18 19:36

====================================================== results
no errors detected

====================================================== search finished: 23/10/18 19:36
  running jpf with args:
JavaPathfinder core system v8.0 (rev 28c066f86c2cd268b8c9b9959161e3d07c6146c6) - (C) 2005-2014 United States Government. All rights reserved.


====================================================== system under test
gov.nasa.jpf.test.vm.reflection.MethodTest.runTestMethod()

====================================================== search started: 23/10/18 19:36
7=>ILLEGAL
8=>ILLEGAL
9=>ILLEGAL
10=>ILLEGAL
3.1415=>ILLEGAL
3.14159=>ILLEGAL
true=>true
w=>ILLEGAL
hello=>ILLEGAL
null=>ILLEGAL

====================================================== results
no errors detected

====================================================== search finished: 23/10/18 19:36
  running jpf with args:
JavaPathfinder core system v8.0 (rev 28c066f86c2cd268b8c9b9959161e3d07c6146c6) - (C) 2005-2014 United States Government. All rights reserved.


====================================================== system under test
gov.nasa.jpf.test.vm.reflection.MethodTest.runTestMethod()

====================================================== search started: 23/10/18 19:36

====================================================== error 1
gov.nasa.jpf.vm.NoUncaughtExceptionsProperty
java.lang.NoSuchMethodException: java.lang.Integer.notify()
	at java.lang.Class.getDeclaredMethod(gov.nasa.jpf.vm.JPF_java_lang_Class)
	at gov.nasa.jpf.test.vm.reflection.MethodTest.getDeclaredMethodCantFindNotify(MethodTest.java:219)
	at java.lang.reflect.Method.invoke(gov.nasa.jpf.vm.JPF_java_lang_reflect_Method)
	at gov.nasa.jpf.util.test.TestJPF.runTestMethod(TestJPF.java:648)


====================================================== snapshot #1
thread java.lang.Thread:{id:0,name:main,status:RUNNING,priority:5,isDaemon:false,lockCount:0,suspendCount:0}
  call stack:
	at gov.nasa.jpf.util.test.TestJPF.runTestMethod(TestJPF.java:650)


====================================================== results
error #1: gov.nasa.jpf.vm.NoUncaughtExceptionsProperty "java.lang.NoSuchMethodException: java.lang.Integer..."

====================================================== search finished: 23/10/18 19:36
  running jpf with args:
JavaPathfinder core system v8.0 (rev 28c066f86c2cd268b8c9b9959161e3d07c6146c6) - (C) 2005-2014 United States Government. All rights reserved.


====================================================== system under test
gov.nasa.jpf.test.vm.reflection.MethodTest.runTestMethod()

====================================================== search started: 23/10/18 19:36

====================================================== results
no errors detected

====================================================== search finished: 23/10/18 19:36
  running jpf with args:
JavaPathfinder core system v8.0 (rev 28c066f86c2cd268b8c9b9959161e3d07c6146c6) - (C) 2005-2014 United States Government. All rights reserved.


====================================================== system under test
gov.nasa.jpf.test.vm.reflection.MethodTest.runTestMethod()

====================================================== search started: 23/10/18 19:36

====================================================== error 1
gov.nasa.jpf.vm.NoUncaughtExceptionsProperty
java.lang.IllegalArgumentException: Object is not an instance of declaring class.  Actual = ClassInfo[name=java.lang.Object].  Expected = ClassInfo[name=gov.nasa.jpf.test.vm.reflection.MethodTest]
	at java.lang.reflect.Method.invoke(gov.nasa.jpf.vm.JPF_java_lang_reflect_Method)
	at gov.nasa.jpf.test.vm.reflection.MethodTest.invokeWrongThisType(MethodTest.java:231)
	at java.lang.reflect.Method.invoke(gov.nasa.jpf.vm.JPF_java_lang_reflect_Method)
	at gov.nasa.jpf.util.test.TestJPF.runTestMethod(TestJPF.java:648)


====================================================== snapshot #1
thread java.lang.Thread:{id:0,name:main,status:RUNNING,priority:5,isDaemon:false,lockCount:0,suspendCount:0}
  call stack:
	at gov.nasa.jpf.util.test.TestJPF.runTestMethod(TestJPF.java:650)


====================================================== results
error #1: gov.nasa.jpf.vm.NoUncaughtExceptionsProperty "java.lang.IllegalArgumentException: Object is not ..."

====================================================== search finished: 23/10/18 19:36
  running jpf with args:
JavaPathfinder core system v8.0 (rev 28c066f86c2cd268b8c9b9959161e3d07c6146c6) - (C) 2005-2014 United States Government. All rights reserved.


====================================================== system under test
gov.nasa.jpf.test.vm.reflection.MethodTest.runTestMethod()

====================================================== search started: 23/10/18 19:36
7=>7
8=>8
9=>9
10=>ILLEGAL
3.1415=>ILLEGAL
3.14159=>ILLEGAL
true=>ILLEGAL
w=>119
hello=>ILLEGAL
null=>ILLEGAL

====================================================== results
no errors detected

====================================================== search finished: 23/10/18 19:36
  running jpf with args:
JavaPathfinder core system v8.0 (rev 28c066f86c2cd268b8c9b9959161e3d07c6146c6) - (C) 2005-2014 United States Government. All rights reserved.


====================================================== system under test
gov.nasa.jpf.test.vm.reflection.MethodTest.runTestMethod()

====================================================== search started: 23/10/18 19:36
7=>7.0
8=>8.0
9=>9.0
10=>10.0
3.1415=>3.1414999961853027
3.14159=>3.14159
true=>ILLEGAL
w=>119.0
hello=>ILLEGAL
null=>ILLEGAL

====================================================== results
no errors detected

====================================================== search finished: 23/10/18 19:36
  running jpf with args:
JavaPathfinder core system v8.0 (rev 28c066f86c2cd268b8c9b9959161e3d07c6146c6) - (C) 2005-2014 United States Government. All rights reserved.


====================================================== system under test
gov.nasa.jpf.test.vm.reflection.MethodTest.runTestMethod()

====================================================== search started: 23/10/18 19:36

====================================================== error 1
gov.nasa.jpf.vm.NoUncaughtExceptionsProperty
java.lang.reflect.InvocationTargetException: java.lang.Throwable
	at gov.nasa.jpf.test.vm.reflection.MethodTest.throwThrowable(MethodTest.java:263)
	at java.lang.reflect.Method.invoke(gov.nasa.jpf.vm.JPF_java_lang_reflect_Method)
	at gov.nasa.jpf.test.vm.reflection.MethodTest.invokeInvocationTargetException(MethodTest.java:275)
	at java.lang.reflect.Method.invoke(gov.nasa.jpf.vm.JPF_java_lang_reflect_Method)
	at gov.nasa.jpf.util.test.TestJPF.runTestMethod(TestJPF.java:648)
Caused by: java.lang.Throwable: purposeful exception
	at gov.nasa.jpf.test.vm.reflection.MethodTest.throwThrowable(MethodTest.java:263)
	at java.lang.reflect.Method.invoke(gov.nasa.jpf.vm.JPF_java_lang_reflect_Method)
	at gov.nasa.jpf.test.vm.reflection.MethodTest.invokeInvocationTargetException(MethodTest.java:275)
	at java.lang.reflect.Method.invoke(gov.nasa.jpf.vm.JPF_java_lang_reflect_Method)
	at gov.nasa.jpf.util.test.TestJPF.runTestMethod(TestJPF.java:648)


====================================================== snapshot #1
thread java.lang.Thread:{id:0,name:main,status:RUNNING,priority:5,isDaemon:false,lockCount:0,suspendCount:0}
  call stack:
	at gov.nasa.jpf.util.test.TestJPF.runTestMethod(TestJPF.java:650)


====================================================== results
error #1: gov.nasa.jpf.vm.NoUncaughtExceptionsProperty "java.lang.reflect.InvocationTargetException: java...."

====================================================== search finished: 23/10/18 19:36
  running jpf with args:
JavaPathfinder core system v8.0 (rev 28c066f86c2cd268b8c9b9959161e3d07c6146c6) - (C) 2005-2014 United States Government. All rights reserved.


====================================================== system under test
gov.nasa.jpf.test.vm.reflection.MethodTest.runTestMethod()

====================================================== search started: 23/10/18 19:36

====================================================== error 1
gov.nasa.jpf.vm.NoUncaughtExceptionsProperty
java.lang.NullPointerException
	at java.lang.reflect.Method.invoke(gov.nasa.jpf.vm.JPF_java_lang_reflect_Method)
	at gov.nasa.jpf.test.vm.reflection.MethodTest.invokeNullObject(MethodTest.java:240)
	at java.lang.reflect.Method.invoke(gov.nasa.jpf.vm.JPF_java_lang_reflect_Method)
	at gov.nasa.jpf.util.test.TestJPF.runTestMethod(TestJPF.java:648)


====================================================== snapshot #1
thread java.lang.Thread:{id:0,name:main,status:RUNNING,priority:5,isDaemon:false,lockCount:0,suspendCount:0}
  call stack:
	at gov.nasa.jpf.util.test.TestJPF.runTestMethod(TestJPF.java:650)


====================================================== results
error #1: gov.nasa.jpf.vm.NoUncaughtExceptionsProperty "java.lang.NullPointerException  at java.lang.refle..."

====================================================== search finished: 23/10/18 19:36
]]></system-out>
  <system-err><![CDATA[]]></system-err>
</testsuite>
