<?xml version="1.0" encoding="UTF-8"?>
<testsuite name="gov.nasa.jpf.test.mc.basic.ExceptionInjectorTest" tests="3" skipped="0" failures="0" errors="0" timestamp="2018-10-23T18:35:29" hostname="boombox" time="0.338">
  <properties/>
  <testcase name="testAbsLine" classname="gov.nasa.jpf.test.mc.basic.ExceptionInjectorTest" time="0.242"/>
  <testcase name="testCallee" classname="gov.nasa.jpf.test.mc.basic.ExceptionInjectorTest" time="0.052"/>
  <testcase name="testMethodOffset" classname="gov.nasa.jpf.test.mc.basic.ExceptionInjectorTest" time="0.043"/>
  <system-out><![CDATA[  running jpf with args: +listener=.listener.ExceptionInjector +ei.exception=java.lang.ArithmeticException@gov.nasa.jpf.test.mc.basic.ExceptionInjectorTest:41
java.lang.ArithmeticException@gov.nasa.jpf.test.mc.basic.ExceptionInjectorTest:41
JavaPathfinder core system v8.0 (rev 28c066f86c2cd268b8c9b9959161e3d07c6146c6) - (C) 2005-2014 United States Government. All rights reserved.


====================================================== system under test
gov.nasa.jpf.test.mc.basic.ExceptionInjectorTest.runTestMethod()

====================================================== search started: 23/10/18 19:35
got it handled
java.lang.ArithmeticException
	at gov.nasa.jpf.test.mc.basic.ExceptionInjectorTest.testAbsLine(ExceptionInjectorTest.java:41)
	at java.lang.reflect.Method.invoke(gov.nasa.jpf.vm.JPF_java_lang_reflect_Method)
	at gov.nasa.jpf.util.test.TestJPF.runTestMethod(TestJPF.java:648)

====================================================== results
no errors detected

====================================================== search finished: 23/10/18 19:35
  running jpf with args: +listener=.listener.ExceptionInjector +ei.exception=java.io.IOException@java.io.File.createTempFile(java.lang.String,java.lang.String)
java.io.IOException@java.io.File.createTempFile(Ljava/lang/String;Ljava/lang/String;)
JavaPathfinder core system v8.0 (rev 28c066f86c2cd268b8c9b9959161e3d07c6146c6) - (C) 2005-2014 United States Government. All rights reserved.


====================================================== system under test
gov.nasa.jpf.test.mc.basic.ExceptionInjectorTest.runTestMethod()

====================================================== search started: 23/10/18 19:35
java.io.IOException
	at gov.nasa.jpf.test.mc.basic.ExceptionInjectorTest.testCallee(ExceptionInjectorTest.java:83)
	at java.lang.reflect.Method.invoke(gov.nasa.jpf.vm.JPF_java_lang_reflect_Method)
	at gov.nasa.jpf.util.test.TestJPF.runTestMethod(TestJPF.java:648)

====================================================== results
no errors detected

====================================================== search finished: 23/10/18 19:35
  running jpf with args: +listener=.listener.ExceptionInjector +ei.exception=gov.nasa.jpf.test.mc.basic.ExceptionInjectorTest$Zapp("gotcha")@gov.nasa.jpf.test.mc.basic.ExceptionInjectorTest.testMethodOffset():6
gov.nasa.jpf.test.mc.basic.ExceptionInjectorTest$Zapp("gotcha")@gov.nasa.jpf.test.mc.basic.ExceptionInjectorTest.testMethodOffset():6
JavaPathfinder core system v8.0 (rev 28c066f86c2cd268b8c9b9959161e3d07c6146c6) - (C) 2005-2014 United States Government. All rights reserved.


====================================================== system under test
gov.nasa.jpf.test.mc.basic.ExceptionInjectorTest.runTestMethod()

====================================================== search started: 23/10/18 19:35
gov.nasa.jpf.test.mc.basic.ExceptionInjectorTest$Zapp: gotcha

====================================================== results
no errors detected

====================================================== search finished: 23/10/18 19:35
]]></system-out>
  <system-err><![CDATA[]]></system-err>
</testsuite>
