<?xml version="1.0" encoding="UTF-8"?>
<testsuite name="ReporterResourcesTest" tests="2" skipped="0" failures="0" errors="0" timestamp="2018-10-23T18:34:51" hostname="boombox" time="0.083">
  <properties/>
  <testcase name="hashMustExist" classname="ReporterResourcesTest" time="0.079"/>
  <testcase name="checkResources" classname="ReporterResourcesTest" time="0.004"/>
  <system-out><![CDATA[]]></system-out>
  <system-err><![CDATA[]]></system-err>
</testsuite>
