<?xml version="1.0" encoding="UTF-8"?>
<testsuite name="gov.nasa.jpf.test.java.concurrent.AtomicReferenceFieldUpdaterTest" tests="2" skipped="0" failures="0" errors="0" timestamp="2018-10-23T18:36:30" hostname="boombox" time="0.321">
  <properties/>
  <testcase name="testByteArrayField" classname="gov.nasa.jpf.test.java.concurrent.AtomicReferenceFieldUpdaterTest" time="0.268"/>
  <testcase name="testStringField" classname="gov.nasa.jpf.test.java.concurrent.AtomicReferenceFieldUpdaterTest" time="0.053"/>
  <system-out><![CDATA[  running jpf with args: +cg.enumreate_cas=true
JavaPathfinder core system v8.0 (rev 28c066f86c2cd268b8c9b9959161e3d07c6146c6) - (C) 2005-2014 United States Government. All rights reserved.


====================================================== system under test
gov.nasa.jpf.test.java.concurrent.AtomicReferenceFieldUpdaterTest.runTestMethod()

====================================================== search started: 23/10/18 19:36
[B@43594
[B@43589

====================================================== results
no errors detected

====================================================== search finished: 23/10/18 19:36
  running jpf with args: +cg.enumreate_cas=true
JavaPathfinder core system v8.0 (rev 28c066f86c2cd268b8c9b9959161e3d07c6146c6) - (C) 2005-2014 United States Government. All rights reserved.


====================================================== system under test
gov.nasa.jpf.test.java.concurrent.AtomicReferenceFieldUpdaterTest.runTestMethod()

====================================================== search started: 23/10/18 19:36
one
two

====================================================== results
no errors detected

====================================================== search finished: 23/10/18 19:36
]]></system-out>
  <system-err><![CDATA[]]></system-err>
</testsuite>
