<?xml version="1.0" encoding="UTF-8"?>
<testsuite name="gov.nasa.jpf.test.mc.basic.SkipInstructionTest" tests="2" skipped="0" failures="0" errors="0" timestamp="2018-10-23T18:35:29" hostname="boombox" time="0.327">
  <properties/>
  <testcase name="testGETFIELD" classname="gov.nasa.jpf.test.mc.basic.SkipInstructionTest" time="0.265"/>
  <testcase name="testSkipMethodBody" classname="gov.nasa.jpf.test.mc.basic.SkipInstructionTest" time="0.062"/>
  <system-out><![CDATA[  running jpf with args: +listener=gov.nasa.jpf.test.mc.basic.SkipInstructionTest$GetFieldListener
JavaPathfinder core system v8.0 (rev 28c066f86c2cd268b8c9b9959161e3d07c6146c6) - (C) 2005-2014 United States Government. All rights reserved.


====================================================== system under test
gov.nasa.jpf.test.mc.basic.SkipInstructionTest.runTestMethod()

====================================================== search started: 23/10/18 19:35
now intercepting: getfield gov.nasa.jpf.test.mc.basic.SkipInstructionTest.answer
42

====================================================== results
no errors detected

====================================================== search finished: 23/10/18 19:35
  running jpf with args: +listener=gov.nasa.jpf.test.mc.basic.SkipInstructionTest$InvokeListener
method to intercept: MethodInfo[gov.nasa.jpf.test.mc.basic.SkipInstructionTest.foo(II)I]
JavaPathfinder core system v8.0 (rev 28c066f86c2cd268b8c9b9959161e3d07c6146c6) - (C) 2005-2014 United States Government. All rights reserved.


====================================================== system under test
gov.nasa.jpf.test.mc.basic.SkipInstructionTest.runTestMethod()

====================================================== search started: 23/10/18 19:35
in MethodInfo[gov.nasa.jpf.test.mc.basic.SkipInstructionTest.foo(II)I]
in top half: invokevirtual gov.nasa.jpf.test.mc.basic.SkipInstructionTest.foo(II)I
in MethodInfo[gov.nasa.jpf.test.mc.basic.SkipInstructionTest.foo(II)I]
in bottom half: iload_1
listener is skipping method body of MethodInfo[gov.nasa.jpf.test.mc.basic.SkipInstructionTest.foo(II)I] returning 42
42
in MethodInfo[gov.nasa.jpf.test.mc.basic.SkipInstructionTest.foo(II)I]
in bottom half: iload_1
listener is skipping method body of MethodInfo[gov.nasa.jpf.test.mc.basic.SkipInstructionTest.foo(II)I] returning 43
43

====================================================== results
no errors detected

====================================================== search finished: 23/10/18 19:35
]]></system-out>
  <system-err><![CDATA[]]></system-err>
</testsuite>
