<?xml version="1.0" encoding="UTF-8"?>
<testsuite name="gov.nasa.jpf.test.java.lang.SystemTest" tests="6" skipped="0" failures="0" errors="0" timestamp="2018-10-23T18:36:43" hostname="boombox" time="0.505">
  <properties/>
  <testcase name="testOverlappingSelfArrayCopy" classname="gov.nasa.jpf.test.java.lang.SystemTest" time="0.261"/>
  <testcase name="testExit" classname="gov.nasa.jpf.test.java.lang.SystemTest" time="0.07"/>
  <testcase name="testSelfArrayCopy" classname="gov.nasa.jpf.test.java.lang.SystemTest" time="0.045"/>
  <testcase name="testSimpleArrayCopy" classname="gov.nasa.jpf.test.java.lang.SystemTest" time="0.047"/>
  <testcase name="testRestoredArrayCopy" classname="gov.nasa.jpf.test.java.lang.SystemTest" time="0.045"/>
  <testcase name="testIncompatibleReferencesArrayCopy" classname="gov.nasa.jpf.test.java.lang.SystemTest" time="0.036"/>
  <system-out><![CDATA[  running jpf with args:
JavaPathfinder core system v8.0 (rev 28c066f86c2cd268b8c9b9959161e3d07c6146c6) - (C) 2005-2014 United States Government. All rights reserved.


====================================================== system under test
gov.nasa.jpf.test.java.lang.SystemTest.runTestMethod()

====================================================== search started: 23/10/18 19:36

====================================================== results
no errors detected

====================================================== search finished: 23/10/18 19:36
  running jpf with args:
JavaPathfinder core system v8.0 (rev 28c066f86c2cd268b8c9b9959161e3d07c6146c6) - (C) 2005-2014 United States Government. All rights reserved.


====================================================== system under test
gov.nasa.jpf.test.java.lang.SystemTest.runTestMethod()

====================================================== search started: 23/10/18 19:36
calling System.exit(0)
calling System.exit(0)
calling System.exit(0)
calling System.exit(0)
calling System.exit(0)
calling System.exit(0)

====================================================== results
no errors detected

====================================================== search finished: 23/10/18 19:36
  running jpf with args:
JavaPathfinder core system v8.0 (rev 28c066f86c2cd268b8c9b9959161e3d07c6146c6) - (C) 2005-2014 United States Government. All rights reserved.


====================================================== system under test
gov.nasa.jpf.test.java.lang.SystemTest.runTestMethod()

====================================================== search started: 23/10/18 19:36

====================================================== results
no errors detected

====================================================== search finished: 23/10/18 19:36
  running jpf with args:
JavaPathfinder core system v8.0 (rev 28c066f86c2cd268b8c9b9959161e3d07c6146c6) - (C) 2005-2014 United States Government. All rights reserved.


====================================================== system under test
gov.nasa.jpf.test.java.lang.SystemTest.runTestMethod()

====================================================== search started: 23/10/18 19:36

====================================================== results
no errors detected

====================================================== search finished: 23/10/18 19:36
  running jpf with args:
JavaPathfinder core system v8.0 (rev 28c066f86c2cd268b8c9b9959161e3d07c6146c6) - (C) 2005-2014 United States Government. All rights reserved.


====================================================== system under test
gov.nasa.jpf.test.java.lang.SystemTest.runTestMethod()

====================================================== search started: 23/10/18 19:36
processing choice: 0
copying array
processing choice: 1
checking if non-copied dst[0] is still null

====================================================== results
no errors detected

====================================================== search finished: 23/10/18 19:36
  running jpf with args:
JavaPathfinder core system v8.0 (rev 28c066f86c2cd268b8c9b9959161e3d07c6146c6) - (C) 2005-2014 United States Government. All rights reserved.


====================================================== system under test
gov.nasa.jpf.test.java.lang.SystemTest.runTestMethod()

====================================================== search started: 23/10/18 19:36

====================================================== error 1
gov.nasa.jpf.vm.NoUncaughtExceptionsProperty
java.lang.ArrayStoreException: incompatible reference array element type (required java.lang.String, found java.lang.Integer
	at java.lang.System.arraycopy(gov.nasa.jpf.vm.JPF_java_lang_System)
	at gov.nasa.jpf.test.java.lang.SystemTest.testIncompatibleReferencesArrayCopy(SystemTest.java:130)
	at java.lang.reflect.Method.invoke(gov.nasa.jpf.vm.JPF_java_lang_reflect_Method)
	at gov.nasa.jpf.util.test.TestJPF.runTestMethod(TestJPF.java:648)


====================================================== snapshot #1
thread java.lang.Thread:{id:0,name:main,status:RUNNING,priority:5,isDaemon:false,lockCount:0,suspendCount:0}
  call stack:
	at gov.nasa.jpf.util.test.TestJPF.runTestMethod(TestJPF.java:650)


====================================================== results
error #1: gov.nasa.jpf.vm.NoUncaughtExceptionsProperty "java.lang.ArrayStoreException: incompatible refere..."

====================================================== search finished: 23/10/18 19:36
]]></system-out>
  <system-err><![CDATA[]]></system-err>
</testsuite>
