<?xml version="1.0" encoding="UTF-8"?>
<testsuite name="gov.nasa.jpf.test.mc.data.DataChoiceTest" tests="4" skipped="0" failures="0" errors="0" timestamp="2018-10-23T18:35:46" hostname="boombox" time="0.419">
  <properties/>
  <testcase name="testIntFromArray" classname="gov.nasa.jpf.test.mc.data.DataChoiceTest" time="0.269"/>
  <testcase name="testDoubleFromArray" classname="gov.nasa.jpf.test.mc.data.DataChoiceTest" time="0.055"/>
  <testcase name="testIntFromSet" classname="gov.nasa.jpf.test.mc.data.DataChoiceTest" time="0.047"/>
  <testcase name="testDoubleFromSet" classname="gov.nasa.jpf.test.mc.data.DataChoiceTest" time="0.047"/>
  <system-out><![CDATA[  running jpf with args:
JavaPathfinder core system v8.0 (rev 28c066f86c2cd268b8c9b9959161e3d07c6146c6) - (C) 2005-2014 United States Government. All rights reserved.


====================================================== system under test
gov.nasa.jpf.test.mc.data.DataChoiceTest.runTestMethod()

====================================================== search started: 23/10/18 19:35
1
2
3
4
5

====================================================== results
no errors detected

====================================================== search finished: 23/10/18 19:35
  running jpf with args:
JavaPathfinder core system v8.0 (rev 28c066f86c2cd268b8c9b9959161e3d07c6146c6) - (C) 2005-2014 United States Government. All rights reserved.


====================================================== system under test
gov.nasa.jpf.test.mc.data.DataChoiceTest.runTestMethod()

====================================================== search started: 23/10/18 19:35
-42.0
0.0
42.0

====================================================== results
no errors detected

====================================================== search finished: 23/10/18 19:35
  running jpf with args: +my_int_from_set.class=gov.nasa.jpf.vm.choice.IntChoiceFromSet +my_int_from_set.values=1,2,3,intField,localVar
JavaPathfinder core system v8.0 (rev 28c066f86c2cd268b8c9b9959161e3d07c6146c6) - (C) 2005-2014 United States Government. All rights reserved.


====================================================== system under test
gov.nasa.jpf.test.mc.data.DataChoiceTest.runTestMethod()

====================================================== search started: 23/10/18 19:35
1
2
3
42
43

====================================================== results
no errors detected

====================================================== search finished: 23/10/18 19:35
  running jpf with args: +my_double_from_set.class=gov.nasa.jpf.vm.choice.DoubleChoiceFromSet +my_double_from_set.values=42.0,43.5,doubleField,localVar
JavaPathfinder core system v8.0 (rev 28c066f86c2cd268b8c9b9959161e3d07c6146c6) - (C) 2005-2014 United States Government. All rights reserved.


====================================================== system under test
gov.nasa.jpf.test.mc.data.DataChoiceTest.runTestMethod()

====================================================== search started: 23/10/18 19:35
42.0
43.5
-42.0
4200.0

====================================================== results
no errors detected

====================================================== search finished: 23/10/18 19:35
]]></system-out>
  <system-err><![CDATA[]]></system-err>
</testsuite>
