<?xml version="1.0" encoding="UTF-8"?>
<testsuite name="gov.nasa.jpf.test.java.lang.BoxObjectCacheTest" tests="12" skipped="0" failures="0" errors="0" timestamp="2018-10-23T18:36:49" hostname="boombox" time="0.678">
  <properties/>
  <testcase name="testLongCacheBoxObject" classname="gov.nasa.jpf.test.java.lang.BoxObjectCacheTest" time="0.258"/>
  <testcase name="testByteCacheBoxObject" classname="gov.nasa.jpf.test.java.lang.BoxObjectCacheTest" time="0.054"/>
  <testcase name="testByteCache" classname="gov.nasa.jpf.test.java.lang.BoxObjectCacheTest" time="0.046"/>
  <testcase name="testCharacterCacheBoxObject" classname="gov.nasa.jpf.test.java.lang.BoxObjectCacheTest" time="0.047"/>
  <testcase name="testCharacterCache" classname="gov.nasa.jpf.test.java.lang.BoxObjectCacheTest" time="0.041"/>
  <testcase name="testShortCacheBoxObject" classname="gov.nasa.jpf.test.java.lang.BoxObjectCacheTest" time="0.037"/>
  <testcase name="testBooleanCache" classname="gov.nasa.jpf.test.java.lang.BoxObjectCacheTest" time="0.036"/>
  <testcase name="testIntCacheBoxObject" classname="gov.nasa.jpf.test.java.lang.BoxObjectCacheTest" time="0.033"/>
  <testcase name="testLongCache" classname="gov.nasa.jpf.test.java.lang.BoxObjectCacheTest" time="0.034"/>
  <testcase name="testShortCache" classname="gov.nasa.jpf.test.java.lang.BoxObjectCacheTest" time="0.035"/>
  <testcase name="testBooleanCacheBoxObject" classname="gov.nasa.jpf.test.java.lang.BoxObjectCacheTest" time="0.026"/>
  <testcase name="testIntCache" classname="gov.nasa.jpf.test.java.lang.BoxObjectCacheTest" time="0.027"/>
  <system-out><![CDATA[  running jpf with args: +vm.cache.low_byte=-100 +vm.cache.high_byte=100 +vm.cache.high_char=100 +vm.cache.low_short=-100 +vm.cache.high_short=100 +vm.cache.low_int=-100 +vm.cache.high_int=100 +vm.cache.low_long=-100 +vm.cache.high_long=100
JavaPathfinder core system v8.0 (rev 28c066f86c2cd268b8c9b9959161e3d07c6146c6) - (C) 2005-2014 United States Government. All rights reserved.


====================================================== system under test
gov.nasa.jpf.test.java.lang.BoxObjectCacheTest.runTestMethod()

====================================================== search started: 23/10/18 19:36

====================================================== results
no errors detected

====================================================== search finished: 23/10/18 19:36
  running jpf with args: +vm.cache.low_byte=-100 +vm.cache.high_byte=100 +vm.cache.high_char=100 +vm.cache.low_short=-100 +vm.cache.high_short=100 +vm.cache.low_int=-100 +vm.cache.high_int=100 +vm.cache.low_long=-100 +vm.cache.high_long=100
JavaPathfinder core system v8.0 (rev 28c066f86c2cd268b8c9b9959161e3d07c6146c6) - (C) 2005-2014 United States Government. All rights reserved.


====================================================== system under test
gov.nasa.jpf.test.java.lang.BoxObjectCacheTest.runTestMethod()

====================================================== search started: 23/10/18 19:36

====================================================== results
no errors detected

====================================================== search finished: 23/10/18 19:36
  running jpf with args: +vm.cache.low_byte=-100 +vm.cache.high_byte=100 +vm.cache.high_char=100 +vm.cache.low_short=-100 +vm.cache.high_short=100 +vm.cache.low_int=-100 +vm.cache.high_int=100 +vm.cache.low_long=-100 +vm.cache.high_long=100
JavaPathfinder core system v8.0 (rev 28c066f86c2cd268b8c9b9959161e3d07c6146c6) - (C) 2005-2014 United States Government. All rights reserved.


====================================================== system under test
gov.nasa.jpf.test.java.lang.BoxObjectCacheTest.runTestMethod()

====================================================== search started: 23/10/18 19:36

====================================================== results
no errors detected

====================================================== search finished: 23/10/18 19:36
  running jpf with args: +vm.cache.low_byte=-100 +vm.cache.high_byte=100 +vm.cache.high_char=100 +vm.cache.low_short=-100 +vm.cache.high_short=100 +vm.cache.low_int=-100 +vm.cache.high_int=100 +vm.cache.low_long=-100 +vm.cache.high_long=100
JavaPathfinder core system v8.0 (rev 28c066f86c2cd268b8c9b9959161e3d07c6146c6) - (C) 2005-2014 United States Government. All rights reserved.


====================================================== system under test
gov.nasa.jpf.test.java.lang.BoxObjectCacheTest.runTestMethod()

====================================================== search started: 23/10/18 19:36

====================================================== results
no errors detected

====================================================== search finished: 23/10/18 19:36
  running jpf with args: +vm.cache.low_byte=-100 +vm.cache.high_byte=100 +vm.cache.high_char=100 +vm.cache.low_short=-100 +vm.cache.high_short=100 +vm.cache.low_int=-100 +vm.cache.high_int=100 +vm.cache.low_long=-100 +vm.cache.high_long=100
JavaPathfinder core system v8.0 (rev 28c066f86c2cd268b8c9b9959161e3d07c6146c6) - (C) 2005-2014 United States Government. All rights reserved.


====================================================== system under test
gov.nasa.jpf.test.java.lang.BoxObjectCacheTest.runTestMethod()

====================================================== search started: 23/10/18 19:36

====================================================== results
no errors detected

====================================================== search finished: 23/10/18 19:36
  running jpf with args: +vm.cache.low_byte=-100 +vm.cache.high_byte=100 +vm.cache.high_char=100 +vm.cache.low_short=-100 +vm.cache.high_short=100 +vm.cache.low_int=-100 +vm.cache.high_int=100 +vm.cache.low_long=-100 +vm.cache.high_long=100
JavaPathfinder core system v8.0 (rev 28c066f86c2cd268b8c9b9959161e3d07c6146c6) - (C) 2005-2014 United States Government. All rights reserved.


====================================================== system under test
gov.nasa.jpf.test.java.lang.BoxObjectCacheTest.runTestMethod()

====================================================== search started: 23/10/18 19:36

====================================================== results
no errors detected

====================================================== search finished: 23/10/18 19:36
  running jpf with args: +vm.cache.low_byte=-100 +vm.cache.high_byte=100 +vm.cache.high_char=100 +vm.cache.low_short=-100 +vm.cache.high_short=100 +vm.cache.low_int=-100 +vm.cache.high_int=100 +vm.cache.low_long=-100 +vm.cache.high_long=100
JavaPathfinder core system v8.0 (rev 28c066f86c2cd268b8c9b9959161e3d07c6146c6) - (C) 2005-2014 United States Government. All rights reserved.


====================================================== system under test
gov.nasa.jpf.test.java.lang.BoxObjectCacheTest.runTestMethod()

====================================================== search started: 23/10/18 19:36

====================================================== results
no errors detected

====================================================== search finished: 23/10/18 19:36
  running jpf with args: +vm.cache.low_byte=-100 +vm.cache.high_byte=100 +vm.cache.high_char=100 +vm.cache.low_short=-100 +vm.cache.high_short=100 +vm.cache.low_int=-100 +vm.cache.high_int=100 +vm.cache.low_long=-100 +vm.cache.high_long=100
JavaPathfinder core system v8.0 (rev 28c066f86c2cd268b8c9b9959161e3d07c6146c6) - (C) 2005-2014 United States Government. All rights reserved.


====================================================== system under test
gov.nasa.jpf.test.java.lang.BoxObjectCacheTest.runTestMethod()

====================================================== search started: 23/10/18 19:36

====================================================== results
no errors detected

====================================================== search finished: 23/10/18 19:36
  running jpf with args: +vm.cache.low_byte=-100 +vm.cache.high_byte=100 +vm.cache.high_char=100 +vm.cache.low_short=-100 +vm.cache.high_short=100 +vm.cache.low_int=-100 +vm.cache.high_int=100 +vm.cache.low_long=-100 +vm.cache.high_long=100
JavaPathfinder core system v8.0 (rev 28c066f86c2cd268b8c9b9959161e3d07c6146c6) - (C) 2005-2014 United States Government. All rights reserved.


====================================================== system under test
gov.nasa.jpf.test.java.lang.BoxObjectCacheTest.runTestMethod()

====================================================== search started: 23/10/18 19:36

====================================================== results
no errors detected

====================================================== search finished: 23/10/18 19:36
  running jpf with args: +vm.cache.low_byte=-100 +vm.cache.high_byte=100 +vm.cache.high_char=100 +vm.cache.low_short=-100 +vm.cache.high_short=100 +vm.cache.low_int=-100 +vm.cache.high_int=100 +vm.cache.low_long=-100 +vm.cache.high_long=100
JavaPathfinder core system v8.0 (rev 28c066f86c2cd268b8c9b9959161e3d07c6146c6) - (C) 2005-2014 United States Government. All rights reserved.


====================================================== system under test
gov.nasa.jpf.test.java.lang.BoxObjectCacheTest.runTestMethod()

====================================================== search started: 23/10/18 19:36

====================================================== results
no errors detected

====================================================== search finished: 23/10/18 19:36
  running jpf with args: +vm.cache.low_byte=-100 +vm.cache.high_byte=100 +vm.cache.high_char=100 +vm.cache.low_short=-100 +vm.cache.high_short=100 +vm.cache.low_int=-100 +vm.cache.high_int=100 +vm.cache.low_long=-100 +vm.cache.high_long=100
JavaPathfinder core system v8.0 (rev 28c066f86c2cd268b8c9b9959161e3d07c6146c6) - (C) 2005-2014 United States Government. All rights reserved.


====================================================== system under test
gov.nasa.jpf.test.java.lang.BoxObjectCacheTest.runTestMethod()

====================================================== search started: 23/10/18 19:36

====================================================== results
no errors detected

====================================================== search finished: 23/10/18 19:36
  running jpf with args: +vm.cache.low_byte=-100 +vm.cache.high_byte=100 +vm.cache.high_char=100 +vm.cache.low_short=-100 +vm.cache.high_short=100 +vm.cache.low_int=-100 +vm.cache.high_int=100 +vm.cache.low_long=-100 +vm.cache.high_long=100
JavaPathfinder core system v8.0 (rev 28c066f86c2cd268b8c9b9959161e3d07c6146c6) - (C) 2005-2014 United States Government. All rights reserved.


====================================================== system under test
gov.nasa.jpf.test.java.lang.BoxObjectCacheTest.runTestMethod()

====================================================== search started: 23/10/18 19:36

====================================================== results
no errors detected

====================================================== search finished: 23/10/18 19:36
]]></system-out>
  <system-err><![CDATA[]]></system-err>
</testsuite>
