<?xml version="1.0" encoding="UTF-8"?>
<testsuite name="gov.nasa.jpf.test.java.lang.reflect.FieldTest" tests="6" skipped="0" failures="0" errors="0" timestamp="2018-10-23T18:36:47" hostname="boombox" time="0.511">
  <properties/>
  <testcase name="getDeclaredAnnotationsTest" classname="gov.nasa.jpf.test.java.lang.reflect.FieldTest" time="0.266"/>
  <testcase name="isEnumConstantTest" classname="gov.nasa.jpf.test.java.lang.reflect.FieldTest" time="0.057"/>
  <testcase name="equalsTest" classname="gov.nasa.jpf.test.java.lang.reflect.FieldTest" time="0.053"/>
  <testcase name="toStringTest" classname="gov.nasa.jpf.test.java.lang.reflect.FieldTest" time="0.042"/>
  <testcase name="hashCodeTest" classname="gov.nasa.jpf.test.java.lang.reflect.FieldTest" time="0.042"/>
  <testcase name="getSetShortFieldTest" classname="gov.nasa.jpf.test.java.lang.reflect.FieldTest" time="0.05"/>
  <system-out><![CDATA[  running jpf with args:
JavaPathfinder core system v8.0 (rev 28c066f86c2cd268b8c9b9959161e3d07c6146c6) - (C) 2005-2014 United States Government. All rights reserved.


====================================================== system under test
gov.nasa.jpf.test.java.lang.reflect.FieldTest.runTestMethod()

====================================================== search started: 23/10/18 19:36

====================================================== results
no errors detected

====================================================== search finished: 23/10/18 19:36
  running jpf with args:
JavaPathfinder core system v8.0 (rev 28c066f86c2cd268b8c9b9959161e3d07c6146c6) - (C) 2005-2014 United States Government. All rights reserved.


====================================================== system under test
gov.nasa.jpf.test.java.lang.reflect.FieldTest.runTestMethod()

====================================================== search started: 23/10/18 19:36

====================================================== results
no errors detected

====================================================== search finished: 23/10/18 19:36
  running jpf with args:
JavaPathfinder core system v8.0 (rev 28c066f86c2cd268b8c9b9959161e3d07c6146c6) - (C) 2005-2014 United States Government. All rights reserved.


====================================================== system under test
gov.nasa.jpf.test.java.lang.reflect.FieldTest.runTestMethod()

====================================================== search started: 23/10/18 19:36

====================================================== results
no errors detected

====================================================== search finished: 23/10/18 19:36
  running jpf with args:
JavaPathfinder core system v8.0 (rev 28c066f86c2cd268b8c9b9959161e3d07c6146c6) - (C) 2005-2014 United States Government. All rights reserved.


====================================================== system under test
gov.nasa.jpf.test.java.lang.reflect.FieldTest.runTestMethod()

====================================================== search started: 23/10/18 19:36
public static final int gov.nasa.jpf.test.java.lang.reflect.FieldTest.testField1

====================================================== results
no errors detected

====================================================== search finished: 23/10/18 19:36
  running jpf with args:
JavaPathfinder core system v8.0 (rev 28c066f86c2cd268b8c9b9959161e3d07c6146c6) - (C) 2005-2014 United States Government. All rights reserved.


====================================================== system under test
gov.nasa.jpf.test.java.lang.reflect.FieldTest.runTestMethod()

====================================================== search started: 23/10/18 19:36

====================================================== results
no errors detected

====================================================== search finished: 23/10/18 19:36
  running jpf with args:
JavaPathfinder core system v8.0 (rev 28c066f86c2cd268b8c9b9959161e3d07c6146c6) - (C) 2005-2014 United States Government. All rights reserved.


====================================================== system under test
gov.nasa.jpf.test.java.lang.reflect.FieldTest.runTestMethod()

====================================================== search started: 23/10/18 19:36

====================================================== results
no errors detected

====================================================== search finished: 23/10/18 19:36
]]></system-out>
  <system-err><![CDATA[]]></system-err>
</testsuite>
