<?xml version="1.0" encoding="UTF-8"?>
<testsuite name="gov.nasa.jpf.test.mc.basic.VerifyTest" tests="7" skipped="0" failures="0" errors="0" timestamp="2018-10-23T18:35:10" hostname="boombox" time="0.52">
  <properties/>
  <testcase name="testProperties" classname="gov.nasa.jpf.test.mc.basic.VerifyTest" time="0.257"/>
  <testcase name="backtrackNotificationAfterIgnore" classname="gov.nasa.jpf.test.mc.basic.VerifyTest" time="0.054"/>
  <testcase name="testBreak" classname="gov.nasa.jpf.test.mc.basic.VerifyTest" time="0.045"/>
  <testcase name="testChangeListener" classname="gov.nasa.jpf.test.mc.basic.VerifyTest" time="0.049"/>
  <testcase name="testGetBoolean" classname="gov.nasa.jpf.test.mc.basic.VerifyTest" time="0.039"/>
  <testcase name="testGetBooleanFalseFirst" classname="gov.nasa.jpf.test.mc.basic.VerifyTest" time="0.036"/>
  <testcase name="testBitSet" classname="gov.nasa.jpf.test.mc.basic.VerifyTest" time="0.038"/>
  <system-out><![CDATA[  running jpf with args: +hum=didum
JavaPathfinder core system v8.0 (rev 28c066f86c2cd268b8c9b9959161e3d07c6146c6) - (C) 2005-2014 United States Government. All rights reserved.


====================================================== system under test
gov.nasa.jpf.test.mc.basic.VerifyTest.runTestMethod()

====================================================== search started: 23/10/18 19:35
got hum=didum
got foo=bar

====================================================== results
no errors detected

====================================================== search finished: 23/10/18 19:35
  running jpf with args: +listener+=,gov.nasa.jpf.test.mc.basic.VerifyTest$CountBacktrack +vm.max_transition_length=MAX
JavaPathfinder core system v8.0 (rev 28c066f86c2cd268b8c9b9959161e3d07c6146c6) - (C) 2005-2014 United States Government. All rights reserved.


====================================================== system under test
gov.nasa.jpf.test.mc.basic.VerifyTest.runTestMethod()

====================================================== search started: 23/10/18 19:35

====================================================== results
no errors detected

====================================================== search finished: 23/10/18 19:35
  running jpf with args:
JavaPathfinder core system v8.0 (rev 28c066f86c2cd268b8c9b9959161e3d07c6146c6) - (C) 2005-2014 United States Government. All rights reserved.


====================================================== system under test
gov.nasa.jpf.test.mc.basic.VerifyTest.runTestMethod()

====================================================== search started: 23/10/18 19:35

====================================================== results
no errors detected

====================================================== search finished: 23/10/18 19:35
  running jpf with args:
JavaPathfinder core system v8.0 (rev 28c066f86c2cd268b8c9b9959161e3d07c6146c6) - (C) 2005-2014 United States Government. All rights reserved.


====================================================== system under test
gov.nasa.jpf.test.mc.basic.VerifyTest.runTestMethod()

====================================================== search started: 23/10/18 19:35

====================================================== Grouped By: type
All  (choices: 0, generators: 0)

====================================================== Grouped By: package, class, method, instruction, type
All  (choices: 0, generators: 0)

====================================================== results
no errors detected

====================================================== search finished: 23/10/18 19:35
  running jpf with args:
JavaPathfinder core system v8.0 (rev 28c066f86c2cd268b8c9b9959161e3d07c6146c6) - (C) 2005-2014 United States Government. All rights reserved.


====================================================== system under test
gov.nasa.jpf.test.mc.basic.VerifyTest.runTestMethod()

====================================================== search started: 23/10/18 19:35

====================================================== results
no errors detected

====================================================== search finished: 23/10/18 19:35
  running jpf with args:
JavaPathfinder core system v8.0 (rev 28c066f86c2cd268b8c9b9959161e3d07c6146c6) - (C) 2005-2014 United States Government. All rights reserved.


====================================================== system under test
gov.nasa.jpf.test.mc.basic.VerifyTest.runTestMethod()

====================================================== search started: 23/10/18 19:35

====================================================== results
no errors detected

====================================================== search finished: 23/10/18 19:35
  running jpf with args:
JavaPathfinder core system v8.0 (rev 28c066f86c2cd268b8c9b9959161e3d07c6146c6) - (C) 2005-2014 United States Government. All rights reserved.


====================================================== system under test
gov.nasa.jpf.test.mc.basic.VerifyTest.runTestMethod()

====================================================== search started: 23/10/18 19:35

====================================================== results
no errors detected

====================================================== search finished: 23/10/18 19:35
]]></system-out>
  <system-err><![CDATA[]]></system-err>
</testsuite>
