<?xml version="1.0" encoding="UTF-8"?>
<testsuite name="gov.nasa.jpf.test.mc.threads.ClinitTest" tests="2" skipped="0" failures="0" errors="0" timestamp="2018-10-23T18:35:34" hostname="boombox" time="0.329">
  <properties/>
  <testcase name="testNoConcurrentClinit" classname="gov.nasa.jpf.test.mc.threads.ClinitTest" time="0.263"/>
  <testcase name="testClinitChoices" classname="gov.nasa.jpf.test.mc.threads.ClinitTest" time="0.066"/>
  <system-out><![CDATA[  running jpf with args:
JavaPathfinder core system v8.0 (rev 28c066f86c2cd268b8c9b9959161e3d07c6146c6) - (C) 2005-2014 United States Government. All rights reserved.


====================================================== system under test
gov.nasa.jpf.test.mc.threads.ClinitTest.runTestMethod()

====================================================== search started: 23/10/18 19:35
maininitializing X
maininitializing X
Thread-1initializing X
Thread-1initializing X

====================================================== results
no errors detected

====================================================== search finished: 23/10/18 19:35
  running jpf with args:
JavaPathfinder core system v8.0 (rev 28c066f86c2cd268b8c9b9959161e3d07c6146c6) - (C) 2005-2014 United States Government. All rights reserved.


====================================================== system under test
gov.nasa.jpf.test.mc.threads.ClinitTest.runTestMethod()

====================================================== search started: 23/10/18 19:35
maininitializing Y
maintesting Y.y
maininitializing Y
maintesting Y.y
maintesting Y.y
maintesting Y.y
maintesting Y.y
Thread-1initializing Y
maintesting Y.y

====================================================== error 1
gov.nasa.jpf.vm.NoUncaughtExceptionsProperty
java.lang.AssertionError: gotcha
	at gov.nasa.jpf.util.test.TestJPF.fail(TestJPF.java:164)
	at gov.nasa.jpf.util.test.TestJPF.assertTrue(TestJPF.java:1174)
	at gov.nasa.jpf.test.mc.threads.ClinitTest.testClinitChoices(ClinitTest.java:84)
	at java.lang.reflect.Method.invoke(gov.nasa.jpf.vm.JPF_java_lang_reflect_Method)
	at gov.nasa.jpf.util.test.TestJPF.runTestMethod(TestJPF.java:648)


====================================================== snapshot #1
thread java.lang.Thread:{id:0,name:main,status:UNBLOCKED,priority:5,isDaemon:false,lockCount:0,suspendCount:0}
  call stack:
	at gov.nasa.jpf.util.test.TestJPF.runTestMethod(TestJPF.java:650)

thread java.lang.Thread:{id:1,name:Thread-1,status:RUNNING,priority:5,isDaemon:false,lockCount:0,suspendCount:0}
  call stack:
	at gov.nasa.jpf.test.mc.threads.ClinitTest$Y.<clinit>(ClinitTest.java:66)
	at gov.nasa.jpf.test.mc.threads.ClinitTest$2.run(ClinitTest.java:75)


====================================================== results
error #1: gov.nasa.jpf.vm.NoUncaughtExceptionsProperty "java.lang.AssertionError: gotcha  at gov.nasa.jpf...."

====================================================== search finished: 23/10/18 19:35
]]></system-out>
  <system-err><![CDATA[]]></system-err>
</testsuite>
