<?xml version="1.0" encoding="UTF-8"?>
<testsuite name="gov.nasa.jpf.util.StringSetMatcherTest" tests="4" skipped="0" failures="0" errors="0" timestamp="2018-10-23T18:36:55" hostname="boombox" time="0.002">
  <properties/>
  <testcase name="testInversion" classname="gov.nasa.jpf.util.StringSetMatcherTest" time="0.001"/>
  <testcase name="testHasAnyPattern" classname="gov.nasa.jpf.util.StringSetMatcherTest" time="0.0"/>
  <testcase name="testMatchesAll" classname="gov.nasa.jpf.util.StringSetMatcherTest" time="0.0"/>
  <testcase name="testMatchesAny" classname="gov.nasa.jpf.util.StringSetMatcherTest" time="0.001"/>
  <system-out><![CDATA[]]></system-out>
  <system-err><![CDATA[]]></system-err>
</testsuite>
