<?xml version="1.0" encoding="UTF-8"?>
<testsuite name="gov.nasa.jpf.test.vm.reflection.ReflectionTest" tests="1" skipped="0" failures="0" errors="0" timestamp="2018-10-23T18:36:12" hostname="boombox" time="0.268">
  <properties/>
  <testcase name="testCallerClass" classname="gov.nasa.jpf.test.vm.reflection.ReflectionTest" time="0.268"/>
  <system-out><![CDATA[  running jpf with args:
JavaPathfinder core system v8.0 (rev 28c066f86c2cd268b8c9b9959161e3d07c6146c6) - (C) 2005-2014 United States Government. All rights reserved.


====================================================== system under test
gov.nasa.jpf.test.vm.reflection.ReflectionTest.runTestMethod()

====================================================== search started: 23/10/18 19:36
-- getCallerClass(0) = class sun.reflect.Reflection
-- getCallerClass(1) = class gov.nasa.jpf.test.vm.reflection.ReflectionTest$MyClass
-- getCallerClass(2) = class gov.nasa.jpf.test.vm.reflection.ReflectionTest$MyClass
-- getCallerClass(3) = class gov.nasa.jpf.test.vm.reflection.ReflectionTest

====================================================== results
no errors detected

====================================================== search finished: 23/10/18 19:36
]]></system-out>
  <system-err><![CDATA[]]></system-err>
</testsuite>
