<?xml version="1.0" encoding="UTF-8"?>
<testsuite name="gov.nasa.jpf.util.SplitOutputStreamTest" tests="11" skipped="0" failures="0" errors="0" timestamp="2018-10-23T18:37:00" hostname="boombox" time="0.003">
  <properties/>
  <testcase name="passNullArgsToConstructor" classname="gov.nasa.jpf.util.SplitOutputStreamTest" time="0.001"/>
  <testcase name="writeByte" classname="gov.nasa.jpf.util.SplitOutputStreamTest" time="0.0"/>
  <testcase name="passNullPointerToConstructor" classname="gov.nasa.jpf.util.SplitOutputStreamTest" time="0.001"/>
  <testcase name="writeArray" classname="gov.nasa.jpf.util.SplitOutputStreamTest" time="0.0"/>
  <testcase name="modifyAfterConstructor" classname="gov.nasa.jpf.util.SplitOutputStreamTest" time="0.0"/>
  <testcase name="writeLengthNegOne" classname="gov.nasa.jpf.util.SplitOutputStreamTest" time="0.0"/>
  <testcase name="writeLengthZero" classname="gov.nasa.jpf.util.SplitOutputStreamTest" time="0.0"/>
  <testcase name="writeBeyondEnd" classname="gov.nasa.jpf.util.SplitOutputStreamTest" time="0.0"/>
  <testcase name="passNoArgsToConstructor" classname="gov.nasa.jpf.util.SplitOutputStreamTest" time="0.0"/>
  <testcase name="writeNullBuffer" classname="gov.nasa.jpf.util.SplitOutputStreamTest" time="0.0"/>
  <testcase name="writeIndexNegOne" classname="gov.nasa.jpf.util.SplitOutputStreamTest" time="0.0"/>
  <system-out><![CDATA[]]></system-out>
  <system-err><![CDATA[]]></system-err>
</testsuite>
