<?xml version="1.0" encoding="UTF-8"?>
<testsuite name="gov.nasa.jpf.test.xerces.SAXParserTest" tests="1" skipped="0" failures="0" errors="0" timestamp="2018-10-23T18:36:26" hostname="boombox" time="0.815">
  <properties/>
  <testcase name="testSimpleParse" classname="gov.nasa.jpf.test.xerces.SAXParserTest" time="0.815"/>
  <system-out><![CDATA[  running jpf with args: +http.connection=http://*.dtd -- gov.nasa.jpf.CachedROHttpConnection +http.cache_dir=src/tests/gov/nasa/jpf/test/xerces +log.info=http
JavaPathfinder core system v8.0 (rev 28c066f86c2cd268b8c9b9959161e3d07c6146c6) - (C) 2005-2014 United States Government. All rights reserved.


====================================================== system under test
gov.nasa.jpf.test.xerces.SAXParserTest.runTestMethod()

====================================================== search started: 23/10/18 19:36
[INFO] mapping URL pattern http://*.dtd to gov.nasa.jpf.CachedROHttpConnection
[INFO] using gov.nasa.jpf.CachedROHttpConnection for URL http://www.puppycrawl.com/dtds/configuration_1_3.dtd
[INFO] reading contents of http://www.puppycrawl.com/dtds/configuration_1_3.dtd from file src/tests/gov/nasa/jpf/test/xerces/http%^^www.puppycrawl.com^dtds^configuration_1_3.dtd

====================================================== results
no errors detected

====================================================== search finished: 23/10/18 19:36
]]></system-out>
  <system-err><![CDATA[]]></system-err>
</testsuite>
