<?xml version="1.0" encoding="UTF-8"?>
<testsuite name="gov.nasa.jpf.test.mc.data.NativeStateHolderTest" tests="1" skipped="0" failures="0" errors="0" timestamp="2018-10-23T18:35:43" hostname="boombox" time="0.252">
  <properties/>
  <testcase name="testNativeStateHolder" classname="gov.nasa.jpf.test.mc.data.NativeStateHolderTest" time="0.252"/>
  <system-out><![CDATA[  running jpf with args: +listener=gov.nasa.jpf.test.mc.data.NativeStateHolderTest$NSHListener
transition: 1, nativeState modified: 1
native state holder registered
JavaPathfinder core system v8.0 (rev 28c066f86c2cd268b8c9b9959161e3d07c6146c6) - (C) 2005-2014 United States Government. All rights reserved.


====================================================== system under test
gov.nasa.jpf.test.mc.data.NativeStateHolderTest.runTestMethod()

====================================================== search started: 23/10/18 19:35
transition: 2, nativeState modified: 2
cg advanced, isNewState: true
transition: 3, nativeState modified: 3
cg advanced, isNewState: true
transition: 4, nativeState modified: 4
cg advanced, isNewState: true
transition: 5, nativeState modified: 5
cg advanced, isNewState: true
transition: 6, no nativeState change
cg advanced, isNewState: false
state backtracked
state backtracked
state backtracked
state backtracked
state backtracked

====================================================== results
no errors detected

====================================================== search finished: 23/10/18 19:35
]]></system-out>
  <system-err><![CDATA[]]></system-err>
</testsuite>
