<?xml version="1.0" encoding="UTF-8"?>
<testsuite name="gov.nasa.jpf.test.mc.threads.ExceptionalThreadChoiceTest" tests="1" skipped="0" failures="0" errors="0" timestamp="2018-10-23T18:35:32" hostname="boombox" time="0.269">
  <properties/>
  <testcase name="testExceptions" classname="gov.nasa.jpf.test.mc.threads.ExceptionalThreadChoiceTest" time="0.269"/>
  <system-out><![CDATA[  running jpf with args:
JavaPathfinder core system v8.0 (rev 28c066f86c2cd268b8c9b9959161e3d07c6146c6) - (C) 2005-2014 United States Government. All rights reserved.


====================================================== system under test
gov.nasa.jpf.test.mc.threads.ExceptionalThreadChoiceTest.runTestMethod()

====================================================== search started: 23/10/18 19:35
    in top half of native foo()
    in bottom half of native foo()
main no exception
    in bottom half of native foo()
main got SocketTimeoutException
    in bottom half of native foo()
main got IOException

====================================================== results
no errors detected

====================================================== search finished: 23/10/18 19:35
]]></system-out>
  <system-err><![CDATA[]]></system-err>
</testsuite>
