<?xml version="1.0" encoding="UTF-8"?>
<testsuite name="gov.nasa.jpf.test.mc.basic.FinalBreakTest" tests="6" skipped="0" failures="0" errors="0" timestamp="2018-10-23T18:35:23" hostname="boombox" time="0.603">
  <properties/>
  <testcase name="testConstructedFinalBreak" classname="gov.nasa.jpf.test.mc.basic.FinalBreakTest" time="0.291"/>
  <testcase name="testNoFinalBreak" classname="gov.nasa.jpf.test.mc.basic.FinalBreakTest" time="0.061"/>
  <testcase name="testStaticFinalBreak" classname="gov.nasa.jpf.test.mc.basic.FinalBreakTest" time="0.081"/>
  <testcase name="testNoStaticFinalBreak" classname="gov.nasa.jpf.test.mc.basic.FinalBreakTest" time="0.062"/>
  <testcase name="testNoConstructedFinalBreak" classname="gov.nasa.jpf.test.mc.basic.FinalBreakTest" time="0.048"/>
  <testcase name="testFinalBreak" classname="gov.nasa.jpf.test.mc.basic.FinalBreakTest" time="0.058"/>
  <system-out><![CDATA[  running jpf with args: +vm.shared.skip_finals=false +vm.shared.skip_constructed_finals=false
JavaPathfinder core system v8.0 (rev 28c066f86c2cd268b8c9b9959161e3d07c6146c6) - (C) 2005-2014 United States Government. All rights reserved.


====================================================== system under test
gov.nasa.jpf.test.mc.basic.FinalBreakTest.runTestMethod()

====================================================== search started: 23/10/18 19:35
T running
T enter InstanceFinal ctor
T exit InstanceFinal ctor
T terminating
T running
T enter InstanceFinal ctor
main now corrupting object
main now fixing object
T exit InstanceFinal ctor
T terminating
T exit InstanceFinal ctor
T terminating
T terminating
T terminating
T terminating
T exit InstanceFinal ctor
main now fixing object

====================================================== error 1
gov.nasa.jpf.vm.NoUncaughtExceptionsProperty
java.lang.AssertionError: constructed object corrupted
	at gov.nasa.jpf.util.test.TestJPF.fail(TestJPF.java:164)
	at gov.nasa.jpf.util.test.TestJPF.assertTrue(TestJPF.java:1174)
	at gov.nasa.jpf.test.mc.basic.FinalBreakTest$1.run(FinalBreakTest.java:57)


====================================================== snapshot #1
thread java.lang.Thread:{id:0,name:main,status:RUNNING,priority:5,isDaemon:false,lockCount:0,suspendCount:0}
  call stack:
	at java.lang.reflect.Field.setInt(Field.java)
	at gov.nasa.jpf.test.mc.basic.FinalBreakTest.testConstructedFinalBreak(FinalBreakTest.java:124)
	at java.lang.reflect.Method.invoke(Method.java)
	at gov.nasa.jpf.util.test.TestJPF.runTestMethod(TestJPF.java:648)

thread java.lang.Thread:{id:1,name:Thread-1,status:RUNNING,priority:5,isDaemon:false,lockCount:0,suspendCount:0}
  call stack:
	at gov.nasa.jpf.util.test.TestJPF.fail(TestJPF.java:164)
	at gov.nasa.jpf.util.test.TestJPF.assertTrue(TestJPF.java:1174)
	at gov.nasa.jpf.test.mc.basic.FinalBreakTest$1.run(FinalBreakTest.java:57)


====================================================== results
error #1: gov.nasa.jpf.vm.NoUncaughtExceptionsProperty "java.lang.AssertionError: constructed object corru..."

====================================================== search finished: 23/10/18 19:35
  running jpf with args: +vm.shared.skip_finals=true
JavaPathfinder core system v8.0 (rev 28c066f86c2cd268b8c9b9959161e3d07c6146c6) - (C) 2005-2014 United States Government. All rights reserved.


====================================================== system under test
gov.nasa.jpf.test.mc.basic.FinalBreakTest.runTestMethod()

====================================================== search started: 23/10/18 19:35
T running
T enter InstanceFinal ctor
T exit InstanceFinal ctor
T terminating
T running
T enter InstanceFinal ctor
T exit InstanceFinal ctor
T terminating
T exit InstanceFinal ctor
T terminating
T terminating
T exit InstanceFinal ctor
T terminating

====================================================== results
no errors detected

====================================================== search finished: 23/10/18 19:35
  running jpf with args: +vm.shared.skip_static_finals=false
JavaPathfinder core system v8.0 (rev 28c066f86c2cd268b8c9b9959161e3d07c6146c6) - (C) 2005-2014 United States Government. All rights reserved.


====================================================== system under test
gov.nasa.jpf.test.mc.basic.FinalBreakTest.runTestMethod()

====================================================== search started: 23/10/18 19:35
main now corrupting static fields
main now fixing static fields
T running
T terminating
T running
main now fixing static fields
T terminating
main now fixing static fields
T terminating
main now fixing static fields
T terminating

====================================================== error 1
gov.nasa.jpf.vm.NoUncaughtExceptionsProperty
java.lang.AssertionError: static finals corrupted
	at gov.nasa.jpf.util.test.TestJPF.fail(TestJPF.java:164)
	at gov.nasa.jpf.util.test.TestJPF.assertTrue(TestJPF.java:1174)
	at gov.nasa.jpf.test.mc.basic.FinalBreakTest$2.run(FinalBreakTest.java:150)


====================================================== snapshot #1
thread java.lang.Thread:{id:1,name:Thread-1,status:UNBLOCKED,priority:5,isDaemon:false,lockCount:0,suspendCount:0}
  call stack:
	at gov.nasa.jpf.util.test.TestJPF.fail(TestJPF.java:164)
	at gov.nasa.jpf.util.test.TestJPF.assertTrue(TestJPF.java:1174)
	at gov.nasa.jpf.test.mc.basic.FinalBreakTest$2.run(FinalBreakTest.java:150)


====================================================== results
error #1: gov.nasa.jpf.vm.NoUncaughtExceptionsProperty "java.lang.AssertionError: static finals corrupted ..."

====================================================== search finished: 23/10/18 19:35
  running jpf with args: +vm.shared.skip_static_finals=true
JavaPathfinder core system v8.0 (rev 28c066f86c2cd268b8c9b9959161e3d07c6146c6) - (C) 2005-2014 United States Government. All rights reserved.


====================================================== system under test
gov.nasa.jpf.test.mc.basic.FinalBreakTest.runTestMethod()

====================================================== search started: 23/10/18 19:35
main now corrupting static fields
main now fixing static fields
T running
T terminating
T running
main now fixing static fields
T terminating
main now fixing static fields
T terminating
T terminating
main now fixing static fields
main now fixing static fields
T terminating
T terminating
main now fixing static fields
T running
main now corrupting static fields
main now corrupting static fields
T terminating
main now corrupting static fields
main now fixing static fields

====================================================== results
no errors detected

====================================================== search finished: 23/10/18 19:35
  running jpf with args: +vm.shared.skip_constructed_finals=true
JavaPathfinder core system v8.0 (rev 28c066f86c2cd268b8c9b9959161e3d07c6146c6) - (C) 2005-2014 United States Government. All rights reserved.


====================================================== system under test
gov.nasa.jpf.test.mc.basic.FinalBreakTest.runTestMethod()

====================================================== search started: 23/10/18 19:35
T running
T enter InstanceFinal ctor
T exit InstanceFinal ctor
T terminating
T running
T enter InstanceFinal ctor
main now corrupting object
main now fixing object
T exit InstanceFinal ctor
T terminating
T exit InstanceFinal ctor
main now corrupting object
main now fixing object
T terminating
T terminating
main now corrupting object
main now fixing object
T exit InstanceFinal ctor
T terminating
main now corrupting object
main now fixing object

====================================================== results
no errors detected

====================================================== search finished: 23/10/18 19:35
  running jpf with args: +vm.shared.skip_finals=false
JavaPathfinder core system v8.0 (rev 28c066f86c2cd268b8c9b9959161e3d07c6146c6) - (C) 2005-2014 United States Government. All rights reserved.


====================================================== system under test
gov.nasa.jpf.test.mc.basic.FinalBreakTest.runTestMethod()

====================================================== search started: 23/10/18 19:35
T running
T enter InstanceFinal ctor
T exit InstanceFinal ctor
T terminating
T running
T enter InstanceFinal ctor
T exit InstanceFinal ctor
T terminating
T exit InstanceFinal ctor

====================================================== error 1
gov.nasa.jpf.vm.NoUncaughtExceptionsProperty
java.lang.AssertionError: break between field inits
	at gov.nasa.jpf.util.test.TestJPF.fail(TestJPF.java:164)
	at gov.nasa.jpf.util.test.TestJPF.assertTrue(TestJPF.java:1174)
	at gov.nasa.jpf.test.mc.basic.FinalBreakTest.testFinalBreak(FinalBreakTest.java:81)
	at java.lang.reflect.Method.invoke(gov.nasa.jpf.vm.JPF_java_lang_reflect_Method)
	at gov.nasa.jpf.util.test.TestJPF.runTestMethod(TestJPF.java:648)


====================================================== snapshot #1
thread java.lang.Thread:{id:0,name:main,status:RUNNING,priority:5,isDaemon:false,lockCount:0,suspendCount:0}
  call stack:
	at gov.nasa.jpf.util.test.TestJPF.runTestMethod(TestJPF.java:650)

thread java.lang.Thread:{id:1,name:Thread-1,status:RUNNING,priority:5,isDaemon:false,lockCount:0,suspendCount:0}
  call stack:
	at java.lang.Thread.yield(Thread.java)
	at gov.nasa.jpf.test.mc.basic.FinalBreakTest$1.run(FinalBreakTest.java:56)


====================================================== results
error #1: gov.nasa.jpf.vm.NoUncaughtExceptionsProperty "java.lang.AssertionError: break between field init..."

====================================================== search finished: 23/10/18 19:35
]]></system-out>
  <system-err><![CDATA[]]></system-err>
</testsuite>
