<?xml version="1.0" encoding="UTF-8"?>
<testsuite name="gov.nasa.jpf.test.mc.data.RandomTest" tests="3" skipped="0" failures="0" errors="0" timestamp="2018-10-23T18:35:51" hostname="boombox" time="0.377">
  <properties/>
  <testcase name="testRandomBFS" classname="gov.nasa.jpf.test.mc.data.RandomTest" time="0.27"/>
  <testcase name="testJavaUtilRandom" classname="gov.nasa.jpf.test.mc.data.RandomTest" time="0.062"/>
  <testcase name="testRandom" classname="gov.nasa.jpf.test.mc.data.RandomTest" time="0.045"/>
  <system-out><![CDATA[  running jpf with args: +search.class=gov.nasa.jpf.search.heuristic.BFSHeuristic
JavaPathfinder core system v8.0 (rev 28c066f86c2cd268b8c9b9959161e3d07c6146c6) - (C) 2005-2014 United States Government. All rights reserved.


====================================================== system under test
gov.nasa.jpf.test.mc.data.RandomTest.runTestMethod()

====================================================== search started: 23/10/18 19:35
0
1
2
3

====================================================== results
no errors detected

====================================================== search finished: 23/10/18 19:35
  running jpf with args: +cg.enumerate_random=true
JavaPathfinder core system v8.0 (rev 28c066f86c2cd268b8c9b9959161e3d07c6146c6) - (C) 2005-2014 United States Government. All rights reserved.


====================================================== system under test
gov.nasa.jpf.test.mc.data.RandomTest.runTestMethod()

====================================================== search started: 23/10/18 19:35
a=0
a=0,b=0
a=0,b=0,c=0
a=0,b=1
a=0,b=1,c=0
a=0,b=2

====================================================== error 1
gov.nasa.jpf.vm.NoUncaughtExceptionsProperty
java.lang.ArithmeticException: division by zero
	at gov.nasa.jpf.test.mc.data.RandomTest.testJavaUtilRandom(RandomTest.java:86)
	at java.lang.reflect.Method.invoke(gov.nasa.jpf.vm.JPF_java_lang_reflect_Method)
	at gov.nasa.jpf.util.test.TestJPF.runTestMethod(TestJPF.java:648)


====================================================== snapshot #1
thread java.lang.Thread:{id:0,name:main,status:RUNNING,priority:5,isDaemon:false,lockCount:0,suspendCount:0}
  call stack:
	at gov.nasa.jpf.util.test.TestJPF.runTestMethod(TestJPF.java:650)


====================================================== results
error #1: gov.nasa.jpf.vm.NoUncaughtExceptionsProperty "java.lang.ArithmeticException: division by zero  a..."

====================================================== search finished: 23/10/18 19:35
  running jpf with args:
JavaPathfinder core system v8.0 (rev 28c066f86c2cd268b8c9b9959161e3d07c6146c6) - (C) 2005-2014 United States Government. All rights reserved.


====================================================== system under test
gov.nasa.jpf.test.mc.data.RandomTest.runTestMethod()

====================================================== search started: 23/10/18 19:35
0
1
2
3

====================================================== results
no errors detected

====================================================== search finished: 23/10/18 19:35
]]></system-out>
  <system-err><![CDATA[]]></system-err>
</testsuite>
