<?xml version="1.0" encoding="UTF-8"?>
<testsuite name="gov.nasa.jpf.test.java.lang.ref.WeakReferenceTest" tests="3" skipped="0" failures="0" errors="0" timestamp="2018-10-23T18:36:44" hostname="boombox" time="0.37">
  <properties/>
  <testcase name="testGCClearsRef" classname="gov.nasa.jpf.test.java.lang.ref.WeakReferenceTest" time="0.259"/>
  <testcase name="testStrongReferenceKeepsWeakReference" classname="gov.nasa.jpf.test.java.lang.ref.WeakReferenceTest" time="0.06"/>
  <testcase name="testClearClassInfoRefClassInfo" classname="gov.nasa.jpf.test.java.lang.ref.WeakReferenceTest" time="0.051"/>
  <system-out><![CDATA[  running jpf with args:
JavaPathfinder core system v8.0 (rev 28c066f86c2cd268b8c9b9959161e3d07c6146c6) - (C) 2005-2014 United States Government. All rights reserved.


====================================================== system under test
gov.nasa.jpf.test.java.lang.ref.WeakReferenceTest.runTestMethod()

====================================================== search started: 23/10/18 19:36

====================================================== results
no errors detected

====================================================== search finished: 23/10/18 19:36
  running jpf with args:
JavaPathfinder core system v8.0 (rev 28c066f86c2cd268b8c9b9959161e3d07c6146c6) - (C) 2005-2014 United States Government. All rights reserved.


====================================================== system under test
gov.nasa.jpf.test.java.lang.ref.WeakReferenceTest.runTestMethod()

====================================================== search started: 23/10/18 19:36

====================================================== results
no errors detected

====================================================== search finished: 23/10/18 19:36
  running jpf with args:
JavaPathfinder core system v8.0 (rev 28c066f86c2cd268b8c9b9959161e3d07c6146c6) - (C) 2005-2014 United States Government. All rights reserved.


====================================================== system under test
gov.nasa.jpf.test.java.lang.ref.WeakReferenceTest.runTestMethod()

====================================================== search started: 23/10/18 19:36

====================================================== results
no errors detected

====================================================== search finished: 23/10/18 19:36
]]></system-out>
  <system-err><![CDATA[]]></system-err>
</testsuite>
