<?xml version="1.0" encoding="UTF-8"?>
<testsuite name="gov.nasa.jpf.test.basic.InstructionFactoryTest" tests="1" skipped="0" failures="0" errors="0" timestamp="2018-10-23T18:35:08" hostname="boombox" time="0.24">
  <properties/>
  <testcase name="testDadd" classname="gov.nasa.jpf.test.basic.InstructionFactoryTest" time="0.24"/>
  <system-out><![CDATA[  running jpf with args: +jvm.insn_factory.class=.test.basic.InstructionFactoryTest$MyInsnFactory
JavaPathfinder core system v8.0 (rev 28c066f86c2cd268b8c9b9959161e3d07c6146c6) - (C) 2005-2014 United States Government. All rights reserved.


====================================================== system under test
gov.nasa.jpf.test.basic.InstructionFactoryTest.runTestMethod()

====================================================== search started: 23/10/18 19:35
DADD 1.000000 + 41.000000 => 42.000000
 ..but we negate it just for kicks..
b=-42.0

====================================================== results
no errors detected

====================================================== search finished: 23/10/18 19:35
]]></system-out>
  <system-err><![CDATA[]]></system-err>
</testsuite>
