<?xml version="1.0" encoding="UTF-8"?>
<testsuite name="gov.nasa.jpf.util.SortedArrayObjectSetTest" tests="1" skipped="0" failures="0" errors="0" timestamp="2018-10-23T18:37:03" hostname="boombox" time="0.003">
  <properties/>
  <testcase name="testBasic" classname="gov.nasa.jpf.util.SortedArrayObjectSetTest" time="0.003"/>
  <system-out><![CDATA[{1}
{1,20}
{1,5,20}
{1,5,7,20}
{1,5,7,20}
{1,5a,5,7,20}
{1,5,7,20}
]]></system-out>
  <system-err><![CDATA[]]></system-err>
</testsuite>
