<?xml version="1.0" encoding="UTF-8"?>
<testsuite name="gov.nasa.jpf.test.mc.threads.FinalizerThreadTest" tests="3" skipped="0" failures="0" errors="0" timestamp="2018-10-23T18:35:32" hostname="boombox" time="0.376">
  <properties/>
  <testcase name="testExceptionFromFinalizer" classname="gov.nasa.jpf.test.mc.threads.FinalizerThreadTest" time="0.257"/>
  <testcase name="testIdleFinalizerThread" classname="gov.nasa.jpf.test.mc.threads.FinalizerThreadTest" time="0.056"/>
  <testcase name="testFinalizerThreadRunning" classname="gov.nasa.jpf.test.mc.threads.FinalizerThreadTest" time="0.062"/>
  <system-out><![CDATA[  running jpf with args: +vm.process_finalizers=true
JavaPathfinder core system v8.0 (rev 28c066f86c2cd268b8c9b9959161e3d07c6146c6) - (C) 2005-2014 United States Government. All rights reserved.


====================================================== system under test
gov.nasa.jpf.test.mc.threads.FinalizerThreadTest.runTestMethod()

====================================================== search started: 23/10/18 19:35
finalizer executing... 

====================================================== results
no errors detected

====================================================== search finished: 23/10/18 19:35
  running jpf with args: +vm.process_finalizers=true
JavaPathfinder core system v8.0 (rev 28c066f86c2cd268b8c9b9959161e3d07c6146c6) - (C) 2005-2014 United States Government. All rights reserved.


====================================================== system under test
gov.nasa.jpf.test.mc.threads.FinalizerThreadTest.runTestMethod()

====================================================== search started: 23/10/18 19:35

====================================================== results
no errors detected

====================================================== search finished: 23/10/18 19:35
  running jpf with args: +vm.process_finalizers=true +listener=gov.nasa.jpf.test.mc.threads.FinalizerThreadTest$FinalizerThreadListener
JavaPathfinder core system v8.0 (rev 28c066f86c2cd268b8c9b9959161e3d07c6146c6) - (C) 2005-2014 United States Government. All rights reserved.


====================================================== system under test
gov.nasa.jpf.test.mc.threads.FinalizerThreadTest.runTestMethod()

====================================================== search started: 23/10/18 19:35
finalizer executing... 

====================================================== results
no errors detected

====================================================== search finished: 23/10/18 19:35
]]></system-out>
  <system-err><![CDATA[]]></system-err>
</testsuite>
