<?xml version="1.0" encoding="UTF-8"?>
<testsuite name="gov.nasa.jpf.test.vm.reflection.FieldTest" tests="7" skipped="0" failures="0" errors="0" timestamp="2018-10-23T18:36:14" hostname="boombox" time="0.496">
  <properties/>
  <testcase name="testInstanceDouble" classname="gov.nasa.jpf.test.vm.reflection.FieldTest" time="0.243"/>
  <testcase name="testStaticInt" classname="gov.nasa.jpf.test.vm.reflection.FieldTest" time="0.053"/>
  <testcase name="testSetPrimitive" classname="gov.nasa.jpf.test.vm.reflection.FieldTest" time="0.042"/>
  <testcase name="testGetFields" classname="gov.nasa.jpf.test.vm.reflection.FieldTest" time="0.047"/>
  <testcase name="testInstanceInt" classname="gov.nasa.jpf.test.vm.reflection.FieldTest" time="0.036"/>
  <testcase name="testSetReference" classname="gov.nasa.jpf.test.vm.reflection.FieldTest" time="0.034"/>
  <testcase name="testSetArray" classname="gov.nasa.jpf.test.vm.reflection.FieldTest" time="0.04"/>
  <system-out><![CDATA[  running jpf with args:
JavaPathfinder core system v8.0 (rev 28c066f86c2cd268b8c9b9959161e3d07c6146c6) - (C) 2005-2014 United States Government. All rights reserved.


====================================================== system under test
gov.nasa.jpf.test.vm.reflection.FieldTest.runTestMethod()

====================================================== search started: 23/10/18 19:36

====================================================== results
no errors detected

====================================================== search finished: 23/10/18 19:36
  running jpf with args:
JavaPathfinder core system v8.0 (rev 28c066f86c2cd268b8c9b9959161e3d07c6146c6) - (C) 2005-2014 United States Government. All rights reserved.


====================================================== system under test
gov.nasa.jpf.test.vm.reflection.FieldTest.runTestMethod()

====================================================== search started: 23/10/18 19:36
statInt = 43

====================================================== results
no errors detected

====================================================== search finished: 23/10/18 19:36
  running jpf with args:
JavaPathfinder core system v8.0 (rev 28c066f86c2cd268b8c9b9959161e3d07c6146c6) - (C) 2005-2014 United States Government. All rights reserved.


====================================================== system under test
gov.nasa.jpf.test.vm.reflection.FieldTest.runTestMethod()

====================================================== search started: 23/10/18 19:36

====================================================== results
no errors detected

====================================================== search finished: 23/10/18 19:36
  running jpf with args:
JavaPathfinder core system v8.0 (rev 28c066f86c2cd268b8c9b9959161e3d07c6146c6) - (C) 2005-2014 United States Government. All rights reserved.


====================================================== system under test
gov.nasa.jpf.test.vm.reflection.FieldTest.runTestMethod()

====================================================== search started: 23/10/18 19:36
pub_y_i
pub_y_s
pub_x_i
pub_x_s
I_S

====================================================== results
no errors detected

====================================================== search finished: 23/10/18 19:36
  running jpf with args:
JavaPathfinder core system v8.0 (rev 28c066f86c2cd268b8c9b9959161e3d07c6146c6) - (C) 2005-2014 United States Government. All rights reserved.


====================================================== system under test
gov.nasa.jpf.test.vm.reflection.FieldTest.runTestMethod()

====================================================== search started: 23/10/18 19:36

====================================================== results
no errors detected

====================================================== search finished: 23/10/18 19:36
  running jpf with args:
JavaPathfinder core system v8.0 (rev 28c066f86c2cd268b8c9b9959161e3d07c6146c6) - (C) 2005-2014 United States Government. All rights reserved.


====================================================== system under test
gov.nasa.jpf.test.vm.reflection.FieldTest.runTestMethod()

====================================================== search started: 23/10/18 19:36

====================================================== results
no errors detected

====================================================== search finished: 23/10/18 19:36
  running jpf with args:
JavaPathfinder core system v8.0 (rev 28c066f86c2cd268b8c9b9959161e3d07c6146c6) - (C) 2005-2014 United States Government. All rights reserved.


====================================================== system under test
gov.nasa.jpf.test.vm.reflection.FieldTest.runTestMethod()

====================================================== search started: 23/10/18 19:36

====================================================== results
no errors detected

====================================================== search finished: 23/10/18 19:36
]]></system-out>
  <system-err><![CDATA[]]></system-err>
</testsuite>
