<?xml version="1.0" encoding="UTF-8"?>
<testsuite name="gov.nasa.jpf.vm.multiProcess.MethodTest" tests="2" skipped="0" failures="0" errors="0" timestamp="2018-10-23T18:35:03" hostname="boombox" time="0.372">
  <properties/>
  <testcase name="methodCloneTest" classname="gov.nasa.jpf.vm.multiProcess.MethodTest" time="0.297"/>
  <testcase name="methodDeclaringClassTest" classname="gov.nasa.jpf.vm.multiProcess.MethodTest" time="0.075"/>
  <system-out><![CDATA[  running jpf with args:
JavaPathfinder core system v8.0 (rev 28c066f86c2cd268b8c9b9959161e3d07c6146c6) - (C) 2005-2014 United States Government. All rights reserved.


====================================================== system under test
gov.nasa.jpf.vm.multiProcess.MethodTest.runTestMethod()+gov.nasa.jpf.vm.multiProcess.MethodTest.runTestMethod()

====================================================== search started: 23/10/18 19:35

====================================================== results
no errors detected

====================================================== search finished: 23/10/18 19:35
  running jpf with args:
JavaPathfinder core system v8.0 (rev 28c066f86c2cd268b8c9b9959161e3d07c6146c6) - (C) 2005-2014 United States Government. All rights reserved.


====================================================== system under test
gov.nasa.jpf.vm.multiProcess.MethodTest.runTestMethod()+gov.nasa.jpf.vm.multiProcess.MethodTest.runTestMethod()

====================================================== search started: 23/10/18 19:35

====================================================== results
no errors detected

====================================================== search finished: 23/10/18 19:35
]]></system-out>
  <system-err><![CDATA[]]></system-err>
</testsuite>
