<?xml version="1.0" encoding="UTF-8"?>
<testsuite name="gov.nasa.jpf.test.vm.threads.InterruptTest" tests="5" skipped="0" failures="0" errors="0" timestamp="2018-10-23T18:36:21" hostname="boombox" time="0.485">
  <properties/>
  <testcase name="testWaitSyncInterrupt" classname="gov.nasa.jpf.test.vm.threads.InterruptTest" time="0.258"/>
  <testcase name="testBlockedWaitAsyncInterrupt" classname="gov.nasa.jpf.test.vm.threads.InterruptTest" time="0.071"/>
  <testcase name="testPark" classname="gov.nasa.jpf.test.vm.threads.InterruptTest" time="0.073"/>
  <testcase name="testInterruptStatus" classname="gov.nasa.jpf.test.vm.threads.InterruptTest" time="0.04"/>
  <testcase name="testWaitAsyncInterrupt" classname="gov.nasa.jpf.test.vm.threads.InterruptTest" time="0.043"/>
  <system-out><![CDATA[  running jpf with args:
JavaPathfinder core system v8.0 (rev 28c066f86c2cd268b8c9b9959161e3d07c6146c6) - (C) 2005-2014 United States Government. All rights reserved.


====================================================== system under test
gov.nasa.jpf.test.vm.threads.InterruptTest.runTestMethod()

====================================================== search started: 23/10/18 19:36
main terminated
T waiting
main terminated
T waiting
T waiting
main terminated
java.lang.InterruptedException
	at java.lang.Object.wait(gov.nasa.jpf.vm.JPF_java_lang_Object)
	at gov.nasa.jpf.test.vm.threads.InterruptTest$1.run(InterruptTest.java:65)
T interrupted, terminating
main terminated

====================================================== results
no errors detected

====================================================== search finished: 23/10/18 19:36
  running jpf with args:
JavaPathfinder core system v8.0 (rev 28c066f86c2cd268b8c9b9959161e3d07c6146c6) - (C) 2005-2014 United States Government. All rights reserved.


====================================================== system under test
gov.nasa.jpf.test.vm.threads.InterruptTest.runTestMethod()

====================================================== search started: 23/10/18 19:36
T waiting
main interrupting t1
main terminated, t1 runnable again
java.lang.InterruptedException
	at java.lang.Object.wait(gov.nasa.jpf.vm.JPF_java_lang_Object)
	at gov.nasa.jpf.test.vm.threads.InterruptTest$3.run(InterruptTest.java:148)
T interrupted, terminating
java.lang.InterruptedException
	at java.lang.Object.wait(gov.nasa.jpf.vm.JPF_java_lang_Object)
	at gov.nasa.jpf.test.vm.threads.InterruptTest$3.run(InterruptTest.java:148)
T interrupted, terminating
main interrupting t1
main terminated, t1 runnable again
T waiting
main interrupting t1
main terminated, t1 runnable again

====================================================== results
no errors detected

====================================================== search finished: 23/10/18 19:36
  running jpf with args:
JavaPathfinder core system v8.0 (rev 28c066f86c2cd268b8c9b9959161e3d07c6146c6) - (C) 2005-2014 United States Government. All rights reserved.


====================================================== system under test
gov.nasa.jpf.test.vm.threads.InterruptTest.runTestMethod()

====================================================== search started: 23/10/18 19:36
main interrupting
main joining t1..
T parking..
T terminated
main joined t1
main terminated
T parking..
main interrupting
main joining t1..
T terminated
main interrupting
main joining t1..
T terminated

====================================================== results
no errors detected

====================================================== search finished: 23/10/18 19:36
  running jpf with args:
JavaPathfinder core system v8.0 (rev 28c066f86c2cd268b8c9b9959161e3d07c6146c6) - (C) 2005-2014 United States Government. All rights reserved.


====================================================== system under test
gov.nasa.jpf.test.vm.threads.InterruptTest.runTestMethod()

====================================================== search started: 23/10/18 19:36
setting interrupt status
query and clear interrupt status

====================================================== results
no errors detected

====================================================== search finished: 23/10/18 19:36
  running jpf with args:
JavaPathfinder core system v8.0 (rev 28c066f86c2cd268b8c9b9959161e3d07c6146c6) - (C) 2005-2014 United States Government. All rights reserved.


====================================================== system under test
gov.nasa.jpf.test.vm.threads.InterruptTest.runTestMethod()

====================================================== search started: 23/10/18 19:36
main interrupting t1
main terminated
T waiting
main interrupting t1
main terminated
T waiting
T waiting
main interrupting t1
main terminated
java.lang.InterruptedException
	at java.lang.Object.wait(gov.nasa.jpf.vm.JPF_java_lang_Object)
	at gov.nasa.jpf.test.vm.threads.InterruptTest$2.run(InterruptTest.java:101)
T interrupted, terminating

====================================================== results
no errors detected

====================================================== search finished: 23/10/18 19:36
]]></system-out>
  <system-err><![CDATA[]]></system-err>
</testsuite>
