<?xml version="1.0" encoding="UTF-8"?>
<testsuite name="gov.nasa.jpf.test.mc.threads.MissedPathTest" tests="3" skipped="0" failures="0" errors="0" timestamp="2018-10-23T18:35:38" hostname="boombox" time="0.436">
  <properties/>
  <testcase name="testStaticFieldPropagation" classname="gov.nasa.jpf.test.mc.threads.MissedPathTest" time="0.294"/>
  <testcase name="testCompetingExposures" classname="gov.nasa.jpf.test.mc.threads.MissedPathTest" time="0.084"/>
  <testcase name="testInstanceFieldPropagation" classname="gov.nasa.jpf.test.mc.threads.MissedPathTest" time="0.058"/>
  <system-out><![CDATA[  running jpf with args: +vm.shared.break_on_exposure=true
JavaPathfinder core system v8.0 (rev 28c066f86c2cd268b8c9b9959161e3d07c6146c6) - (C) 2005-2014 United States Government. All rights reserved.


====================================================== system under test
gov.nasa.jpf.test.mc.threads.MissedPathTest.runTestMethod()

====================================================== search started: 23/10/18 19:35

====================================================== error 1
gov.nasa.jpf.vm.NoUncaughtExceptionsProperty
java.lang.AssertionError: gotcha
	at gov.nasa.jpf.test.mc.threads.MissedPathTest$StaticFieldPropagation.run(MissedPathTest.java:77)


====================================================== snapshot #1
thread java.lang.Thread:{id:0,name:main,status:RUNNING,priority:5,isDaemon:false,lockCount:0,suspendCount:0}
  call stack:
	at gov.nasa.jpf.test.mc.threads.MissedPathTest.testStaticFieldPropagation(MissedPathTest.java:96)
	at java.lang.reflect.Method.invoke(Method.java)
	at gov.nasa.jpf.util.test.TestJPF.runTestMethod(TestJPF.java:648)

thread gov.nasa.jpf.test.mc.threads.MissedPathTest$StaticFieldPropagation:{id:1,name:Thread-1,status:RUNNING,priority:5,isDaemon:false,lockCount:0,suspendCount:0}
  call stack:
	at gov.nasa.jpf.test.mc.threads.MissedPathTest$StaticFieldPropagation.run(MissedPathTest.java:77)


====================================================== results
error #1: gov.nasa.jpf.vm.NoUncaughtExceptionsProperty "java.lang.AssertionError: gotcha  at gov.nasa.jpf...."

====================================================== search finished: 23/10/18 19:35
  running jpf with args: +vm.storage.class=nil
JavaPathfinder core system v8.0 (rev 28c066f86c2cd268b8c9b9959161e3d07c6146c6) - (C) 2005-2014 United States Government. All rights reserved.


====================================================== system under test
gov.nasa.jpf.test.mc.threads.MissedPathTest.runTestMethod()

====================================================== search started: 23/10/18 19:35
M: new gov.nasa.jpf.test.mc.threads.MissedPathTest$X@43611
M: x.pass=true
T: accessed global myX
M: x.pass=true
T: accessed global myX
M: x.pass=true
T: accessed global myX
M: x.pass=true
T: accessed global myX
T: accessed global myX
M: x.pass=true
M: new gov.nasa.jpf.test.mc.threads.MissedPathTest$X@43611
M: x.pass=true
T: accessed global myX
M: x.pass=true
T: accessed global myX
M: x.pass=true
T: accessed global myX
T: accessed global myX
M: x.pass=true
M: x.pass=true
T: accessed global myX
M: x.pass=true
T: accessed global myX
T: accessed global myX
M: x.pass=true
M: x.pass=true
T: accessed global myX
T: accessed global myX
M: x.pass=true
T: accessed global myX
M: x.pass=true
M: new gov.nasa.jpf.test.mc.threads.MissedPathTest$X@43611
M: x.pass=true
T: accessed global myX
M: x.pass=true
T: accessed global myX
T: accessed global myX
M: x.pass=true
M: x.pass=true
T: accessed global myX
T: accessed global myX
M: x.pass=true
T: accessed global myX
M: x.pass=true
M: new gov.nasa.jpf.test.mc.threads.MissedPathTest$X@43611
M: x.pass=true
T: accessed global myX
T: accessed global myX
M: x.pass=true
T: accessed global myX
M: x.pass=true
T: accessed global myX
M: new gov.nasa.jpf.test.mc.threads.MissedPathTest$X@43611
M: x.pass=true

====================================================== results
no errors detected

====================================================== search finished: 23/10/18 19:35
  running jpf with args: +vm.shared.break_on_exposure=true
JavaPathfinder core system v8.0 (rev 28c066f86c2cd268b8c9b9959161e3d07c6146c6) - (C) 2005-2014 United States Government. All rights reserved.


====================================================== system under test
gov.nasa.jpf.test.mc.threads.MissedPathTest.runTestMethod()

====================================================== search started: 23/10/18 19:35
M: new gov.nasa.jpf.test.mc.threads.MissedPathTest$X@43605
M: x.pass=true
T: accessed global myX
M: x.pass=true
T: accessed global myX
T: accessed global myX
M: x.pass=true
M: x.pass=true

====================================================== error 1
gov.nasa.jpf.vm.NoUncaughtExceptionsProperty
java.lang.AssertionError: gotcha
	at gov.nasa.jpf.test.mc.threads.MissedPathTest$InstanceFieldPropagation.run(MissedPathTest.java:42)


====================================================== snapshot #1
thread java.lang.Thread:{id:0,name:main,status:RUNNING,priority:5,isDaemon:false,lockCount:0,suspendCount:0}
  call stack:
	at gov.nasa.jpf.test.mc.threads.MissedPathTest.testInstanceFieldPropagation(MissedPathTest.java:60)
	at java.lang.reflect.Method.invoke(Method.java)
	at gov.nasa.jpf.util.test.TestJPF.runTestMethod(TestJPF.java:648)

thread gov.nasa.jpf.test.mc.threads.MissedPathTest$InstanceFieldPropagation:{id:1,name:Thread-1,status:RUNNING,priority:5,isDaemon:false,lockCount:0,suspendCount:0}
  call stack:
	at gov.nasa.jpf.test.mc.threads.MissedPathTest$InstanceFieldPropagation.run(MissedPathTest.java:42)


====================================================== results
error #1: gov.nasa.jpf.vm.NoUncaughtExceptionsProperty "java.lang.AssertionError: gotcha  at gov.nasa.jpf...."

====================================================== search finished: 23/10/18 19:35
]]></system-out>
  <system-err><![CDATA[]]></system-err>
</testsuite>
