<?xml version="1.0" encoding="UTF-8"?>
<testsuite name="gov.nasa.jpf.test.java.io.FileIOTest" tests="1" skipped="0" failures="0" errors="0" timestamp="2018-10-23T18:36:33" hostname="boombox" time="0.286">
  <properties/>
  <testcase name="testRoundtrip" classname="gov.nasa.jpf.test.java.io.FileIOTest" time="0.286"/>
  <system-out><![CDATA[  running jpf with args:
JavaPathfinder core system v8.0 (rev 28c066f86c2cd268b8c9b9959161e3d07c6146c6) - (C) 2005-2014 United States Government. All rights reserved.


====================================================== system under test
gov.nasa.jpf.test.java.io.FileIOTest.runTestMethod()

====================================================== search started: 23/10/18 19:36
##---- writing: _test_
## write got here: 0
[WARNING] cannot close 3 : no such stream
##---- checking file system attributes
##---- reading: _test_
## read got here: 0
[WARNING] cannot close 4 : no such stream
##---- comparing
##---- done

====================================================== results
no errors detected

====================================================== search finished: 23/10/18 19:36
]]></system-out>
  <system-err><![CDATA[]]></system-err>
</testsuite>
