<?xml version="1.0" encoding="UTF-8"?>
<testsuite name="gov.nasa.jpf.test.mc.basic.NoJPFExecTest" tests="2" skipped="0" failures="0" errors="0" timestamp="2018-10-23T18:35:14" hostname="boombox" time="0.309">
  <properties/>
  <testcase name="testNoJPFExec" classname="gov.nasa.jpf.test.mc.basic.NoJPFExecTest" time="0.253"/>
  <testcase name="testInterceptedNoJPFExec" classname="gov.nasa.jpf.test.mc.basic.NoJPFExecTest" time="0.055"/>
  <system-out><![CDATA[  running jpf with args:
JavaPathfinder core system v8.0 (rev 28c066f86c2cd268b8c9b9959161e3d07c6146c6) - (C) 2005-2014 United States Government. All rights reserved.


====================================================== system under test
gov.nasa.jpf.test.mc.basic.NoJPFExecTest.runTestMethod()

====================================================== search started: 23/10/18 19:35
  running jpf with args:
JavaPathfinder core system v8.0 (rev 28c066f86c2cd268b8c9b9959161e3d07c6146c6) - (C) 2005-2014 United States Government. All rights reserved.


====================================================== system under test
gov.nasa.jpf.test.mc.basic.NoJPFExecTest.runTestMethod()

====================================================== search started: 23/10/18 19:35
this is the bar____V() method intercepted by the native peer

====================================================== results
no errors detected

====================================================== search finished: 23/10/18 19:35
]]></system-out>
  <system-err><![CDATA[]]></system-err>
</testsuite>
