<?xml version="1.0" encoding="UTF-8"?>
<testsuite name="gov.nasa.jpf.test.vm.reflection.ProxyTest" tests="2" skipped="0" failures="0" errors="0" timestamp="2018-10-23T18:36:10" hostname="boombox" time="0.594">
  <properties/>
  <testcase name="testBasicProxy" classname="gov.nasa.jpf.test.vm.reflection.ProxyTest" time="0.44"/>
  <testcase name="testAnnoProxy" classname="gov.nasa.jpf.test.vm.reflection.ProxyTest" time="0.154"/>
  <system-out><![CDATA[  running jpf with args:
JavaPathfinder core system v8.0 (rev 28c066f86c2cd268b8c9b9959161e3d07c6146c6) - (C) 2005-2014 United States Government. All rights reserved.


====================================================== system under test
gov.nasa.jpf.test.vm.reflection.ProxyTest.runTestMethod()

====================================================== search started: 23/10/18 19:36
proxy invoke of public abstract int gov.nasa.jpf.test.vm.reflection.ProxyTest$Ifc.foo(int)
 with 1
43

====================================================== results
no errors detected

====================================================== search finished: 23/10/18 19:36
  running jpf with args:
JavaPathfinder core system v8.0 (rev 28c066f86c2cd268b8c9b9959161e3d07c6146c6) - (C) 2005-2014 United States Government. All rights reserved.


====================================================== system under test
gov.nasa.jpf.test.vm.reflection.ProxyTest.runTestMethod()

====================================================== search started: 23/10/18 19:36
proxy invoke of public abstract int gov.nasa.jpf.test.vm.reflection.ProxyTest$AnnoIfc.baz()
42

====================================================== results
no errors detected

====================================================== search finished: 23/10/18 19:36
]]></system-out>
  <system-err><![CDATA[]]></system-err>
</testsuite>
