<?xml version="1.0" encoding="UTF-8"?>
<testsuite name="gov.nasa.jpf.vm.ClassLoaderInfoTest" tests="1" skipped="0" failures="0" errors="0" timestamp="2018-10-23T18:34:57" hostname="boombox" time="0.251">
  <properties/>
  <testcase name="testSystemClassLoader" classname="gov.nasa.jpf.vm.ClassLoaderInfoTest" time="0.251"/>
  <system-out><![CDATA[]]></system-out>
  <system-err><![CDATA[]]></system-err>
</testsuite>
