<?xml version="1.0" encoding="UTF-8"?>
<testsuite name="gov.nasa.jpf.test.vm.basic.RecursiveClinitTest" tests="4" skipped="0" failures="0" errors="0" timestamp="2018-10-23T18:35:58" hostname="boombox" time="0.402">
  <properties/>
  <testcase name="testCtorReflection" classname="gov.nasa.jpf.test.vm.basic.RecursiveClinitTest" time="0.25"/>
  <testcase name="testStaticField" classname="gov.nasa.jpf.test.vm.basic.RecursiveClinitTest" time="0.061"/>
  <testcase name="testMethodReflection" classname="gov.nasa.jpf.test.vm.basic.RecursiveClinitTest" time="0.048"/>
  <testcase name="testNewInstance" classname="gov.nasa.jpf.test.vm.basic.RecursiveClinitTest" time="0.043"/>
  <system-out><![CDATA[  running jpf with args:
JavaPathfinder core system v8.0 (rev 28c066f86c2cd268b8c9b9959161e3d07c6146c6) - (C) 2005-2014 United States Government. All rights reserved.


====================================================== system under test
gov.nasa.jpf.test.vm.basic.RecursiveClinitTest.runTestMethod()

====================================================== search started: 23/10/18 19:35
Base clinit
Derived clinit
main now creating Derived(-42)
Derived(-42)
back in main

====================================================== results
no errors detected

====================================================== search finished: 23/10/18 19:35
  running jpf with args:
JavaPathfinder core system v8.0 (rev 28c066f86c2cd268b8c9b9959161e3d07c6146c6) - (C) 2005-2014 United States Government. All rights reserved.


====================================================== system under test
gov.nasa.jpf.test.vm.basic.RecursiveClinitTest.runTestMethod()

====================================================== search started: 23/10/18 19:35
main now referencing Derived.d
Base clinit
Derived clinit
back in main

====================================================== results
no errors detected

====================================================== search finished: 23/10/18 19:35
  running jpf with args:
JavaPathfinder core system v8.0 (rev 28c066f86c2cd268b8c9b9959161e3d07c6146c6) - (C) 2005-2014 United States Government. All rights reserved.


====================================================== system under test
gov.nasa.jpf.test.vm.basic.RecursiveClinitTest.runTestMethod()

====================================================== search started: 23/10/18 19:35
Base clinit
Derived clinit
main now calling Derived.foo()
Derived.foo()
back in main

====================================================== results
no errors detected

====================================================== search finished: 23/10/18 19:35
  running jpf with args:
JavaPathfinder core system v8.0 (rev 28c066f86c2cd268b8c9b9959161e3d07c6146c6) - (C) 2005-2014 United States Government. All rights reserved.


====================================================== system under test
gov.nasa.jpf.test.vm.basic.RecursiveClinitTest.runTestMethod()

====================================================== search started: 23/10/18 19:35
main now calling Derived.class.newInstance()
Base clinit
Derived clinit
back in main

====================================================== results
no errors detected

====================================================== search finished: 23/10/18 19:35
]]></system-out>
  <system-err><![CDATA[]]></system-err>
</testsuite>
