<?xml version="1.0" encoding="UTF-8"?>
<testsuite name="gov.nasa.jpf.test.mc.basic.TransitionLengthTest" tests="1" skipped="0" failures="0" errors="0" timestamp="2018-10-23T18:35:12" hostname="boombox" time="0.256">
  <properties/>
  <testcase name="testTermination" classname="gov.nasa.jpf.test.mc.basic.TransitionLengthTest" time="0.256"/>
  <system-out><![CDATA[  running jpf with args: +vm.max_transition_length=500 +listener=gov.nasa.jpf.test.mc.basic.TransitionLengthTest$Listener
JavaPathfinder core system v8.0 (rev 28c066f86c2cd268b8c9b9959161e3d07c6146c6) - (C) 2005-2014 United States Government. All rights reserved.


====================================================== system under test
gov.nasa.jpf.test.mc.basic.TransitionLengthTest.runTestMethod()

====================================================== search started: 23/10/18 19:35

registered: gov.nasa.jpf.vm.choice.BreakGenerator {id:"MAX_TRANSITION_LENGTH" ,0/1,isCascaded:false}

registered: gov.nasa.jpf.vm.choice.BreakGenerator {id:"MAX_TRANSITION_LENGTH" ,0/1,isCascaded:false}

registered: gov.nasa.jpf.vm.choice.BreakGenerator {id:"MAX_TRANSITION_LENGTH" ,0/1,isCascaded:false}
starting loop
.
registered: gov.nasa.jpf.vm.choice.BreakGenerator {id:"MAX_TRANSITION_LENGTH" ,0/1,isCascaded:false}
....................................................................................
registered: gov.nasa.jpf.vm.choice.BreakGenerator {id:"MAX_TRANSITION_LENGTH" ,0/1,isCascaded:false}

====================================================== results
no errors detected

====================================================== search finished: 23/10/18 19:35
]]></system-out>
  <system-err><![CDATA[]]></system-err>
</testsuite>
