<?xml version="1.0" encoding="UTF-8"?>
<testsuite name="gov.nasa.jpf.test.mc.data.TypedObjectChoiceTest" tests="4" skipped="0" failures="0" errors="0" timestamp="2018-10-23T18:35:50" hostname="boombox" time="0.445">
  <properties/>
  <testcase name="testNoCG" classname="gov.nasa.jpf.test.mc.data.TypedObjectChoiceTest" time="0.279"/>
  <testcase name="testMultipleObjects" classname="gov.nasa.jpf.test.mc.data.TypedObjectChoiceTest" time="0.067"/>
  <testcase name="testNoObject" classname="gov.nasa.jpf.test.mc.data.TypedObjectChoiceTest" time="0.051"/>
  <testcase name="testObject" classname="gov.nasa.jpf.test.mc.data.TypedObjectChoiceTest" time="0.048"/>
  <system-out><![CDATA[  running jpf with args: +mycg.class=gov.nasa.jpf.vm.choice.TypedObjectChoice +mycg.include_null=false +mycg.type=gov.nasa.jpf.test.mc.data.TypedObjectChoiceTest$A
JavaPathfinder core system v8.0 (rev 28c066f86c2cd268b8c9b9959161e3d07c6146c6) - (C) 2005-2014 United States Government. All rights reserved.


====================================================== system under test
gov.nasa.jpf.test.mc.data.TypedObjectChoiceTest.runTestMethod()

====================================================== search started: 23/10/18 19:35
got object: null

====================================================== results
no errors detected

====================================================== search finished: 23/10/18 19:35
  running jpf with args: +mycg.class=gov.nasa.jpf.vm.choice.TypedObjectChoice +mycg.include_null=false +mycg.type=gov.nasa.jpf.test.mc.data.TypedObjectChoiceTest$A
JavaPathfinder core system v8.0 (rev 28c066f86c2cd268b8c9b9959161e3d07c6146c6) - (C) 2005-2014 United States Government. All rights reserved.


====================================================== system under test
gov.nasa.jpf.test.mc.data.TypedObjectChoiceTest.runTestMethod()

====================================================== search started: 23/10/18 19:35
got object: A(1)
got object: A(2)

====================================================== results
no errors detected

====================================================== search finished: 23/10/18 19:35
  running jpf with args: +mycg.class=gov.nasa.jpf.vm.choice.TypedObjectChoice +mycg.include_null=true +mycg.type=gov.nasa.jpf.test.mc.data.TypedObjectChoiceTest$A
JavaPathfinder core system v8.0 (rev 28c066f86c2cd268b8c9b9959161e3d07c6146c6) - (C) 2005-2014 United States Government. All rights reserved.


====================================================== system under test
gov.nasa.jpf.test.mc.data.TypedObjectChoiceTest.runTestMethod()

====================================================== search started: 23/10/18 19:35
got object: null

====================================================== results
no errors detected

====================================================== search finished: 23/10/18 19:35
  running jpf with args: +mycg.class=gov.nasa.jpf.vm.choice.TypedObjectChoice +mycg.include_null=false +mycg.type=gov.nasa.jpf.test.mc.data.TypedObjectChoiceTest$A
JavaPathfinder core system v8.0 (rev 28c066f86c2cd268b8c9b9959161e3d07c6146c6) - (C) 2005-2014 United States Government. All rights reserved.


====================================================== system under test
gov.nasa.jpf.test.mc.data.TypedObjectChoiceTest.runTestMethod()

====================================================== search started: 23/10/18 19:35
got object: A(42)

====================================================== results
no errors detected

====================================================== search finished: 23/10/18 19:35
]]></system-out>
  <system-err><![CDATA[]]></system-err>
</testsuite>
