<?xml version="1.0" encoding="UTF-8"?>
<testsuite name="gov.nasa.jpf.util.IntTableTest" tests="4" skipped="0" failures="0" errors="0" timestamp="2018-10-23T18:36:54" hostname="boombox" time="0.015">
  <properties/>
  <testcase name="testClone" classname="gov.nasa.jpf.util.IntTableTest" time="0.006"/>
  <testcase name="testBasicPut" classname="gov.nasa.jpf.util.IntTableTest" time="0.004"/>
  <testcase name="testStringKeyAdd" classname="gov.nasa.jpf.util.IntTableTest" time="0.003"/>
  <testcase name="testSnapshot" classname="gov.nasa.jpf.util.IntTableTest" time="0.001"/>
  <system-out><![CDATA[-- original table
1 => 1
3 => 3
2 => 2
-- cloned+modified table
14 => 14
13 => 13
3 => 3
18 => 18
17 => 17
2 => 2
12 => 12
11 => 11
1 => 1
16 => 16
15 => 15
19 => 19
10 => 10
{(1=>1),(12345=>12345),(3=>3),(2=>2)}
{(42=>42),(12345=>12345),(2=>2)}
{(1=>1),(12345=>12345),(3=>3),(2=>2)}
]]></system-out>
  <system-err><![CDATA[]]></system-err>
</testsuite>
