<?xml version="1.0" encoding="UTF-8"?>
<!-- Generated by org.testng.reporters.JUnitReportReporter -->
<testsuite hostname="boombox" name="gov.nasa.jpf.constraints.expressions.ExpressionZ3BVTest" tests="1" failures="0" timestamp="25 Oct 2018 06:28:54 GMT" time="0.156" errors="0">
  <testcase name="expressionTest" time="0.156" classname="gov.nasa.jpf.constraints.expressions.ExpressionZ3BVTest"/>
</testsuite> <!-- gov.nasa.jpf.constraints.expressions.ExpressionZ3BVTest -->
