<?xml version="1.0" encoding="UTF-8"?>
<!-- Generated by org.testng.reporters.JUnitReportReporter -->
<testsuite hostname="boombox" name="gov.nasa.jpf.constraints.expressions.IntegerTest" tests="1" failures="0" timestamp="25 Oct 2018 06:28:54 GMT" time="0.026" errors="0">
  <testcase name="testIntegerFunction" time="0.026" classname="gov.nasa.jpf.constraints.expressions.IntegerTest"/>
</testsuite> <!-- gov.nasa.jpf.constraints.expressions.IntegerTest -->
