<?xml version="1.0" encoding="UTF-8"?>
<!-- Generated by org.testng.reporters.JUnitReportReporter -->
<testsuite hostname="boombox" name="gov.nasa.jpf.constraints.solver.ExpressionConversionTest" tests="1" failures="0" timestamp="25 Oct 2018 06:28:54 GMT" time="0.003" errors="0">
  <testcase name="testExpressionConversion" time="0.003" classname="gov.nasa.jpf.constraints.solver.ExpressionConversionTest"/>
</testsuite> <!-- gov.nasa.jpf.constraints.solver.ExpressionConversionTest -->
