<?xml version="1.0" encoding="UTF-8"?>
<!-- Generated by org.testng.reporters.JUnitReportReporter -->
<testsuite hostname="boombox" name="gov.nasa.jpf.constraints.expressions.TrigonometricTest" tests="4" failures="0" timestamp="25 Oct 2018 06:28:54 GMT" time="4.220" errors="0">
  <testcase name="testCoral1" time="0.448" classname="gov.nasa.jpf.constraints.expressions.TrigonometricTest"/>
  <testcase name="testCoral2" time="0.077" classname="gov.nasa.jpf.constraints.expressions.TrigonometricTest"/>
  <testcase name="testTrigonometrics" time="0.083" classname="gov.nasa.jpf.constraints.expressions.TrigonometricTest"/>
  <testcase name="testAtan2" time="3.612" classname="gov.nasa.jpf.constraints.expressions.TrigonometricTest"/>
</testsuite> <!-- gov.nasa.jpf.constraints.expressions.TrigonometricTest -->
